<?xml version="1.0" encoding="UTF-8"?>
<!-- Generated by org.testng.reporters.JUnitXMLReporter -->
<testsuite hostname="CSMBHUL251" ignored="0" name="VerifyLength" tests="30" failures="3" timestamp="2020-07-14T17:26:18 IST" time="259.95" errors="0">
  <testcase name="MaxLengthShouldNotAbove100ForApplicantName" time="40.046" classname="FieldText.VerifyLength"/>
  <testcase name="MaxLengthShouldNotAbove100ForFatherName" time="7.438" classname="FieldText.VerifyLength"/>
  <testcase name="MaxLengthShouldNotAbove100ForMotherName" time="7.436" classname="FieldText.VerifyLength"/>
  <testcase name="MaxLengthShouldNotAbove12ForAadharNumber" time="3.63" classname="FieldText.VerifyLength"/>
  <testcase name="MaxLengthShouldNotAbove10ForMobileNumber" time="3.558" classname="FieldText.VerifyLength"/>
  <testcase name="MaxLengthShouldNotAbove5ForAreaCode" time="3.37" classname="FieldText.VerifyLength"/>
  <testcase name="MaxLengthShouldNotAbove6ForMPinCode" time="3.423" classname="FieldText.VerifyLength"/>
  <testcase name="MaxLengthShouldNotAbove7ForTelephoneNumber" time="3.789" classname="FieldText.VerifyLength"/>
  <testcase name="MaxLengthShouldNotAbove4ForMaximumMark" time="3.302" classname="FieldText.VerifyLength"/>
  <testcase name="MaxLengthShouldNotAbove4ForSecuredMark" time="3.308" classname="FieldText.VerifyLength"/>
  <testcase name="MaxLengthShouldNotAbove4ForEnglish" time="3.305" classname="FieldText.VerifyLength"/>
  <testcase name="MaxLengthShouldNotAbove4ForMath" time="3.279" classname="FieldText.VerifyLength"/>
  <testcase name="MaxLengthShouldNotAbove4ForScience" time="3.263" classname="FieldText.VerifyLength"/>
  <testcase name="MaxLengthShouldNotAbove4ForSocialScience" time="3.259" classname="FieldText.VerifyLength"/>
  <testcase name="MaxLengthShouldNotAbove4ForFailMark" time="3.835" classname="FieldText.VerifyLength"/>
  <testcase name="MaxLengthShouldNotAbove20ForAccountNumber" time="4.274" classname="FieldText.VerifyLength"/>
  <testcase name="MaxLengthShouldNotAbove4ForPassMark" time="3.421" classname="FieldText.VerifyLength"/>
  <testcase name="MaxLengthShouldNotAbove11ForIFSC" time="3.964" classname="FieldText.VerifyLength"/>
  <testcase name="MaxLengthShouldNotAbove9ForMICRCode" time="3.828" classname="FieldText.VerifyLength"/>
  <testcase name="MaxLengthShouldNotAbove100ForBankName" time="7.546" classname="FieldText.VerifyLength"/>
  <testcase name="MaxLengthShouldNotAbove150ForBranchName" time="10.032" classname="FieldText.VerifyLength"/>
  <testcase name="MaxLengthShouldNotAbove300ForSchoolLocation" time="18.159" classname="FieldText.VerifyLength"/>
  <testcase name="MaxLengthShouldNotAbove300ForSchoolName" time="18.749" classname="FieldText.VerifyLength"/>
  <testcase name="MaxLengthShouldNotLess12ForAadharNumber" time="8.334" classname="FieldText.VerifyLength">
    <failure type="java.lang.NullPointerException">
      <![CDATA[java.lang.NullPointerException
at FieldText.VerifyLength.MaxLengthShouldNotLess12ForAadharNumber(VerifyLength.java:1375)
at java.util.ArrayList.forEach(Unknown Source)
... Removed 27 stack frames]]>
    </failure>
  </testcase> <!-- MaxLengthShouldNotLess12ForAadharNumber -->
  <testcase name="MaxLengthShouldNotLess10ForMobileNo" time="0.751" classname="FieldText.VerifyLength">
    <failure type="org.openqa.selenium.UnhandledAlertException" message="unexpected alert open: {Alert text : Invalid Aadhaar number}
  (Session info: chrome=83.0.4103.116): Invalid Aadhaar number
Build info: version: &amp;apos;3.141.59&amp;apos;, revision: &amp;apos;e82be7d358&amp;apos;, time: &amp;apos;2018-11-14T08:17:03&amp;apos;
System info: host: &amp;apos;CSMBHUL251&amp;apos;, ip: &amp;apos;10.0.75.1&amp;apos;, os.name: &amp;apos;Windows 10&amp;apos;, os.arch: &amp;apos;amd64&amp;apos;, os.version: &amp;apos;10.0&amp;apos;, java.version: &amp;apos;1.8.0_181&amp;apos;
Driver info: org.openqa.selenium.chrome.ChromeDriver
Capabilities {acceptInsecureCerts: false, browserName: chrome, browserVersion: 83.0.4103.116, chrome: {chromedriverVersion: 83.0.4103.39 (ccbf011cb2d2b..., userDataDir: C:\Users\SATYAR~1.M\AppData...}, goog:chromeOptions: {debuggerAddress: localhost:53802}, javascriptEnabled: true, networkConnectionEnabled: false, pageLoadStrategy: normal, platform: WINDOWS, platformName: WINDOWS, proxy: Proxy(), setWindowRect: true, strictFileInteractability: false, timeouts: {implicit: 0, pageLoad: 300000, script: 30000}, unhandledPromptBehavior: dismiss and notify, webauthn:virtualAuthenticators: true}
Session ID: 317dab1d8bcd51ff8def7703fb71079b
*** Element info: {Using=id, value=rbtnAnnual}">
      <![CDATA[org.openqa.selenium.UnhandledAlertException: unexpected alert open: {Alert text : Invalid Aadhaar number}
  (Session info: chrome=83.0.4103.116): Invalid Aadhaar number
Build info: version: '3.141.59', revision: 'e82be7d358', time: '2018-11-14T08:17:03'
System info: host: 'CSMBHUL251', ip: '10.0.75.1', os.name: 'Windows 10', os.arch: 'amd64', os.version: '10.0', java.version: '1.8.0_181'
Driver info: org.openqa.selenium.chrome.ChromeDriver
Capabilities {acceptInsecureCerts: false, browserName: chrome, browserVersion: 83.0.4103.116, chrome: {chromedriverVersion: 83.0.4103.39 (ccbf011cb2d2b..., userDataDir: C:\Users\SATYAR~1.M\AppData...}, goog:chromeOptions: {debuggerAddress: localhost:53802}, javascriptEnabled: true, networkConnectionEnabled: false, pageLoadStrategy: normal, platform: WINDOWS, platformName: WINDOWS, proxy: Proxy(), setWindowRect: true, strictFileInteractability: false, timeouts: {implicit: 0, pageLoad: 300000, script: 30000}, unhandledPromptBehavior: dismiss and notify, webauthn:virtualAuthenticators: true}
Session ID: 317dab1d8bcd51ff8def7703fb71079b
*** Element info: {Using=id, value=rbtnAnnual}
at org.openqa.selenium.remote.http.W3CHttpResponseCodec.decode(W3CHttpResponseCodec.java:120)
at org.openqa.selenium.remote.http.W3CHttpResponseCodec.decode(W3CHttpResponseCodec.java:49)
at org.openqa.selenium.remote.HttpCommandExecutor.execute(HttpCommandExecutor.java:158)
at org.openqa.selenium.remote.service.DriverCommandExecutor.execute(DriverCommandExecutor.java:83)
at org.openqa.selenium.remote.RemoteWebDriver.execute(RemoteWebDriver.java:552)
at org.openqa.selenium.remote.RemoteWebDriver.findElement(RemoteWebDriver.java:323)
at org.openqa.selenium.remote.RemoteWebDriver.findElementById(RemoteWebDriver.java:372)
at org.openqa.selenium.By$ById.findElement(By.java:188)
at org.openqa.selenium.remote.RemoteWebDriver.findElement(RemoteWebDriver.java:315)
at Genericlib.CommonFunction.clickOnLocator(CommonFunction.java:256)
at FieldText.VerifyLength.MaxLengthShouldNotLess10ForMobileNo(VerifyLength.java:1431)
at java.util.ArrayList.forEach(Unknown Source)
... Removed 27 stack frames]]>
    </failure>
  </testcase> <!-- MaxLengthShouldNotLess10ForMobileNo -->
  <testcase name="MaxLengthShouldNotLess6ForPinCode" time="28.637" classname="FieldText.VerifyLength"/>
  <testcase name="MaxLengthShouldNotLess3ForAreaCode" time="25.322" classname="FieldText.VerifyLength"/>
  <testcase name="MaxLengthShouldNotLess5ForPhoneNo" time="25.067" classname="FieldText.VerifyLength"/>
  <testcase name="MaxLengthShouldNotLess5ForAccountNumber" time="2.085" classname="FieldText.VerifyLength">
    <failure type="org.openqa.selenium.NoSuchElementException" message="no such element: Unable to locate element: {&amp;quot;method&amp;quot;:&amp;quot;css selector&amp;quot;,&amp;quot;selector&amp;quot;:&amp;quot;#popup_message&amp;quot;}
  (Session info: chrome=83.0.4103.116)
For documentation on this error, please visit: https://www.seleniumhq.org/exceptions/no_such_element.html
Build info: version: &amp;apos;3.141.59&amp;apos;, revision: &amp;apos;e82be7d358&amp;apos;, time: &amp;apos;2018-11-14T08:17:03&amp;apos;
System info: host: &amp;apos;CSMBHUL251&amp;apos;, ip: &amp;apos;10.0.75.1&amp;apos;, os.name: &amp;apos;Windows 10&amp;apos;, os.arch: &amp;apos;amd64&amp;apos;, os.version: &amp;apos;10.0&amp;apos;, java.version: &amp;apos;1.8.0_181&amp;apos;
Driver info: org.openqa.selenium.chrome.ChromeDriver
Capabilities {acceptInsecureCerts: false, browserName: chrome, browserVersion: 83.0.4103.116, chrome: {chromedriverVersion: 83.0.4103.39 (ccbf011cb2d2b..., userDataDir: C:\Users\SATYAR~1.M\AppData...}, goog:chromeOptions: {debuggerAddress: localhost:53802}, javascriptEnabled: true, networkConnectionEnabled: false, pageLoadStrategy: normal, platform: WINDOWS, platformName: WINDOWS, proxy: Proxy(), setWindowRect: true, strictFileInteractability: false, timeouts: {implicit: 0, pageLoad: 300000, script: 30000}, unhandledPromptBehavior: dismiss and notify, webauthn:virtualAuthenticators: true}
Session ID: 317dab1d8bcd51ff8def7703fb71079b
*** Element info: {Using=id, value=popup_message}">
      <![CDATA[org.openqa.selenium.NoSuchElementException: no such element: Unable to locate element: {"method":"css selector","selector":"#popup_message"}
  (Session info: chrome=83.0.4103.116)
For documentation on this error, please visit: https://www.seleniumhq.org/exceptions/no_such_element.html
Build info: version: '3.141.59', revision: 'e82be7d358', time: '2018-11-14T08:17:03'
System info: host: 'CSMBHUL251', ip: '10.0.75.1', os.name: 'Windows 10', os.arch: 'amd64', os.version: '10.0', java.version: '1.8.0_181'
Driver info: org.openqa.selenium.chrome.ChromeDriver
Capabilities {acceptInsecureCerts: false, browserName: chrome, browserVersion: 83.0.4103.116, chrome: {chromedriverVersion: 83.0.4103.39 (ccbf011cb2d2b..., userDataDir: C:\Users\SATYAR~1.M\AppData...}, goog:chromeOptions: {debuggerAddress: localhost:53802}, javascriptEnabled: true, networkConnectionEnabled: false, pageLoadStrategy: normal, platform: WINDOWS, platformName: WINDOWS, proxy: Proxy(), setWindowRect: true, strictFileInteractability: false, timeouts: {implicit: 0, pageLoad: 300000, script: 30000}, unhandledPromptBehavior: dismiss and notify, webauthn:virtualAuthenticators: true}
Session ID: 317dab1d8bcd51ff8def7703fb71079b
*** Element info: {Using=id, value=popup_message}
at org.openqa.selenium.remote.http.W3CHttpResponseCodec.createException(W3CHttpResponseCodec.java:187)
at org.openqa.selenium.remote.http.W3CHttpResponseCodec.decode(W3CHttpResponseCodec.java:122)
at org.openqa.selenium.remote.http.W3CHttpResponseCodec.decode(W3CHttpResponseCodec.java:49)
at org.openqa.selenium.remote.HttpCommandExecutor.execute(HttpCommandExecutor.java:158)
at org.openqa.selenium.remote.service.DriverCommandExecutor.execute(DriverCommandExecutor.java:83)
at org.openqa.selenium.remote.RemoteWebDriver.execute(RemoteWebDriver.java:552)
at org.openqa.selenium.remote.RemoteWebDriver.findElement(RemoteWebDriver.java:323)
at org.openqa.selenium.remote.RemoteWebDriver.findElementById(RemoteWebDriver.java:372)
at org.openqa.selenium.By$ById.findElement(By.java:188)
at org.openqa.selenium.remote.RemoteWebDriver.findElement(RemoteWebDriver.java:315)
at Genericlib.CommonFunction.grtpopup(CommonFunction.java:109)
at FieldText.VerifyLength.MaxLengthShouldNotLess5ForAccountNumber(VerifyLength.java:1841)
at java.util.ArrayList.forEach(Unknown Source)
... Removed 31 stack frames]]>
    </failure>
  </testcase> <!-- MaxLengthShouldNotLess5ForAccountNumber -->
  <testcase name="MaxLengthShouldNotLess11ForIFSC" time="3.442" classname="FieldText.VerifyLength"/>
</testsuite> <!-- VerifyLength -->
