<?xml version="1.0" encoding="UTF-8"?>
<!-- Generated by org.testng.reporters.JUnitXMLReporter -->
<testsuite hostname="CSMBHUL251" ignored="0" name="VerifyMandatroy" tests="40" failures="16" timestamp="2020-07-14T17:38:57 IST" time="758.839" errors="0">
  <testcase name="CheckMandatoryForRollNumber" time="51.063" classname="FieldText.VerifyMandatroy"/>
  <testcase name="CheckMandatoryForApplicantName" time="8.567" classname="FieldText.VerifyMandatroy"/>
  <testcase name="CheckMandatoryForFatherName" time="10.215" classname="FieldText.VerifyMandatroy"/>
  <testcase name="CheckMandatoryForMotherName" time="11.83" classname="FieldText.VerifyMandatroy"/>
  <testcase name="CheckNonMandatoryForBloodGroup" time="13.678" classname="FieldText.VerifyMandatroy"/>
  <testcase name="CheckMandatoryForGender" time="14.943" classname="FieldText.VerifyMandatroy"/>
  <testcase name="CheckMandatoryForReligion" time="16.319" classname="FieldText.VerifyMandatroy"/>
  <testcase name="CheckMandatoryForDay" time="17.946" classname="FieldText.VerifyMandatroy"/>
  <testcase name="CheckMandatoryForMonth" time="19.207" classname="FieldText.VerifyMandatroy"/>
  <testcase name="CheckMandatoryForYear" time="20.867" classname="FieldText.VerifyMandatroy"/>
  <testcase name="CheckMandatoryForNationality" time="23.712" classname="FieldText.VerifyMandatroy"/>
  <testcase name="CheckMandatoryForMotherTongue" time="25.216" classname="FieldText.VerifyMandatroy"/>
  <testcase name="CheckNonMandatoryForAadharNumber" time="25.058" classname="FieldText.VerifyMandatroy"/>
  <testcase name="CheckMandatoryForMobileNumber" time="26.495" classname="FieldText.VerifyMandatroy"/>
  <testcase name="CheckMandatoryForState" time="34.078" classname="FieldText.VerifyMandatroy"/>
  <testcase name="CheckMandatoryForDistrict" time="36.369" classname="FieldText.VerifyMandatroy"/>
  <testcase name="CheckMandatoryForBlock" time="37.8" classname="FieldText.VerifyMandatroy"/>
  <testcase name="CheckMandatoryForHouseNo" time="38.028" classname="FieldText.VerifyMandatroy"/>
  <testcase name="CheckNonMandatoryForPinCode" time="39.606" classname="FieldText.VerifyMandatroy"/>
  <testcase name="CheckNonMandatoryForEmail" time="41.983" classname="FieldText.VerifyMandatroy"/>
  <testcase name="CheckNonMandatoryForAreaCode" time="43.632" classname="FieldText.VerifyMandatroy"/>
  <testcase name="CheckNonMandatoryForPhoneNo" time="45.974" classname="FieldText.VerifyMandatroy"/>
  <testcase name="CheckMandatoryForMaximumMark" time="45.691" classname="FieldText.VerifyMandatroy"/>
  <testcase name="CheckMandatoryForSecuredMark" time="47.237" classname="FieldText.VerifyMandatroy"/>
  <testcase name="CheckMandatoryForEnglish" time="4.008" classname="FieldText.VerifyMandatroy">
    <failure type="org.openqa.selenium.ElementClickInterceptedException" message="element click intercepted: Element &amp;lt;input id=&amp;quot;rbtnAnnual&amp;quot; type=&amp;quot;radio&amp;quot; name=&amp;quot;Exam&amp;quot; value=&amp;quot;rbtnAnnual&amp;quot;&amp;gt; is not clickable at point (841, 6). Other element would receive the click: &amp;lt;div id=&amp;quot;popup_overlay&amp;quot; style=&amp;quot;position: absolute; z-index: 99998; top: 0px; left: 0px; width: 100%; height: 2963px; background: rgba(0, 0, 0, 0.5);&amp;quot;&amp;gt;&amp;lt;/div&amp;gt;
  (Session info: chrome=83.0.4103.116)
Build info: version: &amp;apos;3.141.59&amp;apos;, revision: &amp;apos;e82be7d358&amp;apos;, time: &amp;apos;2018-11-14T08:17:03&amp;apos;
System info: host: &amp;apos;CSMBHUL251&amp;apos;, ip: &amp;apos;10.0.75.1&amp;apos;, os.name: &amp;apos;Windows 10&amp;apos;, os.arch: &amp;apos;amd64&amp;apos;, os.version: &amp;apos;10.0&amp;apos;, java.version: &amp;apos;1.8.0_181&amp;apos;
Driver info: org.openqa.selenium.chrome.ChromeDriver
Capabilities {acceptInsecureCerts: false, browserName: chrome, browserVersion: 83.0.4103.116, chrome: {chromedriverVersion: 83.0.4103.39 (ccbf011cb2d2b..., userDataDir: C:\Users\SATYAR~1.M\AppData...}, goog:chromeOptions: {debuggerAddress: localhost:53937}, javascriptEnabled: true, networkConnectionEnabled: false, pageLoadStrategy: normal, platform: WINDOWS, platformName: WINDOWS, proxy: Proxy(), setWindowRect: true, strictFileInteractability: false, timeouts: {implicit: 0, pageLoad: 300000, script: 30000}, unhandledPromptBehavior: dismiss and notify, webauthn:virtualAuthenticators: true}
Session ID: 380651d56db984fa7b5540f8f3ae9bde">
      <![CDATA[org.openqa.selenium.ElementClickInterceptedException: element click intercepted: Element <input id="rbtnAnnual" type="radio" name="Exam" value="rbtnAnnual"> is not clickable at point (841, 6). Other element would receive the click: <div id="popup_overlay" style="position: absolute; z-index: 99998; top: 0px; left: 0px; width: 100%; height: 2963px; background: rgba(0, 0, 0, 0.5);"></div>
  (Session info: chrome=83.0.4103.116)
Build info: version: '3.141.59', revision: 'e82be7d358', time: '2018-11-14T08:17:03'
System info: host: 'CSMBHUL251', ip: '10.0.75.1', os.name: 'Windows 10', os.arch: 'amd64', os.version: '10.0', java.version: '1.8.0_181'
Driver info: org.openqa.selenium.chrome.ChromeDriver
Capabilities {acceptInsecureCerts: false, browserName: chrome, browserVersion: 83.0.4103.116, chrome: {chromedriverVersion: 83.0.4103.39 (ccbf011cb2d2b..., userDataDir: C:\Users\SATYAR~1.M\AppData...}, goog:chromeOptions: {debuggerAddress: localhost:53937}, javascriptEnabled: true, networkConnectionEnabled: false, pageLoadStrategy: normal, platform: WINDOWS, platformName: WINDOWS, proxy: Proxy(), setWindowRect: true, strictFileInteractability: false, timeouts: {implicit: 0, pageLoad: 300000, script: 30000}, unhandledPromptBehavior: dismiss and notify, webauthn:virtualAuthenticators: true}
Session ID: 380651d56db984fa7b5540f8f3ae9bde
at org.openqa.selenium.remote.http.W3CHttpResponseCodec.createException(W3CHttpResponseCodec.java:187)
at org.openqa.selenium.remote.http.W3CHttpResponseCodec.decode(W3CHttpResponseCodec.java:122)
at org.openqa.selenium.remote.http.W3CHttpResponseCodec.decode(W3CHttpResponseCodec.java:49)
at org.openqa.selenium.remote.HttpCommandExecutor.execute(HttpCommandExecutor.java:158)
at org.openqa.selenium.remote.service.DriverCommandExecutor.execute(DriverCommandExecutor.java:83)
at org.openqa.selenium.remote.RemoteWebDriver.execute(RemoteWebDriver.java:552)
at org.openqa.selenium.remote.RemoteWebElement.execute(RemoteWebElement.java:285)
at org.openqa.selenium.remote.RemoteWebElement.click(RemoteWebElement.java:84)
at Genericlib.CommonFunction.clickOnLocator(CommonFunction.java:257)
at FieldText.VerifyMandatroy.CheckMandatoryForEnglish(VerifyMandatroy.java:3045)
at java.util.ArrayList.forEach(Unknown Source)
... Removed 31 stack frames]]>
    </failure>
  </testcase> <!-- CheckMandatoryForEnglish -->
  <testcase name="CheckMandatoryForMath" time="3.983" classname="FieldText.VerifyMandatroy">
    <failure type="org.openqa.selenium.ElementClickInterceptedException" message="element click intercepted: Element &amp;lt;input id=&amp;quot;rbtnAnnual&amp;quot; type=&amp;quot;radio&amp;quot; name=&amp;quot;Exam&amp;quot; value=&amp;quot;rbtnAnnual&amp;quot;&amp;gt; is not clickable at point (841, 6). Other element would receive the click: &amp;lt;div id=&amp;quot;popup_overlay&amp;quot; style=&amp;quot;position: absolute; z-index: 99998; top: 0px; left: 0px; width: 100%; height: 2963px; background: rgba(0, 0, 0, 0.5);&amp;quot;&amp;gt;&amp;lt;/div&amp;gt;
  (Session info: chrome=83.0.4103.116)
Build info: version: &amp;apos;3.141.59&amp;apos;, revision: &amp;apos;e82be7d358&amp;apos;, time: &amp;apos;2018-11-14T08:17:03&amp;apos;
System info: host: &amp;apos;CSMBHUL251&amp;apos;, ip: &amp;apos;10.0.75.1&amp;apos;, os.name: &amp;apos;Windows 10&amp;apos;, os.arch: &amp;apos;amd64&amp;apos;, os.version: &amp;apos;10.0&amp;apos;, java.version: &amp;apos;1.8.0_181&amp;apos;
Driver info: org.openqa.selenium.chrome.ChromeDriver
Capabilities {acceptInsecureCerts: false, browserName: chrome, browserVersion: 83.0.4103.116, chrome: {chromedriverVersion: 83.0.4103.39 (ccbf011cb2d2b..., userDataDir: C:\Users\SATYAR~1.M\AppData...}, goog:chromeOptions: {debuggerAddress: localhost:53937}, javascriptEnabled: true, networkConnectionEnabled: false, pageLoadStrategy: normal, platform: WINDOWS, platformName: WINDOWS, proxy: Proxy(), setWindowRect: true, strictFileInteractability: false, timeouts: {implicit: 0, pageLoad: 300000, script: 30000}, unhandledPromptBehavior: dismiss and notify, webauthn:virtualAuthenticators: true}
Session ID: 380651d56db984fa7b5540f8f3ae9bde">
      <![CDATA[org.openqa.selenium.ElementClickInterceptedException: element click intercepted: Element <input id="rbtnAnnual" type="radio" name="Exam" value="rbtnAnnual"> is not clickable at point (841, 6). Other element would receive the click: <div id="popup_overlay" style="position: absolute; z-index: 99998; top: 0px; left: 0px; width: 100%; height: 2963px; background: rgba(0, 0, 0, 0.5);"></div>
  (Session info: chrome=83.0.4103.116)
Build info: version: '3.141.59', revision: 'e82be7d358', time: '2018-11-14T08:17:03'
System info: host: 'CSMBHUL251', ip: '10.0.75.1', os.name: 'Windows 10', os.arch: 'amd64', os.version: '10.0', java.version: '1.8.0_181'
Driver info: org.openqa.selenium.chrome.ChromeDriver
Capabilities {acceptInsecureCerts: false, browserName: chrome, browserVersion: 83.0.4103.116, chrome: {chromedriverVersion: 83.0.4103.39 (ccbf011cb2d2b..., userDataDir: C:\Users\SATYAR~1.M\AppData...}, goog:chromeOptions: {debuggerAddress: localhost:53937}, javascriptEnabled: true, networkConnectionEnabled: false, pageLoadStrategy: normal, platform: WINDOWS, platformName: WINDOWS, proxy: Proxy(), setWindowRect: true, strictFileInteractability: false, timeouts: {implicit: 0, pageLoad: 300000, script: 30000}, unhandledPromptBehavior: dismiss and notify, webauthn:virtualAuthenticators: true}
Session ID: 380651d56db984fa7b5540f8f3ae9bde
at org.openqa.selenium.remote.http.W3CHttpResponseCodec.createException(W3CHttpResponseCodec.java:187)
at org.openqa.selenium.remote.http.W3CHttpResponseCodec.decode(W3CHttpResponseCodec.java:122)
at org.openqa.selenium.remote.http.W3CHttpResponseCodec.decode(W3CHttpResponseCodec.java:49)
at org.openqa.selenium.remote.HttpCommandExecutor.execute(HttpCommandExecutor.java:158)
at org.openqa.selenium.remote.service.DriverCommandExecutor.execute(DriverCommandExecutor.java:83)
at org.openqa.selenium.remote.RemoteWebDriver.execute(RemoteWebDriver.java:552)
at org.openqa.selenium.remote.RemoteWebElement.execute(RemoteWebElement.java:285)
at org.openqa.selenium.remote.RemoteWebElement.click(RemoteWebElement.java:84)
at Genericlib.CommonFunction.clickOnLocator(CommonFunction.java:257)
at FieldText.VerifyMandatroy.CheckMandatoryForMath(VerifyMandatroy.java:3242)
at java.util.ArrayList.forEach(Unknown Source)
... Removed 31 stack frames]]>
    </failure>
  </testcase> <!-- CheckMandatoryForMath -->
  <testcase name="CheckMandatoryForScience" time="3.936" classname="FieldText.VerifyMandatroy">
    <failure type="org.openqa.selenium.ElementClickInterceptedException" message="element click intercepted: Element &amp;lt;input id=&amp;quot;rbtnAnnual&amp;quot; type=&amp;quot;radio&amp;quot; name=&amp;quot;Exam&amp;quot; value=&amp;quot;rbtnAnnual&amp;quot;&amp;gt; is not clickable at point (841, 6). Other element would receive the click: &amp;lt;div id=&amp;quot;popup_overlay&amp;quot; style=&amp;quot;position: absolute; z-index: 99998; top: 0px; left: 0px; width: 100%; height: 2963px; background: rgba(0, 0, 0, 0.5);&amp;quot;&amp;gt;&amp;lt;/div&amp;gt;
  (Session info: chrome=83.0.4103.116)
Build info: version: &amp;apos;3.141.59&amp;apos;, revision: &amp;apos;e82be7d358&amp;apos;, time: &amp;apos;2018-11-14T08:17:03&amp;apos;
System info: host: &amp;apos;CSMBHUL251&amp;apos;, ip: &amp;apos;10.0.75.1&amp;apos;, os.name: &amp;apos;Windows 10&amp;apos;, os.arch: &amp;apos;amd64&amp;apos;, os.version: &amp;apos;10.0&amp;apos;, java.version: &amp;apos;1.8.0_181&amp;apos;
Driver info: org.openqa.selenium.chrome.ChromeDriver
Capabilities {acceptInsecureCerts: false, browserName: chrome, browserVersion: 83.0.4103.116, chrome: {chromedriverVersion: 83.0.4103.39 (ccbf011cb2d2b..., userDataDir: C:\Users\SATYAR~1.M\AppData...}, goog:chromeOptions: {debuggerAddress: localhost:53937}, javascriptEnabled: true, networkConnectionEnabled: false, pageLoadStrategy: normal, platform: WINDOWS, platformName: WINDOWS, proxy: Proxy(), setWindowRect: true, strictFileInteractability: false, timeouts: {implicit: 0, pageLoad: 300000, script: 30000}, unhandledPromptBehavior: dismiss and notify, webauthn:virtualAuthenticators: true}
Session ID: 380651d56db984fa7b5540f8f3ae9bde">
      <![CDATA[org.openqa.selenium.ElementClickInterceptedException: element click intercepted: Element <input id="rbtnAnnual" type="radio" name="Exam" value="rbtnAnnual"> is not clickable at point (841, 6). Other element would receive the click: <div id="popup_overlay" style="position: absolute; z-index: 99998; top: 0px; left: 0px; width: 100%; height: 2963px; background: rgba(0, 0, 0, 0.5);"></div>
  (Session info: chrome=83.0.4103.116)
Build info: version: '3.141.59', revision: 'e82be7d358', time: '2018-11-14T08:17:03'
System info: host: 'CSMBHUL251', ip: '10.0.75.1', os.name: 'Windows 10', os.arch: 'amd64', os.version: '10.0', java.version: '1.8.0_181'
Driver info: org.openqa.selenium.chrome.ChromeDriver
Capabilities {acceptInsecureCerts: false, browserName: chrome, browserVersion: 83.0.4103.116, chrome: {chromedriverVersion: 83.0.4103.39 (ccbf011cb2d2b..., userDataDir: C:\Users\SATYAR~1.M\AppData...}, goog:chromeOptions: {debuggerAddress: localhost:53937}, javascriptEnabled: true, networkConnectionEnabled: false, pageLoadStrategy: normal, platform: WINDOWS, platformName: WINDOWS, proxy: Proxy(), setWindowRect: true, strictFileInteractability: false, timeouts: {implicit: 0, pageLoad: 300000, script: 30000}, unhandledPromptBehavior: dismiss and notify, webauthn:virtualAuthenticators: true}
Session ID: 380651d56db984fa7b5540f8f3ae9bde
at org.openqa.selenium.remote.http.W3CHttpResponseCodec.createException(W3CHttpResponseCodec.java:187)
at org.openqa.selenium.remote.http.W3CHttpResponseCodec.decode(W3CHttpResponseCodec.java:122)
at org.openqa.selenium.remote.http.W3CHttpResponseCodec.decode(W3CHttpResponseCodec.java:49)
at org.openqa.selenium.remote.HttpCommandExecutor.execute(HttpCommandExecutor.java:158)
at org.openqa.selenium.remote.service.DriverCommandExecutor.execute(DriverCommandExecutor.java:83)
at org.openqa.selenium.remote.RemoteWebDriver.execute(RemoteWebDriver.java:552)
at org.openqa.selenium.remote.RemoteWebElement.execute(RemoteWebElement.java:285)
at org.openqa.selenium.remote.RemoteWebElement.click(RemoteWebElement.java:84)
at Genericlib.CommonFunction.clickOnLocator(CommonFunction.java:257)
at FieldText.VerifyMandatroy.CheckMandatoryForScience(VerifyMandatroy.java:3444)
at java.util.ArrayList.forEach(Unknown Source)
... Removed 31 stack frames]]>
    </failure>
  </testcase> <!-- CheckMandatoryForScience -->
  <testcase name="CheckMandatoryForSocialScience" time="3.95" classname="FieldText.VerifyMandatroy">
    <failure type="org.openqa.selenium.ElementClickInterceptedException" message="element click intercepted: Element &amp;lt;input id=&amp;quot;rbtnAnnual&amp;quot; type=&amp;quot;radio&amp;quot; name=&amp;quot;Exam&amp;quot; value=&amp;quot;rbtnAnnual&amp;quot;&amp;gt; is not clickable at point (841, 6). Other element would receive the click: &amp;lt;div id=&amp;quot;popup_overlay&amp;quot; style=&amp;quot;position: absolute; z-index: 99998; top: 0px; left: 0px; width: 100%; height: 2963px; background: rgba(0, 0, 0, 0.5);&amp;quot;&amp;gt;&amp;lt;/div&amp;gt;
  (Session info: chrome=83.0.4103.116)
Build info: version: &amp;apos;3.141.59&amp;apos;, revision: &amp;apos;e82be7d358&amp;apos;, time: &amp;apos;2018-11-14T08:17:03&amp;apos;
System info: host: &amp;apos;CSMBHUL251&amp;apos;, ip: &amp;apos;10.0.75.1&amp;apos;, os.name: &amp;apos;Windows 10&amp;apos;, os.arch: &amp;apos;amd64&amp;apos;, os.version: &amp;apos;10.0&amp;apos;, java.version: &amp;apos;1.8.0_181&amp;apos;
Driver info: org.openqa.selenium.chrome.ChromeDriver
Capabilities {acceptInsecureCerts: false, browserName: chrome, browserVersion: 83.0.4103.116, chrome: {chromedriverVersion: 83.0.4103.39 (ccbf011cb2d2b..., userDataDir: C:\Users\SATYAR~1.M\AppData...}, goog:chromeOptions: {debuggerAddress: localhost:53937}, javascriptEnabled: true, networkConnectionEnabled: false, pageLoadStrategy: normal, platform: WINDOWS, platformName: WINDOWS, proxy: Proxy(), setWindowRect: true, strictFileInteractability: false, timeouts: {implicit: 0, pageLoad: 300000, script: 30000}, unhandledPromptBehavior: dismiss and notify, webauthn:virtualAuthenticators: true}
Session ID: 380651d56db984fa7b5540f8f3ae9bde">
      <![CDATA[org.openqa.selenium.ElementClickInterceptedException: element click intercepted: Element <input id="rbtnAnnual" type="radio" name="Exam" value="rbtnAnnual"> is not clickable at point (841, 6). Other element would receive the click: <div id="popup_overlay" style="position: absolute; z-index: 99998; top: 0px; left: 0px; width: 100%; height: 2963px; background: rgba(0, 0, 0, 0.5);"></div>
  (Session info: chrome=83.0.4103.116)
Build info: version: '3.141.59', revision: 'e82be7d358', time: '2018-11-14T08:17:03'
System info: host: 'CSMBHUL251', ip: '10.0.75.1', os.name: 'Windows 10', os.arch: 'amd64', os.version: '10.0', java.version: '1.8.0_181'
Driver info: org.openqa.selenium.chrome.ChromeDriver
Capabilities {acceptInsecureCerts: false, browserName: chrome, browserVersion: 83.0.4103.116, chrome: {chromedriverVersion: 83.0.4103.39 (ccbf011cb2d2b..., userDataDir: C:\Users\SATYAR~1.M\AppData...}, goog:chromeOptions: {debuggerAddress: localhost:53937}, javascriptEnabled: true, networkConnectionEnabled: false, pageLoadStrategy: normal, platform: WINDOWS, platformName: WINDOWS, proxy: Proxy(), setWindowRect: true, strictFileInteractability: false, timeouts: {implicit: 0, pageLoad: 300000, script: 30000}, unhandledPromptBehavior: dismiss and notify, webauthn:virtualAuthenticators: true}
Session ID: 380651d56db984fa7b5540f8f3ae9bde
at org.openqa.selenium.remote.http.W3CHttpResponseCodec.createException(W3CHttpResponseCodec.java:187)
at org.openqa.selenium.remote.http.W3CHttpResponseCodec.decode(W3CHttpResponseCodec.java:122)
at org.openqa.selenium.remote.http.W3CHttpResponseCodec.decode(W3CHttpResponseCodec.java:49)
at org.openqa.selenium.remote.HttpCommandExecutor.execute(HttpCommandExecutor.java:158)
at org.openqa.selenium.remote.service.DriverCommandExecutor.execute(DriverCommandExecutor.java:83)
at org.openqa.selenium.remote.RemoteWebDriver.execute(RemoteWebDriver.java:552)
at org.openqa.selenium.remote.RemoteWebElement.execute(RemoteWebElement.java:285)
at org.openqa.selenium.remote.RemoteWebElement.click(RemoteWebElement.java:84)
at Genericlib.CommonFunction.clickOnLocator(CommonFunction.java:257)
at FieldText.VerifyMandatroy.CheckMandatoryForSocialScience(VerifyMandatroy.java:3652)
at java.util.ArrayList.forEach(Unknown Source)
... Removed 31 stack frames]]>
    </failure>
  </testcase> <!-- CheckMandatoryForSocialScience -->
  <testcase name="CheckMandatoryForGrade" time="3.951" classname="FieldText.VerifyMandatroy">
    <failure type="org.openqa.selenium.ElementClickInterceptedException" message="element click intercepted: Element &amp;lt;input id=&amp;quot;rbtnAnnual&amp;quot; type=&amp;quot;radio&amp;quot; name=&amp;quot;Exam&amp;quot; value=&amp;quot;rbtnAnnual&amp;quot;&amp;gt; is not clickable at point (841, 6). Other element would receive the click: &amp;lt;div id=&amp;quot;popup_overlay&amp;quot; style=&amp;quot;position: absolute; z-index: 99998; top: 0px; left: 0px; width: 100%; height: 2963px; background: rgba(0, 0, 0, 0.5);&amp;quot;&amp;gt;&amp;lt;/div&amp;gt;
  (Session info: chrome=83.0.4103.116)
Build info: version: &amp;apos;3.141.59&amp;apos;, revision: &amp;apos;e82be7d358&amp;apos;, time: &amp;apos;2018-11-14T08:17:03&amp;apos;
System info: host: &amp;apos;CSMBHUL251&amp;apos;, ip: &amp;apos;10.0.75.1&amp;apos;, os.name: &amp;apos;Windows 10&amp;apos;, os.arch: &amp;apos;amd64&amp;apos;, os.version: &amp;apos;10.0&amp;apos;, java.version: &amp;apos;1.8.0_181&amp;apos;
Driver info: org.openqa.selenium.chrome.ChromeDriver
Capabilities {acceptInsecureCerts: false, browserName: chrome, browserVersion: 83.0.4103.116, chrome: {chromedriverVersion: 83.0.4103.39 (ccbf011cb2d2b..., userDataDir: C:\Users\SATYAR~1.M\AppData...}, goog:chromeOptions: {debuggerAddress: localhost:53937}, javascriptEnabled: true, networkConnectionEnabled: false, pageLoadStrategy: normal, platform: WINDOWS, platformName: WINDOWS, proxy: Proxy(), setWindowRect: true, strictFileInteractability: false, timeouts: {implicit: 0, pageLoad: 300000, script: 30000}, unhandledPromptBehavior: dismiss and notify, webauthn:virtualAuthenticators: true}
Session ID: 380651d56db984fa7b5540f8f3ae9bde">
      <![CDATA[org.openqa.selenium.ElementClickInterceptedException: element click intercepted: Element <input id="rbtnAnnual" type="radio" name="Exam" value="rbtnAnnual"> is not clickable at point (841, 6). Other element would receive the click: <div id="popup_overlay" style="position: absolute; z-index: 99998; top: 0px; left: 0px; width: 100%; height: 2963px; background: rgba(0, 0, 0, 0.5);"></div>
  (Session info: chrome=83.0.4103.116)
Build info: version: '3.141.59', revision: 'e82be7d358', time: '2018-11-14T08:17:03'
System info: host: 'CSMBHUL251', ip: '10.0.75.1', os.name: 'Windows 10', os.arch: 'amd64', os.version: '10.0', java.version: '1.8.0_181'
Driver info: org.openqa.selenium.chrome.ChromeDriver
Capabilities {acceptInsecureCerts: false, browserName: chrome, browserVersion: 83.0.4103.116, chrome: {chromedriverVersion: 83.0.4103.39 (ccbf011cb2d2b..., userDataDir: C:\Users\SATYAR~1.M\AppData...}, goog:chromeOptions: {debuggerAddress: localhost:53937}, javascriptEnabled: true, networkConnectionEnabled: false, pageLoadStrategy: normal, platform: WINDOWS, platformName: WINDOWS, proxy: Proxy(), setWindowRect: true, strictFileInteractability: false, timeouts: {implicit: 0, pageLoad: 300000, script: 30000}, unhandledPromptBehavior: dismiss and notify, webauthn:virtualAuthenticators: true}
Session ID: 380651d56db984fa7b5540f8f3ae9bde
at org.openqa.selenium.remote.http.W3CHttpResponseCodec.createException(W3CHttpResponseCodec.java:187)
at org.openqa.selenium.remote.http.W3CHttpResponseCodec.decode(W3CHttpResponseCodec.java:122)
at org.openqa.selenium.remote.http.W3CHttpResponseCodec.decode(W3CHttpResponseCodec.java:49)
at org.openqa.selenium.remote.HttpCommandExecutor.execute(HttpCommandExecutor.java:158)
at org.openqa.selenium.remote.service.DriverCommandExecutor.execute(DriverCommandExecutor.java:83)
at org.openqa.selenium.remote.RemoteWebDriver.execute(RemoteWebDriver.java:552)
at org.openqa.selenium.remote.RemoteWebElement.execute(RemoteWebElement.java:285)
at org.openqa.selenium.remote.RemoteWebElement.click(RemoteWebElement.java:84)
at Genericlib.CommonFunction.clickOnLocator(CommonFunction.java:257)
at FieldText.VerifyMandatroy.CheckMandatoryForGrade(VerifyMandatroy.java:3866)
at java.util.ArrayList.forEach(Unknown Source)
... Removed 31 stack frames]]>
    </failure>
  </testcase> <!-- CheckMandatoryForGrade -->
  <testcase name="CheckMandatoryForFatherOccupation" time="3.887" classname="FieldText.VerifyMandatroy">
    <failure type="org.openqa.selenium.ElementClickInterceptedException" message="element click intercepted: Element &amp;lt;input id=&amp;quot;rbtnAnnual&amp;quot; type=&amp;quot;radio&amp;quot; name=&amp;quot;Exam&amp;quot; value=&amp;quot;rbtnAnnual&amp;quot;&amp;gt; is not clickable at point (841, 6). Other element would receive the click: &amp;lt;div id=&amp;quot;popup_overlay&amp;quot; style=&amp;quot;position: absolute; z-index: 99998; top: 0px; left: 0px; width: 100%; height: 2963px; background: rgba(0, 0, 0, 0.5);&amp;quot;&amp;gt;&amp;lt;/div&amp;gt;
  (Session info: chrome=83.0.4103.116)
Build info: version: &amp;apos;3.141.59&amp;apos;, revision: &amp;apos;e82be7d358&amp;apos;, time: &amp;apos;2018-11-14T08:17:03&amp;apos;
System info: host: &amp;apos;CSMBHUL251&amp;apos;, ip: &amp;apos;10.0.75.1&amp;apos;, os.name: &amp;apos;Windows 10&amp;apos;, os.arch: &amp;apos;amd64&amp;apos;, os.version: &amp;apos;10.0&amp;apos;, java.version: &amp;apos;1.8.0_181&amp;apos;
Driver info: org.openqa.selenium.chrome.ChromeDriver
Capabilities {acceptInsecureCerts: false, browserName: chrome, browserVersion: 83.0.4103.116, chrome: {chromedriverVersion: 83.0.4103.39 (ccbf011cb2d2b..., userDataDir: C:\Users\SATYAR~1.M\AppData...}, goog:chromeOptions: {debuggerAddress: localhost:53937}, javascriptEnabled: true, networkConnectionEnabled: false, pageLoadStrategy: normal, platform: WINDOWS, platformName: WINDOWS, proxy: Proxy(), setWindowRect: true, strictFileInteractability: false, timeouts: {implicit: 0, pageLoad: 300000, script: 30000}, unhandledPromptBehavior: dismiss and notify, webauthn:virtualAuthenticators: true}
Session ID: 380651d56db984fa7b5540f8f3ae9bde">
      <![CDATA[org.openqa.selenium.ElementClickInterceptedException: element click intercepted: Element <input id="rbtnAnnual" type="radio" name="Exam" value="rbtnAnnual"> is not clickable at point (841, 6). Other element would receive the click: <div id="popup_overlay" style="position: absolute; z-index: 99998; top: 0px; left: 0px; width: 100%; height: 2963px; background: rgba(0, 0, 0, 0.5);"></div>
  (Session info: chrome=83.0.4103.116)
Build info: version: '3.141.59', revision: 'e82be7d358', time: '2018-11-14T08:17:03'
System info: host: 'CSMBHUL251', ip: '10.0.75.1', os.name: 'Windows 10', os.arch: 'amd64', os.version: '10.0', java.version: '1.8.0_181'
Driver info: org.openqa.selenium.chrome.ChromeDriver
Capabilities {acceptInsecureCerts: false, browserName: chrome, browserVersion: 83.0.4103.116, chrome: {chromedriverVersion: 83.0.4103.39 (ccbf011cb2d2b..., userDataDir: C:\Users\SATYAR~1.M\AppData...}, goog:chromeOptions: {debuggerAddress: localhost:53937}, javascriptEnabled: true, networkConnectionEnabled: false, pageLoadStrategy: normal, platform: WINDOWS, platformName: WINDOWS, proxy: Proxy(), setWindowRect: true, strictFileInteractability: false, timeouts: {implicit: 0, pageLoad: 300000, script: 30000}, unhandledPromptBehavior: dismiss and notify, webauthn:virtualAuthenticators: true}
Session ID: 380651d56db984fa7b5540f8f3ae9bde
at org.openqa.selenium.remote.http.W3CHttpResponseCodec.createException(W3CHttpResponseCodec.java:187)
at org.openqa.selenium.remote.http.W3CHttpResponseCodec.decode(W3CHttpResponseCodec.java:122)
at org.openqa.selenium.remote.http.W3CHttpResponseCodec.decode(W3CHttpResponseCodec.java:49)
at org.openqa.selenium.remote.HttpCommandExecutor.execute(HttpCommandExecutor.java:158)
at org.openqa.selenium.remote.service.DriverCommandExecutor.execute(DriverCommandExecutor.java:83)
at org.openqa.selenium.remote.RemoteWebDriver.execute(RemoteWebDriver.java:552)
at org.openqa.selenium.remote.RemoteWebElement.execute(RemoteWebElement.java:285)
at org.openqa.selenium.remote.RemoteWebElement.click(RemoteWebElement.java:84)
at Genericlib.CommonFunction.clickOnLocator(CommonFunction.java:257)
at FieldText.VerifyMandatroy.CheckMandatoryForFatherOccupation(VerifyMandatroy.java:4087)
at java.util.ArrayList.forEach(Unknown Source)
... Removed 31 stack frames]]>
    </failure>
  </testcase> <!-- CheckMandatoryForFatherOccupation -->
  <testcase name="CheckMandatoryForMotherOccupation" time="3.935" classname="FieldText.VerifyMandatroy">
    <failure type="org.openqa.selenium.ElementClickInterceptedException" message="element click intercepted: Element &amp;lt;input id=&amp;quot;rbtnAnnual&amp;quot; type=&amp;quot;radio&amp;quot; name=&amp;quot;Exam&amp;quot; value=&amp;quot;rbtnAnnual&amp;quot;&amp;gt; is not clickable at point (841, 6). Other element would receive the click: &amp;lt;div id=&amp;quot;popup_overlay&amp;quot; style=&amp;quot;position: absolute; z-index: 99998; top: 0px; left: 0px; width: 100%; height: 2963px; background: rgba(0, 0, 0, 0.5);&amp;quot;&amp;gt;&amp;lt;/div&amp;gt;
  (Session info: chrome=83.0.4103.116)
Build info: version: &amp;apos;3.141.59&amp;apos;, revision: &amp;apos;e82be7d358&amp;apos;, time: &amp;apos;2018-11-14T08:17:03&amp;apos;
System info: host: &amp;apos;CSMBHUL251&amp;apos;, ip: &amp;apos;10.0.75.1&amp;apos;, os.name: &amp;apos;Windows 10&amp;apos;, os.arch: &amp;apos;amd64&amp;apos;, os.version: &amp;apos;10.0&amp;apos;, java.version: &amp;apos;1.8.0_181&amp;apos;
Driver info: org.openqa.selenium.chrome.ChromeDriver
Capabilities {acceptInsecureCerts: false, browserName: chrome, browserVersion: 83.0.4103.116, chrome: {chromedriverVersion: 83.0.4103.39 (ccbf011cb2d2b..., userDataDir: C:\Users\SATYAR~1.M\AppData...}, goog:chromeOptions: {debuggerAddress: localhost:53937}, javascriptEnabled: true, networkConnectionEnabled: false, pageLoadStrategy: normal, platform: WINDOWS, platformName: WINDOWS, proxy: Proxy(), setWindowRect: true, strictFileInteractability: false, timeouts: {implicit: 0, pageLoad: 300000, script: 30000}, unhandledPromptBehavior: dismiss and notify, webauthn:virtualAuthenticators: true}
Session ID: 380651d56db984fa7b5540f8f3ae9bde">
      <![CDATA[org.openqa.selenium.ElementClickInterceptedException: element click intercepted: Element <input id="rbtnAnnual" type="radio" name="Exam" value="rbtnAnnual"> is not clickable at point (841, 6). Other element would receive the click: <div id="popup_overlay" style="position: absolute; z-index: 99998; top: 0px; left: 0px; width: 100%; height: 2963px; background: rgba(0, 0, 0, 0.5);"></div>
  (Session info: chrome=83.0.4103.116)
Build info: version: '3.141.59', revision: 'e82be7d358', time: '2018-11-14T08:17:03'
System info: host: 'CSMBHUL251', ip: '10.0.75.1', os.name: 'Windows 10', os.arch: 'amd64', os.version: '10.0', java.version: '1.8.0_181'
Driver info: org.openqa.selenium.chrome.ChromeDriver
Capabilities {acceptInsecureCerts: false, browserName: chrome, browserVersion: 83.0.4103.116, chrome: {chromedriverVersion: 83.0.4103.39 (ccbf011cb2d2b..., userDataDir: C:\Users\SATYAR~1.M\AppData...}, goog:chromeOptions: {debuggerAddress: localhost:53937}, javascriptEnabled: true, networkConnectionEnabled: false, pageLoadStrategy: normal, platform: WINDOWS, platformName: WINDOWS, proxy: Proxy(), setWindowRect: true, strictFileInteractability: false, timeouts: {implicit: 0, pageLoad: 300000, script: 30000}, unhandledPromptBehavior: dismiss and notify, webauthn:virtualAuthenticators: true}
Session ID: 380651d56db984fa7b5540f8f3ae9bde
at org.openqa.selenium.remote.http.W3CHttpResponseCodec.createException(W3CHttpResponseCodec.java:187)
at org.openqa.selenium.remote.http.W3CHttpResponseCodec.decode(W3CHttpResponseCodec.java:122)
at org.openqa.selenium.remote.http.W3CHttpResponseCodec.decode(W3CHttpResponseCodec.java:49)
at org.openqa.selenium.remote.HttpCommandExecutor.execute(HttpCommandExecutor.java:158)
at org.openqa.selenium.remote.service.DriverCommandExecutor.execute(DriverCommandExecutor.java:83)
at org.openqa.selenium.remote.RemoteWebDriver.execute(RemoteWebDriver.java:552)
at org.openqa.selenium.remote.RemoteWebElement.execute(RemoteWebElement.java:285)
at org.openqa.selenium.remote.RemoteWebElement.click(RemoteWebElement.java:84)
at Genericlib.CommonFunction.clickOnLocator(CommonFunction.java:257)
at FieldText.VerifyMandatroy.CheckMandatoryForMotherOccupation(VerifyMandatroy.java:4313)
at java.util.ArrayList.forEach(Unknown Source)
... Removed 31 stack frames]]>
    </failure>
  </testcase> <!-- CheckMandatoryForMotherOccupation -->
  <testcase name="CheckMandatoryForAnnualIncome" time="3.966" classname="FieldText.VerifyMandatroy">
    <failure type="org.openqa.selenium.ElementClickInterceptedException" message="element click intercepted: Element &amp;lt;input id=&amp;quot;rbtnAnnual&amp;quot; type=&amp;quot;radio&amp;quot; name=&amp;quot;Exam&amp;quot; value=&amp;quot;rbtnAnnual&amp;quot;&amp;gt; is not clickable at point (841, 6). Other element would receive the click: &amp;lt;div id=&amp;quot;popup_overlay&amp;quot; style=&amp;quot;position: absolute; z-index: 99998; top: 0px; left: 0px; width: 100%; height: 2963px; background: rgba(0, 0, 0, 0.5);&amp;quot;&amp;gt;&amp;lt;/div&amp;gt;
  (Session info: chrome=83.0.4103.116)
Build info: version: &amp;apos;3.141.59&amp;apos;, revision: &amp;apos;e82be7d358&amp;apos;, time: &amp;apos;2018-11-14T08:17:03&amp;apos;
System info: host: &amp;apos;CSMBHUL251&amp;apos;, ip: &amp;apos;10.0.75.1&amp;apos;, os.name: &amp;apos;Windows 10&amp;apos;, os.arch: &amp;apos;amd64&amp;apos;, os.version: &amp;apos;10.0&amp;apos;, java.version: &amp;apos;1.8.0_181&amp;apos;
Driver info: org.openqa.selenium.chrome.ChromeDriver
Capabilities {acceptInsecureCerts: false, browserName: chrome, browserVersion: 83.0.4103.116, chrome: {chromedriverVersion: 83.0.4103.39 (ccbf011cb2d2b..., userDataDir: C:\Users\SATYAR~1.M\AppData...}, goog:chromeOptions: {debuggerAddress: localhost:53937}, javascriptEnabled: true, networkConnectionEnabled: false, pageLoadStrategy: normal, platform: WINDOWS, platformName: WINDOWS, proxy: Proxy(), setWindowRect: true, strictFileInteractability: false, timeouts: {implicit: 0, pageLoad: 300000, script: 30000}, unhandledPromptBehavior: dismiss and notify, webauthn:virtualAuthenticators: true}
Session ID: 380651d56db984fa7b5540f8f3ae9bde">
      <![CDATA[org.openqa.selenium.ElementClickInterceptedException: element click intercepted: Element <input id="rbtnAnnual" type="radio" name="Exam" value="rbtnAnnual"> is not clickable at point (841, 6). Other element would receive the click: <div id="popup_overlay" style="position: absolute; z-index: 99998; top: 0px; left: 0px; width: 100%; height: 2963px; background: rgba(0, 0, 0, 0.5);"></div>
  (Session info: chrome=83.0.4103.116)
Build info: version: '3.141.59', revision: 'e82be7d358', time: '2018-11-14T08:17:03'
System info: host: 'CSMBHUL251', ip: '10.0.75.1', os.name: 'Windows 10', os.arch: 'amd64', os.version: '10.0', java.version: '1.8.0_181'
Driver info: org.openqa.selenium.chrome.ChromeDriver
Capabilities {acceptInsecureCerts: false, browserName: chrome, browserVersion: 83.0.4103.116, chrome: {chromedriverVersion: 83.0.4103.39 (ccbf011cb2d2b..., userDataDir: C:\Users\SATYAR~1.M\AppData...}, goog:chromeOptions: {debuggerAddress: localhost:53937}, javascriptEnabled: true, networkConnectionEnabled: false, pageLoadStrategy: normal, platform: WINDOWS, platformName: WINDOWS, proxy: Proxy(), setWindowRect: true, strictFileInteractability: false, timeouts: {implicit: 0, pageLoad: 300000, script: 30000}, unhandledPromptBehavior: dismiss and notify, webauthn:virtualAuthenticators: true}
Session ID: 380651d56db984fa7b5540f8f3ae9bde
at org.openqa.selenium.remote.http.W3CHttpResponseCodec.createException(W3CHttpResponseCodec.java:187)
at org.openqa.selenium.remote.http.W3CHttpResponseCodec.decode(W3CHttpResponseCodec.java:122)
at org.openqa.selenium.remote.http.W3CHttpResponseCodec.decode(W3CHttpResponseCodec.java:49)
at org.openqa.selenium.remote.HttpCommandExecutor.execute(HttpCommandExecutor.java:158)
at org.openqa.selenium.remote.service.DriverCommandExecutor.execute(DriverCommandExecutor.java:83)
at org.openqa.selenium.remote.RemoteWebDriver.execute(RemoteWebDriver.java:552)
at org.openqa.selenium.remote.RemoteWebElement.execute(RemoteWebElement.java:285)
at org.openqa.selenium.remote.RemoteWebElement.click(RemoteWebElement.java:84)
at Genericlib.CommonFunction.clickOnLocator(CommonFunction.java:257)
at FieldText.VerifyMandatroy.CheckMandatoryForAnnualIncome(VerifyMandatroy.java:4545)
at java.util.ArrayList.forEach(Unknown Source)
... Removed 31 stack frames]]>
    </failure>
  </testcase> <!-- CheckMandatoryForAnnualIncome -->
  <testcase name="CheckMandatoryForNameOfSchool" time="3.919" classname="FieldText.VerifyMandatroy">
    <failure type="org.openqa.selenium.ElementClickInterceptedException" message="element click intercepted: Element &amp;lt;input id=&amp;quot;rbtnAnnual&amp;quot; type=&amp;quot;radio&amp;quot; name=&amp;quot;Exam&amp;quot; value=&amp;quot;rbtnAnnual&amp;quot;&amp;gt; is not clickable at point (841, 6). Other element would receive the click: &amp;lt;div id=&amp;quot;popup_overlay&amp;quot; style=&amp;quot;position: absolute; z-index: 99998; top: 0px; left: 0px; width: 100%; height: 2963px; background: rgba(0, 0, 0, 0.5);&amp;quot;&amp;gt;&amp;lt;/div&amp;gt;
  (Session info: chrome=83.0.4103.116)
Build info: version: &amp;apos;3.141.59&amp;apos;, revision: &amp;apos;e82be7d358&amp;apos;, time: &amp;apos;2018-11-14T08:17:03&amp;apos;
System info: host: &amp;apos;CSMBHUL251&amp;apos;, ip: &amp;apos;10.0.75.1&amp;apos;, os.name: &amp;apos;Windows 10&amp;apos;, os.arch: &amp;apos;amd64&amp;apos;, os.version: &amp;apos;10.0&amp;apos;, java.version: &amp;apos;1.8.0_181&amp;apos;
Driver info: org.openqa.selenium.chrome.ChromeDriver
Capabilities {acceptInsecureCerts: false, browserName: chrome, browserVersion: 83.0.4103.116, chrome: {chromedriverVersion: 83.0.4103.39 (ccbf011cb2d2b..., userDataDir: C:\Users\SATYAR~1.M\AppData...}, goog:chromeOptions: {debuggerAddress: localhost:53937}, javascriptEnabled: true, networkConnectionEnabled: false, pageLoadStrategy: normal, platform: WINDOWS, platformName: WINDOWS, proxy: Proxy(), setWindowRect: true, strictFileInteractability: false, timeouts: {implicit: 0, pageLoad: 300000, script: 30000}, unhandledPromptBehavior: dismiss and notify, webauthn:virtualAuthenticators: true}
Session ID: 380651d56db984fa7b5540f8f3ae9bde">
      <![CDATA[org.openqa.selenium.ElementClickInterceptedException: element click intercepted: Element <input id="rbtnAnnual" type="radio" name="Exam" value="rbtnAnnual"> is not clickable at point (841, 6). Other element would receive the click: <div id="popup_overlay" style="position: absolute; z-index: 99998; top: 0px; left: 0px; width: 100%; height: 2963px; background: rgba(0, 0, 0, 0.5);"></div>
  (Session info: chrome=83.0.4103.116)
Build info: version: '3.141.59', revision: 'e82be7d358', time: '2018-11-14T08:17:03'
System info: host: 'CSMBHUL251', ip: '10.0.75.1', os.name: 'Windows 10', os.arch: 'amd64', os.version: '10.0', java.version: '1.8.0_181'
Driver info: org.openqa.selenium.chrome.ChromeDriver
Capabilities {acceptInsecureCerts: false, browserName: chrome, browserVersion: 83.0.4103.116, chrome: {chromedriverVersion: 83.0.4103.39 (ccbf011cb2d2b..., userDataDir: C:\Users\SATYAR~1.M\AppData...}, goog:chromeOptions: {debuggerAddress: localhost:53937}, javascriptEnabled: true, networkConnectionEnabled: false, pageLoadStrategy: normal, platform: WINDOWS, platformName: WINDOWS, proxy: Proxy(), setWindowRect: true, strictFileInteractability: false, timeouts: {implicit: 0, pageLoad: 300000, script: 30000}, unhandledPromptBehavior: dismiss and notify, webauthn:virtualAuthenticators: true}
Session ID: 380651d56db984fa7b5540f8f3ae9bde
at org.openqa.selenium.remote.http.W3CHttpResponseCodec.createException(W3CHttpResponseCodec.java:187)
at org.openqa.selenium.remote.http.W3CHttpResponseCodec.decode(W3CHttpResponseCodec.java:122)
at org.openqa.selenium.remote.http.W3CHttpResponseCodec.decode(W3CHttpResponseCodec.java:49)
at org.openqa.selenium.remote.HttpCommandExecutor.execute(HttpCommandExecutor.java:158)
at org.openqa.selenium.remote.service.DriverCommandExecutor.execute(DriverCommandExecutor.java:83)
at org.openqa.selenium.remote.RemoteWebDriver.execute(RemoteWebDriver.java:552)
at org.openqa.selenium.remote.RemoteWebElement.execute(RemoteWebElement.java:285)
at org.openqa.selenium.remote.RemoteWebElement.click(RemoteWebElement.java:84)
at Genericlib.CommonFunction.clickOnLocator(CommonFunction.java:257)
at FieldText.VerifyMandatroy.CheckMandatoryForNameOfSchool(VerifyMandatroy.java:4782)
at java.util.ArrayList.forEach(Unknown Source)
... Removed 31 stack frames]]>
    </failure>
  </testcase> <!-- CheckMandatoryForNameOfSchool -->
  <testcase name="CheckMandatoryForLocationOfSchool" time="3.952" classname="FieldText.VerifyMandatroy">
    <failure type="org.openqa.selenium.ElementClickInterceptedException" message="element click intercepted: Element &amp;lt;input id=&amp;quot;rbtnAnnual&amp;quot; type=&amp;quot;radio&amp;quot; name=&amp;quot;Exam&amp;quot; value=&amp;quot;rbtnAnnual&amp;quot;&amp;gt; is not clickable at point (841, 6). Other element would receive the click: &amp;lt;div id=&amp;quot;popup_overlay&amp;quot; style=&amp;quot;position: absolute; z-index: 99998; top: 0px; left: 0px; width: 100%; height: 2963px; background: rgba(0, 0, 0, 0.5);&amp;quot;&amp;gt;&amp;lt;/div&amp;gt;
  (Session info: chrome=83.0.4103.116)
Build info: version: &amp;apos;3.141.59&amp;apos;, revision: &amp;apos;e82be7d358&amp;apos;, time: &amp;apos;2018-11-14T08:17:03&amp;apos;
System info: host: &amp;apos;CSMBHUL251&amp;apos;, ip: &amp;apos;10.0.75.1&amp;apos;, os.name: &amp;apos;Windows 10&amp;apos;, os.arch: &amp;apos;amd64&amp;apos;, os.version: &amp;apos;10.0&amp;apos;, java.version: &amp;apos;1.8.0_181&amp;apos;
Driver info: org.openqa.selenium.chrome.ChromeDriver
Capabilities {acceptInsecureCerts: false, browserName: chrome, browserVersion: 83.0.4103.116, chrome: {chromedriverVersion: 83.0.4103.39 (ccbf011cb2d2b..., userDataDir: C:\Users\SATYAR~1.M\AppData...}, goog:chromeOptions: {debuggerAddress: localhost:53937}, javascriptEnabled: true, networkConnectionEnabled: false, pageLoadStrategy: normal, platform: WINDOWS, platformName: WINDOWS, proxy: Proxy(), setWindowRect: true, strictFileInteractability: false, timeouts: {implicit: 0, pageLoad: 300000, script: 30000}, unhandledPromptBehavior: dismiss and notify, webauthn:virtualAuthenticators: true}
Session ID: 380651d56db984fa7b5540f8f3ae9bde">
      <![CDATA[org.openqa.selenium.ElementClickInterceptedException: element click intercepted: Element <input id="rbtnAnnual" type="radio" name="Exam" value="rbtnAnnual"> is not clickable at point (841, 6). Other element would receive the click: <div id="popup_overlay" style="position: absolute; z-index: 99998; top: 0px; left: 0px; width: 100%; height: 2963px; background: rgba(0, 0, 0, 0.5);"></div>
  (Session info: chrome=83.0.4103.116)
Build info: version: '3.141.59', revision: 'e82be7d358', time: '2018-11-14T08:17:03'
System info: host: 'CSMBHUL251', ip: '10.0.75.1', os.name: 'Windows 10', os.arch: 'amd64', os.version: '10.0', java.version: '1.8.0_181'
Driver info: org.openqa.selenium.chrome.ChromeDriver
Capabilities {acceptInsecureCerts: false, browserName: chrome, browserVersion: 83.0.4103.116, chrome: {chromedriverVersion: 83.0.4103.39 (ccbf011cb2d2b..., userDataDir: C:\Users\SATYAR~1.M\AppData...}, goog:chromeOptions: {debuggerAddress: localhost:53937}, javascriptEnabled: true, networkConnectionEnabled: false, pageLoadStrategy: normal, platform: WINDOWS, platformName: WINDOWS, proxy: Proxy(), setWindowRect: true, strictFileInteractability: false, timeouts: {implicit: 0, pageLoad: 300000, script: 30000}, unhandledPromptBehavior: dismiss and notify, webauthn:virtualAuthenticators: true}
Session ID: 380651d56db984fa7b5540f8f3ae9bde
at org.openqa.selenium.remote.http.W3CHttpResponseCodec.createException(W3CHttpResponseCodec.java:187)
at org.openqa.selenium.remote.http.W3CHttpResponseCodec.decode(W3CHttpResponseCodec.java:122)
at org.openqa.selenium.remote.http.W3CHttpResponseCodec.decode(W3CHttpResponseCodec.java:49)
at org.openqa.selenium.remote.HttpCommandExecutor.execute(HttpCommandExecutor.java:158)
at org.openqa.selenium.remote.service.DriverCommandExecutor.execute(DriverCommandExecutor.java:83)
at org.openqa.selenium.remote.RemoteWebDriver.execute(RemoteWebDriver.java:552)
at org.openqa.selenium.remote.RemoteWebElement.execute(RemoteWebElement.java:285)
at org.openqa.selenium.remote.RemoteWebElement.click(RemoteWebElement.java:84)
at Genericlib.CommonFunction.clickOnLocator(CommonFunction.java:257)
at FieldText.VerifyMandatroy.CheckMandatoryForLocationOfSchool(VerifyMandatroy.java:5025)
at java.util.ArrayList.forEach(Unknown Source)
... Removed 31 stack frames]]>
    </failure>
  </testcase> <!-- CheckMandatoryForLocationOfSchool -->
  <testcase name="CheckMandatoryForDistrictInstitute" time="3.982" classname="FieldText.VerifyMandatroy">
    <failure type="org.openqa.selenium.ElementClickInterceptedException" message="element click intercepted: Element &amp;lt;input id=&amp;quot;rbtnAnnual&amp;quot; type=&amp;quot;radio&amp;quot; name=&amp;quot;Exam&amp;quot; value=&amp;quot;rbtnAnnual&amp;quot;&amp;gt; is not clickable at point (841, 6). Other element would receive the click: &amp;lt;div id=&amp;quot;popup_overlay&amp;quot; style=&amp;quot;position: absolute; z-index: 99998; top: 0px; left: 0px; width: 100%; height: 2963px; background: rgba(0, 0, 0, 0.5);&amp;quot;&amp;gt;&amp;lt;/div&amp;gt;
  (Session info: chrome=83.0.4103.116)
Build info: version: &amp;apos;3.141.59&amp;apos;, revision: &amp;apos;e82be7d358&amp;apos;, time: &amp;apos;2018-11-14T08:17:03&amp;apos;
System info: host: &amp;apos;CSMBHUL251&amp;apos;, ip: &amp;apos;10.0.75.1&amp;apos;, os.name: &amp;apos;Windows 10&amp;apos;, os.arch: &amp;apos;amd64&amp;apos;, os.version: &amp;apos;10.0&amp;apos;, java.version: &amp;apos;1.8.0_181&amp;apos;
Driver info: org.openqa.selenium.chrome.ChromeDriver
Capabilities {acceptInsecureCerts: false, browserName: chrome, browserVersion: 83.0.4103.116, chrome: {chromedriverVersion: 83.0.4103.39 (ccbf011cb2d2b..., userDataDir: C:\Users\SATYAR~1.M\AppData...}, goog:chromeOptions: {debuggerAddress: localhost:53937}, javascriptEnabled: true, networkConnectionEnabled: false, pageLoadStrategy: normal, platform: WINDOWS, platformName: WINDOWS, proxy: Proxy(), setWindowRect: true, strictFileInteractability: false, timeouts: {implicit: 0, pageLoad: 300000, script: 30000}, unhandledPromptBehavior: dismiss and notify, webauthn:virtualAuthenticators: true}
Session ID: 380651d56db984fa7b5540f8f3ae9bde">
      <![CDATA[org.openqa.selenium.ElementClickInterceptedException: element click intercepted: Element <input id="rbtnAnnual" type="radio" name="Exam" value="rbtnAnnual"> is not clickable at point (841, 6). Other element would receive the click: <div id="popup_overlay" style="position: absolute; z-index: 99998; top: 0px; left: 0px; width: 100%; height: 2963px; background: rgba(0, 0, 0, 0.5);"></div>
  (Session info: chrome=83.0.4103.116)
Build info: version: '3.141.59', revision: 'e82be7d358', time: '2018-11-14T08:17:03'
System info: host: 'CSMBHUL251', ip: '10.0.75.1', os.name: 'Windows 10', os.arch: 'amd64', os.version: '10.0', java.version: '1.8.0_181'
Driver info: org.openqa.selenium.chrome.ChromeDriver
Capabilities {acceptInsecureCerts: false, browserName: chrome, browserVersion: 83.0.4103.116, chrome: {chromedriverVersion: 83.0.4103.39 (ccbf011cb2d2b..., userDataDir: C:\Users\SATYAR~1.M\AppData...}, goog:chromeOptions: {debuggerAddress: localhost:53937}, javascriptEnabled: true, networkConnectionEnabled: false, pageLoadStrategy: normal, platform: WINDOWS, platformName: WINDOWS, proxy: Proxy(), setWindowRect: true, strictFileInteractability: false, timeouts: {implicit: 0, pageLoad: 300000, script: 30000}, unhandledPromptBehavior: dismiss and notify, webauthn:virtualAuthenticators: true}
Session ID: 380651d56db984fa7b5540f8f3ae9bde
at org.openqa.selenium.remote.http.W3CHttpResponseCodec.createException(W3CHttpResponseCodec.java:187)
at org.openqa.selenium.remote.http.W3CHttpResponseCodec.decode(W3CHttpResponseCodec.java:122)
at org.openqa.selenium.remote.http.W3CHttpResponseCodec.decode(W3CHttpResponseCodec.java:49)
at org.openqa.selenium.remote.HttpCommandExecutor.execute(HttpCommandExecutor.java:158)
at org.openqa.selenium.remote.service.DriverCommandExecutor.execute(DriverCommandExecutor.java:83)
at org.openqa.selenium.remote.RemoteWebDriver.execute(RemoteWebDriver.java:552)
at org.openqa.selenium.remote.RemoteWebElement.execute(RemoteWebElement.java:285)
at org.openqa.selenium.remote.RemoteWebElement.click(RemoteWebElement.java:84)
at Genericlib.CommonFunction.clickOnLocator(CommonFunction.java:257)
at FieldText.VerifyMandatroy.CheckMandatoryForDistrictInstitute(VerifyMandatroy.java:5276)
at java.util.ArrayList.forEach(Unknown Source)
... Removed 31 stack frames]]>
    </failure>
  </testcase> <!-- CheckMandatoryForDistrictInstitute -->
  <testcase name="CheckMandatoryForYearOfJoining" time="3.949" classname="FieldText.VerifyMandatroy">
    <failure type="org.openqa.selenium.ElementClickInterceptedException" message="element click intercepted: Element &amp;lt;input id=&amp;quot;rbtnAnnual&amp;quot; type=&amp;quot;radio&amp;quot; name=&amp;quot;Exam&amp;quot; value=&amp;quot;rbtnAnnual&amp;quot;&amp;gt; is not clickable at point (841, 6). Other element would receive the click: &amp;lt;div id=&amp;quot;popup_overlay&amp;quot; style=&amp;quot;position: absolute; z-index: 99998; top: 0px; left: 0px; width: 100%; height: 2963px; background: rgba(0, 0, 0, 0.5);&amp;quot;&amp;gt;&amp;lt;/div&amp;gt;
  (Session info: chrome=83.0.4103.116)
Build info: version: &amp;apos;3.141.59&amp;apos;, revision: &amp;apos;e82be7d358&amp;apos;, time: &amp;apos;2018-11-14T08:17:03&amp;apos;
System info: host: &amp;apos;CSMBHUL251&amp;apos;, ip: &amp;apos;10.0.75.1&amp;apos;, os.name: &amp;apos;Windows 10&amp;apos;, os.arch: &amp;apos;amd64&amp;apos;, os.version: &amp;apos;10.0&amp;apos;, java.version: &amp;apos;1.8.0_181&amp;apos;
Driver info: org.openqa.selenium.chrome.ChromeDriver
Capabilities {acceptInsecureCerts: false, browserName: chrome, browserVersion: 83.0.4103.116, chrome: {chromedriverVersion: 83.0.4103.39 (ccbf011cb2d2b..., userDataDir: C:\Users\SATYAR~1.M\AppData...}, goog:chromeOptions: {debuggerAddress: localhost:53937}, javascriptEnabled: true, networkConnectionEnabled: false, pageLoadStrategy: normal, platform: WINDOWS, platformName: WINDOWS, proxy: Proxy(), setWindowRect: true, strictFileInteractability: false, timeouts: {implicit: 0, pageLoad: 300000, script: 30000}, unhandledPromptBehavior: dismiss and notify, webauthn:virtualAuthenticators: true}
Session ID: 380651d56db984fa7b5540f8f3ae9bde">
      <![CDATA[org.openqa.selenium.ElementClickInterceptedException: element click intercepted: Element <input id="rbtnAnnual" type="radio" name="Exam" value="rbtnAnnual"> is not clickable at point (841, 6). Other element would receive the click: <div id="popup_overlay" style="position: absolute; z-index: 99998; top: 0px; left: 0px; width: 100%; height: 2963px; background: rgba(0, 0, 0, 0.5);"></div>
  (Session info: chrome=83.0.4103.116)
Build info: version: '3.141.59', revision: 'e82be7d358', time: '2018-11-14T08:17:03'
System info: host: 'CSMBHUL251', ip: '10.0.75.1', os.name: 'Windows 10', os.arch: 'amd64', os.version: '10.0', java.version: '1.8.0_181'
Driver info: org.openqa.selenium.chrome.ChromeDriver
Capabilities {acceptInsecureCerts: false, browserName: chrome, browserVersion: 83.0.4103.116, chrome: {chromedriverVersion: 83.0.4103.39 (ccbf011cb2d2b..., userDataDir: C:\Users\SATYAR~1.M\AppData...}, goog:chromeOptions: {debuggerAddress: localhost:53937}, javascriptEnabled: true, networkConnectionEnabled: false, pageLoadStrategy: normal, platform: WINDOWS, platformName: WINDOWS, proxy: Proxy(), setWindowRect: true, strictFileInteractability: false, timeouts: {implicit: 0, pageLoad: 300000, script: 30000}, unhandledPromptBehavior: dismiss and notify, webauthn:virtualAuthenticators: true}
Session ID: 380651d56db984fa7b5540f8f3ae9bde
at org.openqa.selenium.remote.http.W3CHttpResponseCodec.createException(W3CHttpResponseCodec.java:187)
at org.openqa.selenium.remote.http.W3CHttpResponseCodec.decode(W3CHttpResponseCodec.java:122)
at org.openqa.selenium.remote.http.W3CHttpResponseCodec.decode(W3CHttpResponseCodec.java:49)
at org.openqa.selenium.remote.HttpCommandExecutor.execute(HttpCommandExecutor.java:158)
at org.openqa.selenium.remote.service.DriverCommandExecutor.execute(DriverCommandExecutor.java:83)
at org.openqa.selenium.remote.RemoteWebDriver.execute(RemoteWebDriver.java:552)
at org.openqa.selenium.remote.RemoteWebElement.execute(RemoteWebElement.java:285)
at org.openqa.selenium.remote.RemoteWebElement.click(RemoteWebElement.java:84)
at Genericlib.CommonFunction.clickOnLocator(CommonFunction.java:257)
at FieldText.VerifyMandatroy.CheckMandatoryForYearOfJoining(VerifyMandatroy.java:5532)
at java.util.ArrayList.forEach(Unknown Source)
... Removed 31 stack frames]]>
    </failure>
  </testcase> <!-- CheckMandatoryForYearOfJoining -->
  <testcase name="CheckMandatoryForAccountNumber" time="3.985" classname="FieldText.VerifyMandatroy">
    <failure type="org.openqa.selenium.ElementClickInterceptedException" message="element click intercepted: Element &amp;lt;input id=&amp;quot;rbtnAnnual&amp;quot; type=&amp;quot;radio&amp;quot; name=&amp;quot;Exam&amp;quot; value=&amp;quot;rbtnAnnual&amp;quot;&amp;gt; is not clickable at point (841, 6). Other element would receive the click: &amp;lt;div id=&amp;quot;popup_overlay&amp;quot; style=&amp;quot;position: absolute; z-index: 99998; top: 0px; left: 0px; width: 100%; height: 2963px; background: rgba(0, 0, 0, 0.5);&amp;quot;&amp;gt;&amp;lt;/div&amp;gt;
  (Session info: chrome=83.0.4103.116)
Build info: version: &amp;apos;3.141.59&amp;apos;, revision: &amp;apos;e82be7d358&amp;apos;, time: &amp;apos;2018-11-14T08:17:03&amp;apos;
System info: host: &amp;apos;CSMBHUL251&amp;apos;, ip: &amp;apos;10.0.75.1&amp;apos;, os.name: &amp;apos;Windows 10&amp;apos;, os.arch: &amp;apos;amd64&amp;apos;, os.version: &amp;apos;10.0&amp;apos;, java.version: &amp;apos;1.8.0_181&amp;apos;
Driver info: org.openqa.selenium.chrome.ChromeDriver
Capabilities {acceptInsecureCerts: false, browserName: chrome, browserVersion: 83.0.4103.116, chrome: {chromedriverVersion: 83.0.4103.39 (ccbf011cb2d2b..., userDataDir: C:\Users\SATYAR~1.M\AppData...}, goog:chromeOptions: {debuggerAddress: localhost:53937}, javascriptEnabled: true, networkConnectionEnabled: false, pageLoadStrategy: normal, platform: WINDOWS, platformName: WINDOWS, proxy: Proxy(), setWindowRect: true, strictFileInteractability: false, timeouts: {implicit: 0, pageLoad: 300000, script: 30000}, unhandledPromptBehavior: dismiss and notify, webauthn:virtualAuthenticators: true}
Session ID: 380651d56db984fa7b5540f8f3ae9bde">
      <![CDATA[org.openqa.selenium.ElementClickInterceptedException: element click intercepted: Element <input id="rbtnAnnual" type="radio" name="Exam" value="rbtnAnnual"> is not clickable at point (841, 6). Other element would receive the click: <div id="popup_overlay" style="position: absolute; z-index: 99998; top: 0px; left: 0px; width: 100%; height: 2963px; background: rgba(0, 0, 0, 0.5);"></div>
  (Session info: chrome=83.0.4103.116)
Build info: version: '3.141.59', revision: 'e82be7d358', time: '2018-11-14T08:17:03'
System info: host: 'CSMBHUL251', ip: '10.0.75.1', os.name: 'Windows 10', os.arch: 'amd64', os.version: '10.0', java.version: '1.8.0_181'
Driver info: org.openqa.selenium.chrome.ChromeDriver
Capabilities {acceptInsecureCerts: false, browserName: chrome, browserVersion: 83.0.4103.116, chrome: {chromedriverVersion: 83.0.4103.39 (ccbf011cb2d2b..., userDataDir: C:\Users\SATYAR~1.M\AppData...}, goog:chromeOptions: {debuggerAddress: localhost:53937}, javascriptEnabled: true, networkConnectionEnabled: false, pageLoadStrategy: normal, platform: WINDOWS, platformName: WINDOWS, proxy: Proxy(), setWindowRect: true, strictFileInteractability: false, timeouts: {implicit: 0, pageLoad: 300000, script: 30000}, unhandledPromptBehavior: dismiss and notify, webauthn:virtualAuthenticators: true}
Session ID: 380651d56db984fa7b5540f8f3ae9bde
at org.openqa.selenium.remote.http.W3CHttpResponseCodec.createException(W3CHttpResponseCodec.java:187)
at org.openqa.selenium.remote.http.W3CHttpResponseCodec.decode(W3CHttpResponseCodec.java:122)
at org.openqa.selenium.remote.http.W3CHttpResponseCodec.decode(W3CHttpResponseCodec.java:49)
at org.openqa.selenium.remote.HttpCommandExecutor.execute(HttpCommandExecutor.java:158)
at org.openqa.selenium.remote.service.DriverCommandExecutor.execute(DriverCommandExecutor.java:83)
at org.openqa.selenium.remote.RemoteWebDriver.execute(RemoteWebDriver.java:552)
at org.openqa.selenium.remote.RemoteWebElement.execute(RemoteWebElement.java:285)
at org.openqa.selenium.remote.RemoteWebElement.click(RemoteWebElement.java:84)
at Genericlib.CommonFunction.clickOnLocator(CommonFunction.java:257)
at FieldText.VerifyMandatroy.CheckMandatoryForAccountNumber(VerifyMandatroy.java:5792)
at java.util.ArrayList.forEach(Unknown Source)
... Removed 31 stack frames]]>
    </failure>
  </testcase> <!-- CheckMandatoryForAccountNumber -->
  <testcase name="CheckMandatoryForIFSC" time="3.949" classname="FieldText.VerifyMandatroy">
    <failure type="org.openqa.selenium.ElementClickInterceptedException" message="element click intercepted: Element &amp;lt;input id=&amp;quot;rbtnAnnual&amp;quot; type=&amp;quot;radio&amp;quot; name=&amp;quot;Exam&amp;quot; value=&amp;quot;rbtnAnnual&amp;quot;&amp;gt; is not clickable at point (841, 6). Other element would receive the click: &amp;lt;div id=&amp;quot;popup_overlay&amp;quot; style=&amp;quot;position: absolute; z-index: 99998; top: 0px; left: 0px; width: 100%; height: 2963px; background: rgba(0, 0, 0, 0.5);&amp;quot;&amp;gt;&amp;lt;/div&amp;gt;
  (Session info: chrome=83.0.4103.116)
Build info: version: &amp;apos;3.141.59&amp;apos;, revision: &amp;apos;e82be7d358&amp;apos;, time: &amp;apos;2018-11-14T08:17:03&amp;apos;
System info: host: &amp;apos;CSMBHUL251&amp;apos;, ip: &amp;apos;10.0.75.1&amp;apos;, os.name: &amp;apos;Windows 10&amp;apos;, os.arch: &amp;apos;amd64&amp;apos;, os.version: &amp;apos;10.0&amp;apos;, java.version: &amp;apos;1.8.0_181&amp;apos;
Driver info: org.openqa.selenium.chrome.ChromeDriver
Capabilities {acceptInsecureCerts: false, browserName: chrome, browserVersion: 83.0.4103.116, chrome: {chromedriverVersion: 83.0.4103.39 (ccbf011cb2d2b..., userDataDir: C:\Users\SATYAR~1.M\AppData...}, goog:chromeOptions: {debuggerAddress: localhost:53937}, javascriptEnabled: true, networkConnectionEnabled: false, pageLoadStrategy: normal, platform: WINDOWS, platformName: WINDOWS, proxy: Proxy(), setWindowRect: true, strictFileInteractability: false, timeouts: {implicit: 0, pageLoad: 300000, script: 30000}, unhandledPromptBehavior: dismiss and notify, webauthn:virtualAuthenticators: true}
Session ID: 380651d56db984fa7b5540f8f3ae9bde">
      <![CDATA[org.openqa.selenium.ElementClickInterceptedException: element click intercepted: Element <input id="rbtnAnnual" type="radio" name="Exam" value="rbtnAnnual"> is not clickable at point (841, 6). Other element would receive the click: <div id="popup_overlay" style="position: absolute; z-index: 99998; top: 0px; left: 0px; width: 100%; height: 2963px; background: rgba(0, 0, 0, 0.5);"></div>
  (Session info: chrome=83.0.4103.116)
Build info: version: '3.141.59', revision: 'e82be7d358', time: '2018-11-14T08:17:03'
System info: host: 'CSMBHUL251', ip: '10.0.75.1', os.name: 'Windows 10', os.arch: 'amd64', os.version: '10.0', java.version: '1.8.0_181'
Driver info: org.openqa.selenium.chrome.ChromeDriver
Capabilities {acceptInsecureCerts: false, browserName: chrome, browserVersion: 83.0.4103.116, chrome: {chromedriverVersion: 83.0.4103.39 (ccbf011cb2d2b..., userDataDir: C:\Users\SATYAR~1.M\AppData...}, goog:chromeOptions: {debuggerAddress: localhost:53937}, javascriptEnabled: true, networkConnectionEnabled: false, pageLoadStrategy: normal, platform: WINDOWS, platformName: WINDOWS, proxy: Proxy(), setWindowRect: true, strictFileInteractability: false, timeouts: {implicit: 0, pageLoad: 300000, script: 30000}, unhandledPromptBehavior: dismiss and notify, webauthn:virtualAuthenticators: true}
Session ID: 380651d56db984fa7b5540f8f3ae9bde
at org.openqa.selenium.remote.http.W3CHttpResponseCodec.createException(W3CHttpResponseCodec.java:187)
at org.openqa.selenium.remote.http.W3CHttpResponseCodec.decode(W3CHttpResponseCodec.java:122)
at org.openqa.selenium.remote.http.W3CHttpResponseCodec.decode(W3CHttpResponseCodec.java:49)
at org.openqa.selenium.remote.HttpCommandExecutor.execute(HttpCommandExecutor.java:158)
at org.openqa.selenium.remote.service.DriverCommandExecutor.execute(DriverCommandExecutor.java:83)
at org.openqa.selenium.remote.RemoteWebDriver.execute(RemoteWebDriver.java:552)
at org.openqa.selenium.remote.RemoteWebElement.execute(RemoteWebElement.java:285)
at org.openqa.selenium.remote.RemoteWebElement.click(RemoteWebElement.java:84)
at Genericlib.CommonFunction.clickOnLocator(CommonFunction.java:257)
at FieldText.VerifyMandatroy.CheckMandatoryForIFSC(VerifyMandatroy.java:6059)
at java.util.ArrayList.forEach(Unknown Source)
... Removed 31 stack frames]]>
    </failure>
  </testcase> <!-- CheckMandatoryForIFSC -->
  <testcase name="CheckNonMandatoryForMICR" time="3.952" classname="FieldText.VerifyMandatroy">
    <failure type="org.openqa.selenium.ElementClickInterceptedException" message="element click intercepted: Element &amp;lt;input id=&amp;quot;rbtnAnnual&amp;quot; type=&amp;quot;radio&amp;quot; name=&amp;quot;Exam&amp;quot; value=&amp;quot;rbtnAnnual&amp;quot;&amp;gt; is not clickable at point (841, 6). Other element would receive the click: &amp;lt;div id=&amp;quot;popup_overlay&amp;quot; style=&amp;quot;position: absolute; z-index: 99998; top: 0px; left: 0px; width: 100%; height: 2963px; background: rgba(0, 0, 0, 0.5);&amp;quot;&amp;gt;&amp;lt;/div&amp;gt;
  (Session info: chrome=83.0.4103.116)
Build info: version: &amp;apos;3.141.59&amp;apos;, revision: &amp;apos;e82be7d358&amp;apos;, time: &amp;apos;2018-11-14T08:17:03&amp;apos;
System info: host: &amp;apos;CSMBHUL251&amp;apos;, ip: &amp;apos;10.0.75.1&amp;apos;, os.name: &amp;apos;Windows 10&amp;apos;, os.arch: &amp;apos;amd64&amp;apos;, os.version: &amp;apos;10.0&amp;apos;, java.version: &amp;apos;1.8.0_181&amp;apos;
Driver info: org.openqa.selenium.chrome.ChromeDriver
Capabilities {acceptInsecureCerts: false, browserName: chrome, browserVersion: 83.0.4103.116, chrome: {chromedriverVersion: 83.0.4103.39 (ccbf011cb2d2b..., userDataDir: C:\Users\SATYAR~1.M\AppData...}, goog:chromeOptions: {debuggerAddress: localhost:53937}, javascriptEnabled: true, networkConnectionEnabled: false, pageLoadStrategy: normal, platform: WINDOWS, platformName: WINDOWS, proxy: Proxy(), setWindowRect: true, strictFileInteractability: false, timeouts: {implicit: 0, pageLoad: 300000, script: 30000}, unhandledPromptBehavior: dismiss and notify, webauthn:virtualAuthenticators: true}
Session ID: 380651d56db984fa7b5540f8f3ae9bde">
      <![CDATA[org.openqa.selenium.ElementClickInterceptedException: element click intercepted: Element <input id="rbtnAnnual" type="radio" name="Exam" value="rbtnAnnual"> is not clickable at point (841, 6). Other element would receive the click: <div id="popup_overlay" style="position: absolute; z-index: 99998; top: 0px; left: 0px; width: 100%; height: 2963px; background: rgba(0, 0, 0, 0.5);"></div>
  (Session info: chrome=83.0.4103.116)
Build info: version: '3.141.59', revision: 'e82be7d358', time: '2018-11-14T08:17:03'
System info: host: 'CSMBHUL251', ip: '10.0.75.1', os.name: 'Windows 10', os.arch: 'amd64', os.version: '10.0', java.version: '1.8.0_181'
Driver info: org.openqa.selenium.chrome.ChromeDriver
Capabilities {acceptInsecureCerts: false, browserName: chrome, browserVersion: 83.0.4103.116, chrome: {chromedriverVersion: 83.0.4103.39 (ccbf011cb2d2b..., userDataDir: C:\Users\SATYAR~1.M\AppData...}, goog:chromeOptions: {debuggerAddress: localhost:53937}, javascriptEnabled: true, networkConnectionEnabled: false, pageLoadStrategy: normal, platform: WINDOWS, platformName: WINDOWS, proxy: Proxy(), setWindowRect: true, strictFileInteractability: false, timeouts: {implicit: 0, pageLoad: 300000, script: 30000}, unhandledPromptBehavior: dismiss and notify, webauthn:virtualAuthenticators: true}
Session ID: 380651d56db984fa7b5540f8f3ae9bde
at org.openqa.selenium.remote.http.W3CHttpResponseCodec.createException(W3CHttpResponseCodec.java:187)
at org.openqa.selenium.remote.http.W3CHttpResponseCodec.decode(W3CHttpResponseCodec.java:122)
at org.openqa.selenium.remote.http.W3CHttpResponseCodec.decode(W3CHttpResponseCodec.java:49)
at org.openqa.selenium.remote.HttpCommandExecutor.execute(HttpCommandExecutor.java:158)
at org.openqa.selenium.remote.service.DriverCommandExecutor.execute(DriverCommandExecutor.java:83)
at org.openqa.selenium.remote.RemoteWebDriver.execute(RemoteWebDriver.java:552)
at org.openqa.selenium.remote.RemoteWebElement.execute(RemoteWebElement.java:285)
at org.openqa.selenium.remote.RemoteWebElement.click(RemoteWebElement.java:84)
at Genericlib.CommonFunction.clickOnLocator(CommonFunction.java:257)
at FieldText.VerifyMandatroy.CheckNonMandatoryForMICR(VerifyMandatroy.java:6336)
at java.util.ArrayList.forEach(Unknown Source)
... Removed 31 stack frames]]>
    </failure>
  </testcase> <!-- CheckNonMandatoryForMICR -->
  <testcase name="CheckMandatoryForBankName" time="3.951" classname="FieldText.VerifyMandatroy">
    <failure type="org.openqa.selenium.ElementClickInterceptedException" message="element click intercepted: Element &amp;lt;input id=&amp;quot;rbtnAnnual&amp;quot; type=&amp;quot;radio&amp;quot; name=&amp;quot;Exam&amp;quot; value=&amp;quot;rbtnAnnual&amp;quot;&amp;gt; is not clickable at point (841, 6). Other element would receive the click: &amp;lt;div id=&amp;quot;popup_overlay&amp;quot; style=&amp;quot;position: absolute; z-index: 99998; top: 0px; left: 0px; width: 100%; height: 2963px; background: rgba(0, 0, 0, 0.5);&amp;quot;&amp;gt;&amp;lt;/div&amp;gt;
  (Session info: chrome=83.0.4103.116)
Build info: version: &amp;apos;3.141.59&amp;apos;, revision: &amp;apos;e82be7d358&amp;apos;, time: &amp;apos;2018-11-14T08:17:03&amp;apos;
System info: host: &amp;apos;CSMBHUL251&amp;apos;, ip: &amp;apos;10.0.75.1&amp;apos;, os.name: &amp;apos;Windows 10&amp;apos;, os.arch: &amp;apos;amd64&amp;apos;, os.version: &amp;apos;10.0&amp;apos;, java.version: &amp;apos;1.8.0_181&amp;apos;
Driver info: org.openqa.selenium.chrome.ChromeDriver
Capabilities {acceptInsecureCerts: false, browserName: chrome, browserVersion: 83.0.4103.116, chrome: {chromedriverVersion: 83.0.4103.39 (ccbf011cb2d2b..., userDataDir: C:\Users\SATYAR~1.M\AppData...}, goog:chromeOptions: {debuggerAddress: localhost:53937}, javascriptEnabled: true, networkConnectionEnabled: false, pageLoadStrategy: normal, platform: WINDOWS, platformName: WINDOWS, proxy: Proxy(), setWindowRect: true, strictFileInteractability: false, timeouts: {implicit: 0, pageLoad: 300000, script: 30000}, unhandledPromptBehavior: dismiss and notify, webauthn:virtualAuthenticators: true}
Session ID: 380651d56db984fa7b5540f8f3ae9bde">
      <![CDATA[org.openqa.selenium.ElementClickInterceptedException: element click intercepted: Element <input id="rbtnAnnual" type="radio" name="Exam" value="rbtnAnnual"> is not clickable at point (841, 6). Other element would receive the click: <div id="popup_overlay" style="position: absolute; z-index: 99998; top: 0px; left: 0px; width: 100%; height: 2963px; background: rgba(0, 0, 0, 0.5);"></div>
  (Session info: chrome=83.0.4103.116)
Build info: version: '3.141.59', revision: 'e82be7d358', time: '2018-11-14T08:17:03'
System info: host: 'CSMBHUL251', ip: '10.0.75.1', os.name: 'Windows 10', os.arch: 'amd64', os.version: '10.0', java.version: '1.8.0_181'
Driver info: org.openqa.selenium.chrome.ChromeDriver
Capabilities {acceptInsecureCerts: false, browserName: chrome, browserVersion: 83.0.4103.116, chrome: {chromedriverVersion: 83.0.4103.39 (ccbf011cb2d2b..., userDataDir: C:\Users\SATYAR~1.M\AppData...}, goog:chromeOptions: {debuggerAddress: localhost:53937}, javascriptEnabled: true, networkConnectionEnabled: false, pageLoadStrategy: normal, platform: WINDOWS, platformName: WINDOWS, proxy: Proxy(), setWindowRect: true, strictFileInteractability: false, timeouts: {implicit: 0, pageLoad: 300000, script: 30000}, unhandledPromptBehavior: dismiss and notify, webauthn:virtualAuthenticators: true}
Session ID: 380651d56db984fa7b5540f8f3ae9bde
at org.openqa.selenium.remote.http.W3CHttpResponseCodec.createException(W3CHttpResponseCodec.java:187)
at org.openqa.selenium.remote.http.W3CHttpResponseCodec.decode(W3CHttpResponseCodec.java:122)
at org.openqa.selenium.remote.http.W3CHttpResponseCodec.decode(W3CHttpResponseCodec.java:49)
at org.openqa.selenium.remote.HttpCommandExecutor.execute(HttpCommandExecutor.java:158)
at org.openqa.selenium.remote.service.DriverCommandExecutor.execute(DriverCommandExecutor.java:83)
at org.openqa.selenium.remote.RemoteWebDriver.execute(RemoteWebDriver.java:552)
at org.openqa.selenium.remote.RemoteWebElement.execute(RemoteWebElement.java:285)
at org.openqa.selenium.remote.RemoteWebElement.click(RemoteWebElement.java:84)
at Genericlib.CommonFunction.clickOnLocator(CommonFunction.java:257)
at FieldText.VerifyMandatroy.CheckMandatoryForBankName(VerifyMandatroy.java:6614)
at java.util.ArrayList.forEach(Unknown Source)
... Removed 31 stack frames]]>
    </failure>
  </testcase> <!-- CheckMandatoryForBankName -->
</testsuite> <!-- VerifyMandatroy -->
