<?xml version="1.0" encoding="UTF-8"?>
<testng-results skipped="1" failed="19" ignored="0" total="62" passed="42">
  <reporter-output>
  </reporter-output>
  <suite name="Suite" duration-ms="1486390" started-at="2020-07-02T13:03:22 IST" finished-at="2020-07-02T13:28:09 IST">
    <groups>
    </groups>
    <test name="Test" duration-ms="155562" started-at="2020-07-02T13:03:22 IST" finished-at="2020-07-02T13:05:58 IST">
      <class name="com.minimizedScenariosExtentReport.Verify_Duplicate">
        <test-method status="PASS" signature="Setup()[pri:0, instance:com.minimizedScenariosExtentReport.Verify_Duplicate@7690781]" name="Setup" is-config="true" duration-ms="56117" started-at="2020-07-02T13:03:22 IST" finished-at="2020-07-02T13:04:19 IST">
          <reporter-output>
          </reporter-output>
        </test-method> <!-- Setup -->
        <test-method status="PASS" signature="Accept_DuplicateAadharnumber_Differentuser()[pri:0, instance:com.minimizedScenariosExtentReport.Verify_Duplicate@7690781]" name="Accept_DuplicateAadharnumber_Differentuser" duration-ms="2329" started-at="2020-07-02T13:04:19 IST" finished-at="2020-07-02T13:04:21 IST">
          <reporter-output>
          </reporter-output>
        </test-method> <!-- Accept_DuplicateAadharnumber_Differentuser -->
        <test-method status="PASS" signature="tearDown(org.testng.ITestResult)[pri:0, instance:com.minimizedScenariosExtentReport.Verify_Duplicate@7690781]" name="tearDown" is-config="true" duration-ms="27" started-at="2020-07-02T13:04:21 IST" finished-at="2020-07-02T13:04:21 IST">
          <params>
            <param index="0">
              <value>
                <![CDATA[[TestResult name=Accept_DuplicateAadharnumber_Differentuser status=SUCCESS method=Verify_Duplicate.Accept_DuplicateAadharnumber_Differentuser()[pri:0, instance:com.minimizedScenariosExtentReport.Verify_Duplicate@7690781] output={null}]]]>
              </value>
            </param>
          </params>
          <reporter-output>
          </reporter-output>
        </test-method> <!-- tearDown -->
        <test-method status="PASS" signature="Accept_Duplicate_Guardianmobilenumber()[pri:1, instance:com.minimizedScenariosExtentReport.Verify_Duplicate@7690781]" name="Accept_Duplicate_Guardianmobilenumber" duration-ms="3834" started-at="2020-07-02T13:04:21 IST" finished-at="2020-07-02T13:04:25 IST">
          <reporter-output>
          </reporter-output>
        </test-method> <!-- Accept_Duplicate_Guardianmobilenumber -->
        <test-method status="PASS" signature="tearDown(org.testng.ITestResult)[pri:0, instance:com.minimizedScenariosExtentReport.Verify_Duplicate@7690781]" name="tearDown" is-config="true" duration-ms="1" started-at="2020-07-02T13:04:25 IST" finished-at="2020-07-02T13:04:25 IST">
          <params>
            <param index="0">
              <value>
                <![CDATA[[TestResult name=Accept_Duplicate_Guardianmobilenumber status=SUCCESS method=Verify_Duplicate.Accept_Duplicate_Guardianmobilenumber()[pri:1, instance:com.minimizedScenariosExtentReport.Verify_Duplicate@7690781] output={null}]]]>
              </value>
            </param>
          </params>
          <reporter-output>
          </reporter-output>
        </test-method> <!-- tearDown -->
        <test-method status="PASS" signature="sameNumGuardianMobile()[pri:2, instance:com.minimizedScenariosExtentReport.Verify_Duplicate@7690781]" name="sameNumGuardianMobile" duration-ms="3217" started-at="2020-07-02T13:04:25 IST" finished-at="2020-07-02T13:04:28 IST">
          <reporter-output>
          </reporter-output>
        </test-method> <!-- sameNumGuardianMobile -->
        <test-method status="PASS" signature="tearDown(org.testng.ITestResult)[pri:0, instance:com.minimizedScenariosExtentReport.Verify_Duplicate@7690781]" name="tearDown" is-config="true" duration-ms="0" started-at="2020-07-02T13:04:28 IST" finished-at="2020-07-02T13:04:28 IST">
          <params>
            <param index="0">
              <value>
                <![CDATA[[TestResult name=sameNumGuardianMobile status=SUCCESS method=Verify_Duplicate.sameNumGuardianMobile()[pri:2, instance:com.minimizedScenariosExtentReport.Verify_Duplicate@7690781] output={null}]]]>
              </value>
            </param>
          </params>
          <reporter-output>
          </reporter-output>
        </test-method> <!-- tearDown -->
        <test-method status="PASS" signature="Accept_DuplicateAddress_Differentuser()[pri:3, instance:com.minimizedScenariosExtentReport.Verify_Duplicate@7690781]" name="Accept_DuplicateAddress_Differentuser" duration-ms="13675" started-at="2020-07-02T13:04:28 IST" finished-at="2020-07-02T13:04:42 IST">
          <reporter-output>
          </reporter-output>
        </test-method> <!-- Accept_DuplicateAddress_Differentuser -->
        <test-method status="PASS" signature="tearDown(org.testng.ITestResult)[pri:0, instance:com.minimizedScenariosExtentReport.Verify_Duplicate@7690781]" name="tearDown" is-config="true" duration-ms="1" started-at="2020-07-02T13:04:42 IST" finished-at="2020-07-02T13:04:42 IST">
          <params>
            <param index="0">
              <value>
                <![CDATA[[TestResult name=Accept_DuplicateAddress_Differentuser status=SUCCESS method=Verify_Duplicate.Accept_DuplicateAddress_Differentuser()[pri:3, instance:com.minimizedScenariosExtentReport.Verify_Duplicate@7690781] output={null}]]]>
              </value>
            </param>
          </params>
          <reporter-output>
          </reporter-output>
        </test-method> <!-- tearDown -->
        <test-method status="PASS" signature="Accept_Duplicate_Telephonumber()[pri:4, instance:com.minimizedScenariosExtentReport.Verify_Duplicate@7690781]" name="Accept_Duplicate_Telephonumber" duration-ms="5348" started-at="2020-07-02T13:04:42 IST" finished-at="2020-07-02T13:04:47 IST">
          <reporter-output>
          </reporter-output>
        </test-method> <!-- Accept_Duplicate_Telephonumber -->
        <test-method status="PASS" signature="tearDown(org.testng.ITestResult)[pri:0, instance:com.minimizedScenariosExtentReport.Verify_Duplicate@7690781]" name="tearDown" is-config="true" duration-ms="1" started-at="2020-07-02T13:04:47 IST" finished-at="2020-07-02T13:04:47 IST">
          <params>
            <param index="0">
              <value>
                <![CDATA[[TestResult name=Accept_Duplicate_Telephonumber status=SUCCESS method=Verify_Duplicate.Accept_Duplicate_Telephonumber()[pri:4, instance:com.minimizedScenariosExtentReport.Verify_Duplicate@7690781] output={null}]]]>
              </value>
            </param>
          </params>
          <reporter-output>
          </reporter-output>
        </test-method> <!-- tearDown -->
        <test-method status="PASS" signature="Accept_samemobileno_telephonenumber()[pri:5, instance:com.minimizedScenariosExtentReport.Verify_Duplicate@7690781]" name="Accept_samemobileno_telephonenumber" duration-ms="584" started-at="2020-07-02T13:04:47 IST" finished-at="2020-07-02T13:04:48 IST">
          <reporter-output>
          </reporter-output>
        </test-method> <!-- Accept_samemobileno_telephonenumber -->
        <test-method status="PASS" signature="Duplicate_Compartmental_Pass_Subject()[pri:6, instance:com.minimizedScenariosExtentReport.Verify_Duplicate@7690781]" name="Duplicate_Compartmental_Pass_Subject" duration-ms="15504" started-at="2020-07-02T13:04:48 IST" finished-at="2020-07-02T13:05:03 IST">
          <reporter-output>
          </reporter-output>
        </test-method> <!-- Duplicate_Compartmental_Pass_Subject -->
        <test-method status="PASS" signature="tearDown(org.testng.ITestResult)[pri:0, instance:com.minimizedScenariosExtentReport.Verify_Duplicate@7690781]" name="tearDown" is-config="true" duration-ms="0" started-at="2020-07-02T13:04:48 IST" finished-at="2020-07-02T13:04:48 IST">
          <params>
            <param index="0">
              <value>
                <![CDATA[[TestResult name=Accept_samemobileno_telephonenumber status=SUCCESS method=Verify_Duplicate.Accept_samemobileno_telephonenumber()[pri:5, instance:com.minimizedScenariosExtentReport.Verify_Duplicate@7690781] output={null}]]]>
              </value>
            </param>
          </params>
          <reporter-output>
          </reporter-output>
        </test-method> <!-- tearDown -->
        <test-method status="PASS" signature="CheckDuplicacy_College_Stream()[pri:7, instance:com.minimizedScenariosExtentReport.Verify_Duplicate@7690781]" name="CheckDuplicacy_College_Stream" duration-ms="3514" started-at="2020-07-02T13:05:03 IST" finished-at="2020-07-02T13:05:07 IST">
          <reporter-output>
          </reporter-output>
        </test-method> <!-- CheckDuplicacy_College_Stream -->
        <test-method status="PASS" signature="tearDown(org.testng.ITestResult)[pri:0, instance:com.minimizedScenariosExtentReport.Verify_Duplicate@7690781]" name="tearDown" is-config="true" duration-ms="0" started-at="2020-07-02T13:05:03 IST" finished-at="2020-07-02T13:05:03 IST">
          <params>
            <param index="0">
              <value>
                <![CDATA[[TestResult name=Duplicate_Compartmental_Pass_Subject status=SUCCESS method=Verify_Duplicate.Duplicate_Compartmental_Pass_Subject()[pri:6, instance:com.minimizedScenariosExtentReport.Verify_Duplicate@7690781] output={null}]]]>
              </value>
            </param>
          </params>
          <reporter-output>
          </reporter-output>
        </test-method> <!-- tearDown -->
        <test-method status="PASS" signature="Duplicate_Firstandforthelectivesubject_notapply()[pri:8, instance:com.minimizedScenariosExtentReport.Verify_Duplicate@7690781]" name="Duplicate_Firstandforthelectivesubject_notapply" duration-ms="16884" started-at="2020-07-02T13:05:07 IST" finished-at="2020-07-02T13:05:24 IST">
          <reporter-output>
          </reporter-output>
        </test-method> <!-- Duplicate_Firstandforthelectivesubject_notapply -->
        <test-method status="PASS" signature="tearDown(org.testng.ITestResult)[pri:0, instance:com.minimizedScenariosExtentReport.Verify_Duplicate@7690781]" name="tearDown" is-config="true" duration-ms="0" started-at="2020-07-02T13:05:07 IST" finished-at="2020-07-02T13:05:07 IST">
          <params>
            <param index="0">
              <value>
                <![CDATA[[TestResult name=CheckDuplicacy_College_Stream status=SUCCESS method=Verify_Duplicate.CheckDuplicacy_College_Stream()[pri:7, instance:com.minimizedScenariosExtentReport.Verify_Duplicate@7690781] output={null}]]]>
              </value>
            </param>
          </params>
          <reporter-output>
          </reporter-output>
        </test-method> <!-- tearDown -->
        <test-method status="PASS" signature="Duplicate_Firstandsecondelectivesubject_notapply()[pri:9, instance:com.minimizedScenariosExtentReport.Verify_Duplicate@7690781]" name="Duplicate_Firstandsecondelectivesubject_notapply" duration-ms="6982" started-at="2020-07-02T13:05:24 IST" finished-at="2020-07-02T13:05:31 IST">
          <reporter-output>
          </reporter-output>
        </test-method> <!-- Duplicate_Firstandsecondelectivesubject_notapply -->
        <test-method status="PASS" signature="tearDown(org.testng.ITestResult)[pri:0, instance:com.minimizedScenariosExtentReport.Verify_Duplicate@7690781]" name="tearDown" is-config="true" duration-ms="0" started-at="2020-07-02T13:05:24 IST" finished-at="2020-07-02T13:05:24 IST">
          <params>
            <param index="0">
              <value>
                <![CDATA[[TestResult name=Duplicate_Firstandforthelectivesubject_notapply status=SUCCESS method=Verify_Duplicate.Duplicate_Firstandforthelectivesubject_notapply()[pri:8, instance:com.minimizedScenariosExtentReport.Verify_Duplicate@7690781] output={null}]]]>
              </value>
            </param>
          </params>
          <reporter-output>
          </reporter-output>
        </test-method> <!-- tearDown -->
        <test-method status="PASS" signature="tearDown(org.testng.ITestResult)[pri:0, instance:com.minimizedScenariosExtentReport.Verify_Duplicate@7690781]" name="tearDown" is-config="true" duration-ms="0" started-at="2020-07-02T13:05:31 IST" finished-at="2020-07-02T13:05:31 IST">
          <params>
            <param index="0">
              <value>
                <![CDATA[[TestResult name=Duplicate_Firstandsecondelectivesubject_notapply status=SUCCESS method=Verify_Duplicate.Duplicate_Firstandsecondelectivesubject_notapply()[pri:9, instance:com.minimizedScenariosExtentReport.Verify_Duplicate@7690781] output={null}]]]>
              </value>
            </param>
          </params>
          <reporter-output>
          </reporter-output>
        </test-method> <!-- tearDown -->
        <test-method status="PASS" signature="Duplicate_Firstandthirdelectivesubject_notapply()[pri:10, instance:com.minimizedScenariosExtentReport.Verify_Duplicate@7690781]" name="Duplicate_Firstandthirdelectivesubject_notapply" duration-ms="11649" started-at="2020-07-02T13:05:31 IST" finished-at="2020-07-02T13:05:42 IST">
          <reporter-output>
          </reporter-output>
        </test-method> <!-- Duplicate_Firstandthirdelectivesubject_notapply -->
        <test-method status="PASS" signature="Verify_Duplicate_Fourthelectivesubject()[pri:11, instance:com.minimizedScenariosExtentReport.Verify_Duplicate@7690781]" name="Verify_Duplicate_Fourthelectivesubject" duration-ms="13848" started-at="2020-07-02T13:05:42 IST" finished-at="2020-07-02T13:05:56 IST">
          <reporter-output>
          </reporter-output>
        </test-method> <!-- Verify_Duplicate_Fourthelectivesubject -->
        <test-method status="PASS" signature="tearDown(org.testng.ITestResult)[pri:0, instance:com.minimizedScenariosExtentReport.Verify_Duplicate@7690781]" name="tearDown" is-config="true" duration-ms="0" started-at="2020-07-02T13:05:42 IST" finished-at="2020-07-02T13:05:42 IST">
          <params>
            <param index="0">
              <value>
                <![CDATA[[TestResult name=Duplicate_Firstandthirdelectivesubject_notapply status=SUCCESS method=Verify_Duplicate.Duplicate_Firstandthirdelectivesubject_notapply()[pri:10, instance:com.minimizedScenariosExtentReport.Verify_Duplicate@7690781] output={null}]]]>
              </value>
            </param>
          </params>
          <reporter-output>
          </reporter-output>
        </test-method> <!-- tearDown -->
        <test-method status="PASS" signature="finish()[pri:0, instance:com.minimizedScenariosExtentReport.Verify_Duplicate@7690781]" name="finish" is-config="true" duration-ms="1939" started-at="2020-07-02T13:05:56 IST" finished-at="2020-07-02T13:05:58 IST">
          <reporter-output>
          </reporter-output>
        </test-method> <!-- finish -->
        <test-method status="PASS" signature="tearDown(org.testng.ITestResult)[pri:0, instance:com.minimizedScenariosExtentReport.Verify_Duplicate@7690781]" name="tearDown" is-config="true" duration-ms="0" started-at="2020-07-02T13:05:56 IST" finished-at="2020-07-02T13:05:56 IST">
          <params>
            <param index="0">
              <value>
                <![CDATA[[TestResult name=Verify_Duplicate_Fourthelectivesubject status=SUCCESS method=Verify_Duplicate.Verify_Duplicate_Fourthelectivesubject()[pri:11, instance:com.minimizedScenariosExtentReport.Verify_Duplicate@7690781] output={null}]]]>
              </value>
            </param>
          </params>
          <reporter-output>
          </reporter-output>
        </test-method> <!-- tearDown -->
      </class> <!-- com.minimizedScenariosExtentReport.Verify_Duplicate -->
    </test> <!-- Test -->
    <test name="Uniqueelectivesubject" duration-ms="78818" started-at="2020-07-02T13:05:58 IST" finished-at="2020-07-02T13:07:17 IST">
      <class name="com.minimizedScenariosExtentReport.Uniqueelectivesubject">
        <test-method status="PASS" signature="Setup()[pri:0, instance:com.minimizedScenariosExtentReport.Uniqueelectivesubject@a3d8174]" name="Setup" is-config="true" duration-ms="24722" started-at="2020-07-02T13:05:58 IST" finished-at="2020-07-02T13:06:23 IST">
          <reporter-output>
          </reporter-output>
        </test-method> <!-- Setup -->
        <test-method status="PASS" signature="Accept_Uniqueelectivesubject()[pri:0, instance:com.minimizedScenariosExtentReport.Uniqueelectivesubject@a3d8174]" name="Accept_Uniqueelectivesubject" duration-ms="50674" started-at="2020-07-02T13:06:23 IST" finished-at="2020-07-02T13:07:14 IST">
          <reporter-output>
          </reporter-output>
        </test-method> <!-- Accept_Uniqueelectivesubject -->
        <test-method status="PASS" signature="tearDown(org.testng.ITestResult)[pri:0, instance:com.minimizedScenariosExtentReport.Uniqueelectivesubject@a3d8174]" name="tearDown" is-config="true" duration-ms="1" started-at="2020-07-02T13:07:14 IST" finished-at="2020-07-02T13:07:14 IST">
          <params>
            <param index="0">
              <value>
                <![CDATA[[TestResult name=Accept_Uniqueelectivesubject status=SUCCESS method=Uniqueelectivesubject.Accept_Uniqueelectivesubject()[pri:0, instance:com.minimizedScenariosExtentReport.Uniqueelectivesubject@a3d8174] output={null}]]]>
              </value>
            </param>
          </params>
          <reporter-output>
          </reporter-output>
        </test-method> <!-- tearDown -->
        <test-method status="PASS" signature="Accept_Uniqueforthelectivesubject()[pri:1, instance:com.minimizedScenariosExtentReport.Uniqueelectivesubject@a3d8174]" name="Accept_Uniqueforthelectivesubject" duration-ms="343" started-at="2020-07-02T13:07:14 IST" finished-at="2020-07-02T13:07:14 IST">
          <reporter-output>
          </reporter-output>
        </test-method> <!-- Accept_Uniqueforthelectivesubject -->
        <test-method status="PASS" signature="tearDown(org.testng.ITestResult)[pri:0, instance:com.minimizedScenariosExtentReport.Uniqueelectivesubject@a3d8174]" name="tearDown" is-config="true" duration-ms="1" started-at="2020-07-02T13:07:14 IST" finished-at="2020-07-02T13:07:14 IST">
          <params>
            <param index="0">
              <value>
                <![CDATA[[TestResult name=Accept_Uniqueforthelectivesubject status=SUCCESS method=Uniqueelectivesubject.Accept_Uniqueforthelectivesubject()[pri:1, instance:com.minimizedScenariosExtentReport.Uniqueelectivesubject@a3d8174] output={null}]]]>
              </value>
            </param>
          </params>
          <reporter-output>
          </reporter-output>
        </test-method> <!-- tearDown -->
        <test-method status="PASS" signature="Verify_Accepting_Duplicate_10thdata()[pri:2, instance:com.minimizedScenariosExtentReport.Uniqueelectivesubject@a3d8174]" name="Verify_Accepting_Duplicate_10thdata" duration-ms="1588" started-at="2020-07-02T13:07:14 IST" finished-at="2020-07-02T13:07:16 IST">
          <reporter-output>
          </reporter-output>
        </test-method> <!-- Verify_Accepting_Duplicate_10thdata -->
        <test-method status="PASS" signature="tearDown(org.testng.ITestResult)[pri:0, instance:com.minimizedScenariosExtentReport.Uniqueelectivesubject@a3d8174]" name="tearDown" is-config="true" duration-ms="1" started-at="2020-07-02T13:07:16 IST" finished-at="2020-07-02T13:07:16 IST">
          <params>
            <param index="0">
              <value>
                <![CDATA[[TestResult name=Verify_Accepting_Duplicate_10thdata status=SUCCESS method=Uniqueelectivesubject.Verify_Accepting_Duplicate_10thdata()[pri:2, instance:com.minimizedScenariosExtentReport.Uniqueelectivesubject@a3d8174] output={null}]]]>
              </value>
            </param>
          </params>
          <reporter-output>
          </reporter-output>
        </test-method> <!-- tearDown -->
        <test-method status="PASS" signature="finish()[pri:0, instance:com.minimizedScenariosExtentReport.Uniqueelectivesubject@a3d8174]" name="finish" is-config="true" duration-ms="1487" started-at="2020-07-02T13:07:16 IST" finished-at="2020-07-02T13:07:17 IST">
          <reporter-output>
          </reporter-output>
        </test-method> <!-- finish -->
      </class> <!-- com.minimizedScenariosExtentReport.Uniqueelectivesubject -->
    </test> <!-- Uniqueelectivesubject -->
    <test name="Alloutside_StateANDWithoutreservation" duration-ms="324837" started-at="2020-07-02T13:07:18 IST" finished-at="2020-07-02T13:12:42 IST">
      <class name="com.minimizedScenariosExtentReport.Alloutside_StateANDWithoutreservation">
        <test-method status="PASS" signature="Setup()[pri:0, instance:com.minimizedScenariosExtentReport.Alloutside_StateANDWithoutreservation@4e096385]" name="Setup" is-config="true" duration-ms="20995" started-at="2020-07-02T13:07:18 IST" finished-at="2020-07-02T13:07:39 IST">
          <reporter-output>
          </reporter-output>
        </test-method> <!-- Setup -->
        <test-method status="FAIL" signature="Alloutside_State()[pri:0, instance:com.minimizedScenariosExtentReport.Alloutside_StateANDWithoutreservation@4e096385]" name="Alloutside_State" duration-ms="303438" started-at="2020-07-02T13:07:39 IST" finished-at="2020-07-02T13:12:42 IST">
          <exception class="org.openqa.selenium.NoSuchElementException">
            <message>
              <![CDATA[Cannot locate an element using css selector=#form1 > div:nth-child(4) > table > tbody > tr:nth-child(5) > td > input:nth-child(1)
For documentation on this error, please visit: https://www.seleniumhq.org/exceptions/no_such_element.html
Build info: version: '3.141.59', revision: 'e82be7d358', time: '2018-11-14T08:17:03'
System info: host: 'CSMBHUL251', ip: '10.0.75.1', os.name: 'Windows 10', os.arch: 'amd64', os.version: '10.0', java.version: '1.8.0_181'
Driver info: driver.version: RemoteWebDriver]]>
            </message>
            <full-stacktrace>
              <![CDATA[org.openqa.selenium.NoSuchElementException: Cannot locate an element using css selector=#form1 > div:nth-child(4) > table > tbody > tr:nth-child(5) > td > input:nth-child(1)
For documentation on this error, please visit: https://www.seleniumhq.org/exceptions/no_such_element.html
Build info: version: '3.141.59', revision: 'e82be7d358', time: '2018-11-14T08:17:03'
System info: host: 'CSMBHUL251', ip: '10.0.75.1', os.name: 'Windows 10', os.arch: 'amd64', os.version: '10.0', java.version: '1.8.0_181'
Driver info: driver.version: RemoteWebDriver
at org.openqa.selenium.remote.RemoteWebDriver.findElement(RemoteWebDriver.java:327)
at org.openqa.selenium.remote.RemoteWebDriver.findElementByCssSelector(RemoteWebDriver.java:420)
at org.openqa.selenium.By$ByCssSelector.findElement(By.java:431)
at org.openqa.selenium.remote.RemoteWebDriver.findElement(RemoteWebDriver.java:315)
at com.minimizedScenariosExtentReport.Alloutside_StateANDWithoutreservation.Alloutside_State(Alloutside_StateANDWithoutreservation.java:165)
at sun.reflect.NativeMethodAccessorImpl.invoke0(Native Method)
at sun.reflect.NativeMethodAccessorImpl.invoke(NativeMethodAccessorImpl.java:62)
at sun.reflect.DelegatingMethodAccessorImpl.invoke(DelegatingMethodAccessorImpl.java:43)
at java.lang.reflect.Method.invoke(Method.java:498)
at org.testng.internal.MethodInvocationHelper.invokeMethod(MethodInvocationHelper.java:134)
at org.testng.internal.TestInvoker.invokeMethod(TestInvoker.java:597)
at org.testng.internal.TestInvoker.invokeTestMethod(TestInvoker.java:173)
at org.testng.internal.MethodRunner.runInSequence(MethodRunner.java:46)
at org.testng.internal.TestInvoker$MethodInvocationAgent.invoke(TestInvoker.java:816)
at org.testng.internal.TestInvoker.invokeTestMethods(TestInvoker.java:146)
at org.testng.internal.TestMethodWorker.invokeTestMethods(TestMethodWorker.java:146)
at org.testng.internal.TestMethodWorker.run(TestMethodWorker.java:128)
at java.util.ArrayList.forEach(ArrayList.java:1257)
at org.testng.TestRunner.privateRun(TestRunner.java:766)
at org.testng.TestRunner.run(TestRunner.java:587)
at org.testng.SuiteRunner.runTest(SuiteRunner.java:384)
at org.testng.SuiteRunner.runSequentially(SuiteRunner.java:378)
at org.testng.SuiteRunner.privateRun(SuiteRunner.java:337)
at org.testng.SuiteRunner.run(SuiteRunner.java:286)
at org.testng.SuiteRunnerWorker.runSuite(SuiteRunnerWorker.java:53)
at org.testng.SuiteRunnerWorker.run(SuiteRunnerWorker.java:96)
at org.testng.TestNG.runSuitesSequentially(TestNG.java:1187)
at org.testng.TestNG.runSuitesLocally(TestNG.java:1109)
at org.testng.TestNG.runSuites(TestNG.java:1039)
at org.testng.TestNG.run(TestNG.java:1007)
at org.apache.maven.surefire.testng.TestNGExecutor.run(TestNGExecutor.java:283)
at org.apache.maven.surefire.testng.TestNGXmlTestSuite.execute(TestNGXmlTestSuite.java:75)
at org.apache.maven.surefire.testng.TestNGProvider.invoke(TestNGProvider.java:120)
at org.apache.maven.surefire.booter.ForkedBooter.runSuitesInProcess(ForkedBooter.java:377)
at org.apache.maven.surefire.booter.ForkedBooter.execute(ForkedBooter.java:138)
at org.apache.maven.surefire.booter.ForkedBooter.run(ForkedBooter.java:465)
at org.apache.maven.surefire.booter.ForkedBooter.main(ForkedBooter.java:451)
]]>
            </full-stacktrace>
          </exception> <!-- org.openqa.selenium.NoSuchElementException -->
          <reporter-output>
          </reporter-output>
        </test-method> <!-- Alloutside_State -->
        <test-method status="FAIL" signature="tearDown(org.testng.ITestResult)[pri:0, instance:com.minimizedScenariosExtentReport.Alloutside_StateANDWithoutreservation@4e096385]" name="tearDown" is-config="true" duration-ms="368" started-at="2020-07-02T13:12:42 IST" finished-at="2020-07-02T13:12:42 IST">
          <params>
            <param index="0">
              <value>
                <![CDATA[[TestResult name=Alloutside_State status=FAILURE method=Alloutside_StateANDWithoutreservation.Alloutside_State()[pri:0, instance:com.minimizedScenariosExtentReport.Alloutside_StateANDWithoutreservation@4e096385] output={null}]]]>
              </value>
            </param>
          </params>
          <exception class="org.openqa.selenium.NoSuchWindowException">
            <message>
              <![CDATA[no such window: target window already closed
from unknown error: web view not found
  (Session info: chrome=83.0.4103.116)
Build info: version: '3.141.59', revision: 'e82be7d358', time: '2018-11-14T08:17:03'
System info: host: 'CSMBHUL251', ip: '10.0.75.1', os.name: 'Windows 10', os.arch: 'amd64', os.version: '10.0', java.version: '1.8.0_181'
Driver info: org.openqa.selenium.chrome.ChromeDriver
Capabilities {acceptInsecureCerts: false, browserName: chrome, browserVersion: 83.0.4103.116, chrome: {chromedriverVersion: 83.0.4103.39 (ccbf011cb2d2b..., userDataDir: C:\Users\SATYAR~1.M\AppData...}, goog:chromeOptions: {debuggerAddress: localhost:52403}, javascriptEnabled: true, networkConnectionEnabled: false, pageLoadStrategy: normal, platform: WINDOWS, platformName: WINDOWS, proxy: Proxy(), setWindowRect: true, strictFileInteractability: false, timeouts: {implicit: 0, pageLoad: 300000, script: 30000}, unhandledPromptBehavior: dismiss and notify, webauthn:virtualAuthenticators: true}
Session ID: 21104aa9030b7a392fa6a68a02b83466]]>
            </message>
            <full-stacktrace>
              <![CDATA[org.openqa.selenium.NoSuchWindowException: no such window: target window already closed
from unknown error: web view not found
  (Session info: chrome=83.0.4103.116)
Build info: version: '3.141.59', revision: 'e82be7d358', time: '2018-11-14T08:17:03'
System info: host: 'CSMBHUL251', ip: '10.0.75.1', os.name: 'Windows 10', os.arch: 'amd64', os.version: '10.0', java.version: '1.8.0_181'
Driver info: org.openqa.selenium.chrome.ChromeDriver
Capabilities {acceptInsecureCerts: false, browserName: chrome, browserVersion: 83.0.4103.116, chrome: {chromedriverVersion: 83.0.4103.39 (ccbf011cb2d2b..., userDataDir: C:\Users\SATYAR~1.M\AppData...}, goog:chromeOptions: {debuggerAddress: localhost:52403}, javascriptEnabled: true, networkConnectionEnabled: false, pageLoadStrategy: normal, platform: WINDOWS, platformName: WINDOWS, proxy: Proxy(), setWindowRect: true, strictFileInteractability: false, timeouts: {implicit: 0, pageLoad: 300000, script: 30000}, unhandledPromptBehavior: dismiss and notify, webauthn:virtualAuthenticators: true}
Session ID: 21104aa9030b7a392fa6a68a02b83466
at sun.reflect.NativeConstructorAccessorImpl.newInstance0(Native Method)
at sun.reflect.NativeConstructorAccessorImpl.newInstance(NativeConstructorAccessorImpl.java:62)
at sun.reflect.DelegatingConstructorAccessorImpl.newInstance(DelegatingConstructorAccessorImpl.java:45)
at java.lang.reflect.Constructor.newInstance(Constructor.java:423)
at org.openqa.selenium.remote.http.W3CHttpResponseCodec.createException(W3CHttpResponseCodec.java:187)
at org.openqa.selenium.remote.http.W3CHttpResponseCodec.decode(W3CHttpResponseCodec.java:122)
at org.openqa.selenium.remote.http.W3CHttpResponseCodec.decode(W3CHttpResponseCodec.java:49)
at org.openqa.selenium.remote.HttpCommandExecutor.execute(HttpCommandExecutor.java:158)
at org.openqa.selenium.remote.service.DriverCommandExecutor.execute(DriverCommandExecutor.java:83)
at org.openqa.selenium.remote.RemoteWebDriver.execute(RemoteWebDriver.java:552)
at org.openqa.selenium.remote.RemoteWebDriver.execute(RemoteWebDriver.java:609)
at org.openqa.selenium.remote.RemoteWebDriver.getScreenshotAs(RemoteWebDriver.java:295)
at com.testscenariosSmokeTest.Testc.getScreenshot(Testc.java:105)
at com.minimizedScenariosExtentReport.Alloutside_StateANDWithoutreservation.tearDown(Alloutside_StateANDWithoutreservation.java:232)
at sun.reflect.NativeMethodAccessorImpl.invoke0(Native Method)
at sun.reflect.NativeMethodAccessorImpl.invoke(NativeMethodAccessorImpl.java:62)
at sun.reflect.DelegatingMethodAccessorImpl.invoke(DelegatingMethodAccessorImpl.java:43)
at java.lang.reflect.Method.invoke(Method.java:498)
at org.testng.internal.MethodInvocationHelper.invokeMethod(MethodInvocationHelper.java:134)
at org.testng.internal.MethodInvocationHelper.invokeMethodConsideringTimeout(MethodInvocationHelper.java:63)
at org.testng.internal.ConfigInvoker.invokeConfigurationMethod(ConfigInvoker.java:348)
at org.testng.internal.ConfigInvoker.invokeConfigurations(ConfigInvoker.java:302)
at org.testng.internal.TestInvoker.runConfigMethods(TestInvoker.java:695)
at org.testng.internal.TestInvoker.runAfterGroupsConfigurations(TestInvoker.java:671)
at org.testng.internal.TestInvoker.invokeMethod(TestInvoker.java:655)
at org.testng.internal.TestInvoker.invokeTestMethod(TestInvoker.java:173)
at org.testng.internal.MethodRunner.runInSequence(MethodRunner.java:46)
at org.testng.internal.TestInvoker$MethodInvocationAgent.invoke(TestInvoker.java:816)
at org.testng.internal.TestInvoker.invokeTestMethods(TestInvoker.java:146)
at org.testng.internal.TestMethodWorker.invokeTestMethods(TestMethodWorker.java:146)
at org.testng.internal.TestMethodWorker.run(TestMethodWorker.java:128)
at java.util.ArrayList.forEach(ArrayList.java:1257)
at org.testng.TestRunner.privateRun(TestRunner.java:766)
at org.testng.TestRunner.run(TestRunner.java:587)
at org.testng.SuiteRunner.runTest(SuiteRunner.java:384)
at org.testng.SuiteRunner.runSequentially(SuiteRunner.java:378)
at org.testng.SuiteRunner.privateRun(SuiteRunner.java:337)
at org.testng.SuiteRunner.run(SuiteRunner.java:286)
at org.testng.SuiteRunnerWorker.runSuite(SuiteRunnerWorker.java:53)
at org.testng.SuiteRunnerWorker.run(SuiteRunnerWorker.java:96)
at org.testng.TestNG.runSuitesSequentially(TestNG.java:1187)
at org.testng.TestNG.runSuitesLocally(TestNG.java:1109)
at org.testng.TestNG.runSuites(TestNG.java:1039)
at org.testng.TestNG.run(TestNG.java:1007)
at org.apache.maven.surefire.testng.TestNGExecutor.run(TestNGExecutor.java:283)
at org.apache.maven.surefire.testng.TestNGXmlTestSuite.execute(TestNGXmlTestSuite.java:75)
at org.apache.maven.surefire.testng.TestNGProvider.invoke(TestNGProvider.java:120)
at org.apache.maven.surefire.booter.ForkedBooter.runSuitesInProcess(ForkedBooter.java:377)
at org.apache.maven.surefire.booter.ForkedBooter.execute(ForkedBooter.java:138)
at org.apache.maven.surefire.booter.ForkedBooter.run(ForkedBooter.java:465)
at org.apache.maven.surefire.booter.ForkedBooter.main(ForkedBooter.java:451)
]]>
            </full-stacktrace>
          </exception> <!-- org.openqa.selenium.NoSuchWindowException -->
          <reporter-output>
          </reporter-output>
        </test-method> <!-- tearDown -->
        <test-method status="SKIP" signature="Withoutreservation()[pri:1, instance:com.minimizedScenariosExtentReport.Alloutside_StateANDWithoutreservation@4e096385]" name="Withoutreservation" duration-ms="0" started-at="2020-07-02T13:12:42 IST" finished-at="2020-07-02T13:12:42 IST">
          <exception class="org.openqa.selenium.NoSuchWindowException">
            <message>
              <![CDATA[no such window: target window already closed
from unknown error: web view not found
  (Session info: chrome=83.0.4103.116)
Build info: version: '3.141.59', revision: 'e82be7d358', time: '2018-11-14T08:17:03'
System info: host: 'CSMBHUL251', ip: '10.0.75.1', os.name: 'Windows 10', os.arch: 'amd64', os.version: '10.0', java.version: '1.8.0_181'
Driver info: org.openqa.selenium.chrome.ChromeDriver
Capabilities {acceptInsecureCerts: false, browserName: chrome, browserVersion: 83.0.4103.116, chrome: {chromedriverVersion: 83.0.4103.39 (ccbf011cb2d2b..., userDataDir: C:\Users\SATYAR~1.M\AppData...}, goog:chromeOptions: {debuggerAddress: localhost:52403}, javascriptEnabled: true, networkConnectionEnabled: false, pageLoadStrategy: normal, platform: WINDOWS, platformName: WINDOWS, proxy: Proxy(), setWindowRect: true, strictFileInteractability: false, timeouts: {implicit: 0, pageLoad: 300000, script: 30000}, unhandledPromptBehavior: dismiss and notify, webauthn:virtualAuthenticators: true}
Session ID: 21104aa9030b7a392fa6a68a02b83466]]>
            </message>
            <full-stacktrace>
              <![CDATA[org.openqa.selenium.NoSuchWindowException: no such window: target window already closed
from unknown error: web view not found
  (Session info: chrome=83.0.4103.116)
Build info: version: '3.141.59', revision: 'e82be7d358', time: '2018-11-14T08:17:03'
System info: host: 'CSMBHUL251', ip: '10.0.75.1', os.name: 'Windows 10', os.arch: 'amd64', os.version: '10.0', java.version: '1.8.0_181'
Driver info: org.openqa.selenium.chrome.ChromeDriver
Capabilities {acceptInsecureCerts: false, browserName: chrome, browserVersion: 83.0.4103.116, chrome: {chromedriverVersion: 83.0.4103.39 (ccbf011cb2d2b..., userDataDir: C:\Users\SATYAR~1.M\AppData...}, goog:chromeOptions: {debuggerAddress: localhost:52403}, javascriptEnabled: true, networkConnectionEnabled: false, pageLoadStrategy: normal, platform: WINDOWS, platformName: WINDOWS, proxy: Proxy(), setWindowRect: true, strictFileInteractability: false, timeouts: {implicit: 0, pageLoad: 300000, script: 30000}, unhandledPromptBehavior: dismiss and notify, webauthn:virtualAuthenticators: true}
Session ID: 21104aa9030b7a392fa6a68a02b83466
at sun.reflect.NativeConstructorAccessorImpl.newInstance0(Native Method)
at sun.reflect.NativeConstructorAccessorImpl.newInstance(NativeConstructorAccessorImpl.java:62)
at sun.reflect.DelegatingConstructorAccessorImpl.newInstance(DelegatingConstructorAccessorImpl.java:45)
at java.lang.reflect.Constructor.newInstance(Constructor.java:423)
at org.openqa.selenium.remote.http.W3CHttpResponseCodec.createException(W3CHttpResponseCodec.java:187)
at org.openqa.selenium.remote.http.W3CHttpResponseCodec.decode(W3CHttpResponseCodec.java:122)
at org.openqa.selenium.remote.http.W3CHttpResponseCodec.decode(W3CHttpResponseCodec.java:49)
at org.openqa.selenium.remote.HttpCommandExecutor.execute(HttpCommandExecutor.java:158)
at org.openqa.selenium.remote.service.DriverCommandExecutor.execute(DriverCommandExecutor.java:83)
at org.openqa.selenium.remote.RemoteWebDriver.execute(RemoteWebDriver.java:552)
at org.openqa.selenium.remote.RemoteWebDriver.execute(RemoteWebDriver.java:609)
at org.openqa.selenium.remote.RemoteWebDriver.getScreenshotAs(RemoteWebDriver.java:295)
at com.testscenariosSmokeTest.Testc.getScreenshot(Testc.java:105)
at com.minimizedScenariosExtentReport.Alloutside_StateANDWithoutreservation.tearDown(Alloutside_StateANDWithoutreservation.java:232)
at sun.reflect.NativeMethodAccessorImpl.invoke0(Native Method)
at sun.reflect.NativeMethodAccessorImpl.invoke(NativeMethodAccessorImpl.java:62)
at sun.reflect.DelegatingMethodAccessorImpl.invoke(DelegatingMethodAccessorImpl.java:43)
at java.lang.reflect.Method.invoke(Method.java:498)
at org.testng.internal.MethodInvocationHelper.invokeMethod(MethodInvocationHelper.java:134)
at org.testng.internal.MethodInvocationHelper.invokeMethodConsideringTimeout(MethodInvocationHelper.java:63)
at org.testng.internal.ConfigInvoker.invokeConfigurationMethod(ConfigInvoker.java:348)
at org.testng.internal.ConfigInvoker.invokeConfigurations(ConfigInvoker.java:302)
at org.testng.internal.TestInvoker.runConfigMethods(TestInvoker.java:695)
at org.testng.internal.TestInvoker.runAfterGroupsConfigurations(TestInvoker.java:671)
at org.testng.internal.TestInvoker.invokeMethod(TestInvoker.java:655)
at org.testng.internal.TestInvoker.invokeTestMethod(TestInvoker.java:173)
at org.testng.internal.MethodRunner.runInSequence(MethodRunner.java:46)
at org.testng.internal.TestInvoker$MethodInvocationAgent.invoke(TestInvoker.java:816)
at org.testng.internal.TestInvoker.invokeTestMethods(TestInvoker.java:146)
at org.testng.internal.TestMethodWorker.invokeTestMethods(TestMethodWorker.java:146)
at org.testng.internal.TestMethodWorker.run(TestMethodWorker.java:128)
at java.util.ArrayList.forEach(ArrayList.java:1257)
at org.testng.TestRunner.privateRun(TestRunner.java:766)
at org.testng.TestRunner.run(TestRunner.java:587)
at org.testng.SuiteRunner.runTest(SuiteRunner.java:384)
at org.testng.SuiteRunner.runSequentially(SuiteRunner.java:378)
at org.testng.SuiteRunner.privateRun(SuiteRunner.java:337)
at org.testng.SuiteRunner.run(SuiteRunner.java:286)
at org.testng.SuiteRunnerWorker.runSuite(SuiteRunnerWorker.java:53)
at org.testng.SuiteRunnerWorker.run(SuiteRunnerWorker.java:96)
at org.testng.TestNG.runSuitesSequentially(TestNG.java:1187)
at org.testng.TestNG.runSuitesLocally(TestNG.java:1109)
at org.testng.TestNG.runSuites(TestNG.java:1039)
at org.testng.TestNG.run(TestNG.java:1007)
at org.apache.maven.surefire.testng.TestNGExecutor.run(TestNGExecutor.java:283)
at org.apache.maven.surefire.testng.TestNGXmlTestSuite.execute(TestNGXmlTestSuite.java:75)
at org.apache.maven.surefire.testng.TestNGProvider.invoke(TestNGProvider.java:120)
at org.apache.maven.surefire.booter.ForkedBooter.runSuitesInProcess(ForkedBooter.java:377)
at org.apache.maven.surefire.booter.ForkedBooter.execute(ForkedBooter.java:138)
at org.apache.maven.surefire.booter.ForkedBooter.run(ForkedBooter.java:465)
at org.apache.maven.surefire.booter.ForkedBooter.main(ForkedBooter.java:451)
]]>
            </full-stacktrace>
          </exception> <!-- org.openqa.selenium.NoSuchWindowException -->
          <reporter-output>
          </reporter-output>
        </test-method> <!-- Withoutreservation -->
        <test-method status="SKIP" signature="finish()[pri:0, instance:com.minimizedScenariosExtentReport.Alloutside_StateANDWithoutreservation@4e096385]" name="finish" is-config="true" duration-ms="-1593675762975" started-at="2020-07-02T13:12:42 IST" finished-at="1970-01-01T05:30:00 IST">
          <reporter-output>
          </reporter-output>
        </test-method> <!-- finish -->
        <test-method status="SKIP" signature="tearDown(org.testng.ITestResult)[pri:0, instance:com.minimizedScenariosExtentReport.Alloutside_StateANDWithoutreservation@4e096385]" name="tearDown" is-config="true" duration-ms="-1593675762975" started-at="2020-07-02T13:12:42 IST" finished-at="1970-01-01T05:30:00 IST">
          <reporter-output>
          </reporter-output>
        </test-method> <!-- tearDown -->
      </class> <!-- com.minimizedScenariosExtentReport.Alloutside_StateANDWithoutreservation -->
    </test> <!-- Alloutside_StateANDWithoutreservation -->
    <test name="CAFTest" duration-ms="55620" started-at="2020-07-02T13:12:43 IST" finished-at="2020-07-02T13:13:39 IST">
      <class name="com.minimizedScenariosExtentReport.CAFTest">
        <test-method status="FAIL" signature="MALECandidate_CAF_Apply()[pri:0, instance:com.minimizedScenariosExtentReport.CAFTest@2dde1bff]" name="MALECandidate_CAF_Apply" duration-ms="51014" started-at="2020-07-02T13:12:43 IST" finished-at="2020-07-02T13:13:34 IST">
          <exception class="org.openqa.selenium.NoSuchElementException">
            <message>
              <![CDATA[no such element: Unable to locate element: {"method":"css selector","selector":"#leftmenu_divDiploma > ul > li.FormApply.open > ul > li:nth-child(1) > a"}
  (Session info: chrome=83.0.4103.116)
For documentation on this error, please visit: https://www.seleniumhq.org/exceptions/no_such_element.html
Build info: version: '3.141.59', revision: 'e82be7d358', time: '2018-11-14T08:17:03'
System info: host: 'CSMBHUL251', ip: '10.0.75.1', os.name: 'Windows 10', os.arch: 'amd64', os.version: '10.0', java.version: '1.8.0_181'
Driver info: org.openqa.selenium.chrome.ChromeDriver
Capabilities {acceptInsecureCerts: false, browserName: chrome, browserVersion: 83.0.4103.116, chrome: {chromedriverVersion: 83.0.4103.39 (ccbf011cb2d2b..., userDataDir: C:\Users\SATYAR~1.M\AppData...}, goog:chromeOptions: {debuggerAddress: localhost:52522}, javascriptEnabled: true, networkConnectionEnabled: false, pageLoadStrategy: normal, platform: WINDOWS, platformName: WINDOWS, proxy: Proxy(), setWindowRect: true, strictFileInteractability: false, timeouts: {implicit: 0, pageLoad: 300000, script: 30000}, unhandledPromptBehavior: dismiss and notify, webauthn:virtualAuthenticators: true}
Session ID: 7b04aaf6286d98e7a50072a77dfa2b7f
*** Element info: {Using=css selector, value=#leftmenu_divDiploma > ul > li.FormApply.open > ul > li:nth-child(1) > a}]]>
            </message>
            <full-stacktrace>
              <![CDATA[org.openqa.selenium.NoSuchElementException: no such element: Unable to locate element: {"method":"css selector","selector":"#leftmenu_divDiploma > ul > li.FormApply.open > ul > li:nth-child(1) > a"}
  (Session info: chrome=83.0.4103.116)
For documentation on this error, please visit: https://www.seleniumhq.org/exceptions/no_such_element.html
Build info: version: '3.141.59', revision: 'e82be7d358', time: '2018-11-14T08:17:03'
System info: host: 'CSMBHUL251', ip: '10.0.75.1', os.name: 'Windows 10', os.arch: 'amd64', os.version: '10.0', java.version: '1.8.0_181'
Driver info: org.openqa.selenium.chrome.ChromeDriver
Capabilities {acceptInsecureCerts: false, browserName: chrome, browserVersion: 83.0.4103.116, chrome: {chromedriverVersion: 83.0.4103.39 (ccbf011cb2d2b..., userDataDir: C:\Users\SATYAR~1.M\AppData...}, goog:chromeOptions: {debuggerAddress: localhost:52522}, javascriptEnabled: true, networkConnectionEnabled: false, pageLoadStrategy: normal, platform: WINDOWS, platformName: WINDOWS, proxy: Proxy(), setWindowRect: true, strictFileInteractability: false, timeouts: {implicit: 0, pageLoad: 300000, script: 30000}, unhandledPromptBehavior: dismiss and notify, webauthn:virtualAuthenticators: true}
Session ID: 7b04aaf6286d98e7a50072a77dfa2b7f
*** Element info: {Using=css selector, value=#leftmenu_divDiploma > ul > li.FormApply.open > ul > li:nth-child(1) > a}
at sun.reflect.NativeConstructorAccessorImpl.newInstance0(Native Method)
at sun.reflect.NativeConstructorAccessorImpl.newInstance(NativeConstructorAccessorImpl.java:62)
at sun.reflect.DelegatingConstructorAccessorImpl.newInstance(DelegatingConstructorAccessorImpl.java:45)
at java.lang.reflect.Constructor.newInstance(Constructor.java:423)
at org.openqa.selenium.remote.http.W3CHttpResponseCodec.createException(W3CHttpResponseCodec.java:187)
at org.openqa.selenium.remote.http.W3CHttpResponseCodec.decode(W3CHttpResponseCodec.java:122)
at org.openqa.selenium.remote.http.W3CHttpResponseCodec.decode(W3CHttpResponseCodec.java:49)
at org.openqa.selenium.remote.HttpCommandExecutor.execute(HttpCommandExecutor.java:158)
at org.openqa.selenium.remote.service.DriverCommandExecutor.execute(DriverCommandExecutor.java:83)
at org.openqa.selenium.remote.RemoteWebDriver.execute(RemoteWebDriver.java:552)
at org.openqa.selenium.remote.RemoteWebDriver.findElement(RemoteWebDriver.java:323)
at org.openqa.selenium.remote.RemoteWebDriver.findElementByCssSelector(RemoteWebDriver.java:420)
at org.openqa.selenium.By$ByCssSelector.findElement(By.java:431)
at org.openqa.selenium.remote.RemoteWebDriver.findElement(RemoteWebDriver.java:315)
at com.minimizedScenariosExtentReport.CAFTest.MALECandidate_CAF_Apply(CAFTest.java:129)
at sun.reflect.NativeMethodAccessorImpl.invoke0(Native Method)
at sun.reflect.NativeMethodAccessorImpl.invoke(NativeMethodAccessorImpl.java:62)
at sun.reflect.DelegatingMethodAccessorImpl.invoke(DelegatingMethodAccessorImpl.java:43)
at java.lang.reflect.Method.invoke(Method.java:498)
at org.testng.internal.MethodInvocationHelper.invokeMethod(MethodInvocationHelper.java:134)
at org.testng.internal.TestInvoker.invokeMethod(TestInvoker.java:597)
at org.testng.internal.TestInvoker.invokeTestMethod(TestInvoker.java:173)
at org.testng.internal.MethodRunner.runInSequence(MethodRunner.java:46)
at org.testng.internal.TestInvoker$MethodInvocationAgent.invoke(TestInvoker.java:816)
at org.testng.internal.TestInvoker.invokeTestMethods(TestInvoker.java:146)
at org.testng.internal.TestMethodWorker.invokeTestMethods(TestMethodWorker.java:146)
at org.testng.internal.TestMethodWorker.run(TestMethodWorker.java:128)
at java.util.ArrayList.forEach(ArrayList.java:1257)
at org.testng.TestRunner.privateRun(TestRunner.java:766)
at org.testng.TestRunner.run(TestRunner.java:587)
at org.testng.SuiteRunner.runTest(SuiteRunner.java:384)
at org.testng.SuiteRunner.runSequentially(SuiteRunner.java:378)
at org.testng.SuiteRunner.privateRun(SuiteRunner.java:337)
at org.testng.SuiteRunner.run(SuiteRunner.java:286)
at org.testng.SuiteRunnerWorker.runSuite(SuiteRunnerWorker.java:53)
at org.testng.SuiteRunnerWorker.run(SuiteRunnerWorker.java:96)
at org.testng.TestNG.runSuitesSequentially(TestNG.java:1187)
at org.testng.TestNG.runSuitesLocally(TestNG.java:1109)
at org.testng.TestNG.runSuites(TestNG.java:1039)
at org.testng.TestNG.run(TestNG.java:1007)
at org.apache.maven.surefire.testng.TestNGExecutor.run(TestNGExecutor.java:283)
at org.apache.maven.surefire.testng.TestNGXmlTestSuite.execute(TestNGXmlTestSuite.java:75)
at org.apache.maven.surefire.testng.TestNGProvider.invoke(TestNGProvider.java:120)
at org.apache.maven.surefire.booter.ForkedBooter.runSuitesInProcess(ForkedBooter.java:377)
at org.apache.maven.surefire.booter.ForkedBooter.execute(ForkedBooter.java:138)
at org.apache.maven.surefire.booter.ForkedBooter.run(ForkedBooter.java:465)
at org.apache.maven.surefire.booter.ForkedBooter.main(ForkedBooter.java:451)
]]>
            </full-stacktrace>
          </exception> <!-- org.openqa.selenium.NoSuchElementException -->
          <reporter-output>
          </reporter-output>
        </test-method> <!-- MALECandidate_CAF_Apply -->
        <test-method status="PASS" signature="Setup()[pri:0, instance:com.minimizedScenariosExtentReport.CAFTest@2dde1bff]" name="Setup" is-config="true" duration-ms="0" started-at="2020-07-02T13:12:43 IST" finished-at="2020-07-02T13:12:43 IST">
          <reporter-output>
          </reporter-output>
        </test-method> <!-- Setup -->
        <test-method status="PASS" signature="tearDown(org.testng.ITestResult)[pri:0, instance:com.minimizedScenariosExtentReport.CAFTest@2dde1bff]" name="tearDown" is-config="true" duration-ms="1044" started-at="2020-07-02T13:13:34 IST" finished-at="2020-07-02T13:13:35 IST">
          <params>
            <param index="0">
              <value>
                <![CDATA[[TestResult name=MALECandidate_CAF_Apply status=FAILURE method=CAFTest.MALECandidate_CAF_Apply()[pri:0, instance:com.minimizedScenariosExtentReport.CAFTest@2dde1bff] output={null}]]]>
              </value>
            </param>
          </params>
          <reporter-output>
          </reporter-output>
        </test-method> <!-- tearDown -->
        <test-method status="FAIL" signature="femaleCandidate()[pri:1, instance:com.minimizedScenariosExtentReport.CAFTest@2dde1bff]" name="femaleCandidate" duration-ms="34" started-at="2020-07-02T13:13:35 IST" finished-at="2020-07-02T13:13:35 IST">
          <exception class="org.openqa.selenium.NoSuchElementException">
            <message>
              <![CDATA[no such element: Unable to locate element: {"method":"css selector","selector":"#ddlGender"}
  (Session info: chrome=83.0.4103.116)
For documentation on this error, please visit: https://www.seleniumhq.org/exceptions/no_such_element.html
Build info: version: '3.141.59', revision: 'e82be7d358', time: '2018-11-14T08:17:03'
System info: host: 'CSMBHUL251', ip: '10.0.75.1', os.name: 'Windows 10', os.arch: 'amd64', os.version: '10.0', java.version: '1.8.0_181'
Driver info: org.openqa.selenium.chrome.ChromeDriver
Capabilities {acceptInsecureCerts: false, browserName: chrome, browserVersion: 83.0.4103.116, chrome: {chromedriverVersion: 83.0.4103.39 (ccbf011cb2d2b..., userDataDir: C:\Users\SATYAR~1.M\AppData...}, goog:chromeOptions: {debuggerAddress: localhost:52522}, javascriptEnabled: true, networkConnectionEnabled: false, pageLoadStrategy: normal, platform: WINDOWS, platformName: WINDOWS, proxy: Proxy(), setWindowRect: true, strictFileInteractability: false, timeouts: {implicit: 0, pageLoad: 300000, script: 30000}, unhandledPromptBehavior: dismiss and notify, webauthn:virtualAuthenticators: true}
Session ID: 7b04aaf6286d98e7a50072a77dfa2b7f
*** Element info: {Using=id, value=ddlGender}]]>
            </message>
            <full-stacktrace>
              <![CDATA[org.openqa.selenium.NoSuchElementException: no such element: Unable to locate element: {"method":"css selector","selector":"#ddlGender"}
  (Session info: chrome=83.0.4103.116)
For documentation on this error, please visit: https://www.seleniumhq.org/exceptions/no_such_element.html
Build info: version: '3.141.59', revision: 'e82be7d358', time: '2018-11-14T08:17:03'
System info: host: 'CSMBHUL251', ip: '10.0.75.1', os.name: 'Windows 10', os.arch: 'amd64', os.version: '10.0', java.version: '1.8.0_181'
Driver info: org.openqa.selenium.chrome.ChromeDriver
Capabilities {acceptInsecureCerts: false, browserName: chrome, browserVersion: 83.0.4103.116, chrome: {chromedriverVersion: 83.0.4103.39 (ccbf011cb2d2b..., userDataDir: C:\Users\SATYAR~1.M\AppData...}, goog:chromeOptions: {debuggerAddress: localhost:52522}, javascriptEnabled: true, networkConnectionEnabled: false, pageLoadStrategy: normal, platform: WINDOWS, platformName: WINDOWS, proxy: Proxy(), setWindowRect: true, strictFileInteractability: false, timeouts: {implicit: 0, pageLoad: 300000, script: 30000}, unhandledPromptBehavior: dismiss and notify, webauthn:virtualAuthenticators: true}
Session ID: 7b04aaf6286d98e7a50072a77dfa2b7f
*** Element info: {Using=id, value=ddlGender}
at sun.reflect.NativeConstructorAccessorImpl.newInstance0(Native Method)
at sun.reflect.NativeConstructorAccessorImpl.newInstance(NativeConstructorAccessorImpl.java:62)
at sun.reflect.DelegatingConstructorAccessorImpl.newInstance(DelegatingConstructorAccessorImpl.java:45)
at java.lang.reflect.Constructor.newInstance(Constructor.java:423)
at org.openqa.selenium.remote.http.W3CHttpResponseCodec.createException(W3CHttpResponseCodec.java:187)
at org.openqa.selenium.remote.http.W3CHttpResponseCodec.decode(W3CHttpResponseCodec.java:122)
at org.openqa.selenium.remote.http.W3CHttpResponseCodec.decode(W3CHttpResponseCodec.java:49)
at org.openqa.selenium.remote.HttpCommandExecutor.execute(HttpCommandExecutor.java:158)
at org.openqa.selenium.remote.service.DriverCommandExecutor.execute(DriverCommandExecutor.java:83)
at org.openqa.selenium.remote.RemoteWebDriver.execute(RemoteWebDriver.java:552)
at org.openqa.selenium.remote.RemoteWebDriver.findElement(RemoteWebDriver.java:323)
at org.openqa.selenium.remote.RemoteWebDriver.findElementById(RemoteWebDriver.java:372)
at org.openqa.selenium.By$ById.findElement(By.java:188)
at org.openqa.selenium.remote.RemoteWebDriver.findElement(RemoteWebDriver.java:315)
at com.minimizedScenariosExtentReport.CAFTest.femaleCandidate(CAFTest.java:201)
at sun.reflect.NativeMethodAccessorImpl.invoke0(Native Method)
at sun.reflect.NativeMethodAccessorImpl.invoke(NativeMethodAccessorImpl.java:62)
at sun.reflect.DelegatingMethodAccessorImpl.invoke(DelegatingMethodAccessorImpl.java:43)
at java.lang.reflect.Method.invoke(Method.java:498)
at org.testng.internal.MethodInvocationHelper.invokeMethod(MethodInvocationHelper.java:134)
at org.testng.internal.TestInvoker.invokeMethod(TestInvoker.java:597)
at org.testng.internal.TestInvoker.invokeTestMethod(TestInvoker.java:173)
at org.testng.internal.MethodRunner.runInSequence(MethodRunner.java:46)
at org.testng.internal.TestInvoker$MethodInvocationAgent.invoke(TestInvoker.java:816)
at org.testng.internal.TestInvoker.invokeTestMethods(TestInvoker.java:146)
at org.testng.internal.TestMethodWorker.invokeTestMethods(TestMethodWorker.java:146)
at org.testng.internal.TestMethodWorker.run(TestMethodWorker.java:128)
at java.util.ArrayList.forEach(ArrayList.java:1257)
at org.testng.TestRunner.privateRun(TestRunner.java:766)
at org.testng.TestRunner.run(TestRunner.java:587)
at org.testng.SuiteRunner.runTest(SuiteRunner.java:384)
at org.testng.SuiteRunner.runSequentially(SuiteRunner.java:378)
at org.testng.SuiteRunner.privateRun(SuiteRunner.java:337)
at org.testng.SuiteRunner.run(SuiteRunner.java:286)
at org.testng.SuiteRunnerWorker.runSuite(SuiteRunnerWorker.java:53)
at org.testng.SuiteRunnerWorker.run(SuiteRunnerWorker.java:96)
at org.testng.TestNG.runSuitesSequentially(TestNG.java:1187)
at org.testng.TestNG.runSuitesLocally(TestNG.java:1109)
at org.testng.TestNG.runSuites(TestNG.java:1039)
at org.testng.TestNG.run(TestNG.java:1007)
at org.apache.maven.surefire.testng.TestNGExecutor.run(TestNGExecutor.java:283)
at org.apache.maven.surefire.testng.TestNGXmlTestSuite.execute(TestNGXmlTestSuite.java:75)
at org.apache.maven.surefire.testng.TestNGProvider.invoke(TestNGProvider.java:120)
at org.apache.maven.surefire.booter.ForkedBooter.runSuitesInProcess(ForkedBooter.java:377)
at org.apache.maven.surefire.booter.ForkedBooter.execute(ForkedBooter.java:138)
at org.apache.maven.surefire.booter.ForkedBooter.run(ForkedBooter.java:465)
at org.apache.maven.surefire.booter.ForkedBooter.main(ForkedBooter.java:451)
]]>
            </full-stacktrace>
          </exception> <!-- org.openqa.selenium.NoSuchElementException -->
          <reporter-output>
          </reporter-output>
        </test-method> <!-- femaleCandidate -->
        <test-method status="PASS" signature="tearDown(org.testng.ITestResult)[pri:0, instance:com.minimizedScenariosExtentReport.CAFTest@2dde1bff]" name="tearDown" is-config="true" duration-ms="361" started-at="2020-07-02T13:13:35 IST" finished-at="2020-07-02T13:13:35 IST">
          <params>
            <param index="0">
              <value>
                <![CDATA[[TestResult name=femaleCandidate status=FAILURE method=CAFTest.femaleCandidate()[pri:1, instance:com.minimizedScenariosExtentReport.CAFTest@2dde1bff] output={null}]]]>
              </value>
            </param>
          </params>
          <reporter-output>
          </reporter-output>
        </test-method> <!-- tearDown -->
        <test-method status="FAIL" signature="Transgender_Candidate_CAF_Apply()[pri:2, instance:com.minimizedScenariosExtentReport.CAFTest@2dde1bff]" name="Transgender_Candidate_CAF_Apply" duration-ms="16" started-at="2020-07-02T13:13:35 IST" finished-at="2020-07-02T13:13:35 IST">
          <exception class="org.openqa.selenium.NoSuchElementException">
            <message>
              <![CDATA[no such element: Unable to locate element: {"method":"css selector","selector":"#ddlGender"}
  (Session info: chrome=83.0.4103.116)
For documentation on this error, please visit: https://www.seleniumhq.org/exceptions/no_such_element.html
Build info: version: '3.141.59', revision: 'e82be7d358', time: '2018-11-14T08:17:03'
System info: host: 'CSMBHUL251', ip: '10.0.75.1', os.name: 'Windows 10', os.arch: 'amd64', os.version: '10.0', java.version: '1.8.0_181'
Driver info: org.openqa.selenium.chrome.ChromeDriver
Capabilities {acceptInsecureCerts: false, browserName: chrome, browserVersion: 83.0.4103.116, chrome: {chromedriverVersion: 83.0.4103.39 (ccbf011cb2d2b..., userDataDir: C:\Users\SATYAR~1.M\AppData...}, goog:chromeOptions: {debuggerAddress: localhost:52522}, javascriptEnabled: true, networkConnectionEnabled: false, pageLoadStrategy: normal, platform: WINDOWS, platformName: WINDOWS, proxy: Proxy(), setWindowRect: true, strictFileInteractability: false, timeouts: {implicit: 0, pageLoad: 300000, script: 30000}, unhandledPromptBehavior: dismiss and notify, webauthn:virtualAuthenticators: true}
Session ID: 7b04aaf6286d98e7a50072a77dfa2b7f
*** Element info: {Using=id, value=ddlGender}]]>
            </message>
            <full-stacktrace>
              <![CDATA[org.openqa.selenium.NoSuchElementException: no such element: Unable to locate element: {"method":"css selector","selector":"#ddlGender"}
  (Session info: chrome=83.0.4103.116)
For documentation on this error, please visit: https://www.seleniumhq.org/exceptions/no_such_element.html
Build info: version: '3.141.59', revision: 'e82be7d358', time: '2018-11-14T08:17:03'
System info: host: 'CSMBHUL251', ip: '10.0.75.1', os.name: 'Windows 10', os.arch: 'amd64', os.version: '10.0', java.version: '1.8.0_181'
Driver info: org.openqa.selenium.chrome.ChromeDriver
Capabilities {acceptInsecureCerts: false, browserName: chrome, browserVersion: 83.0.4103.116, chrome: {chromedriverVersion: 83.0.4103.39 (ccbf011cb2d2b..., userDataDir: C:\Users\SATYAR~1.M\AppData...}, goog:chromeOptions: {debuggerAddress: localhost:52522}, javascriptEnabled: true, networkConnectionEnabled: false, pageLoadStrategy: normal, platform: WINDOWS, platformName: WINDOWS, proxy: Proxy(), setWindowRect: true, strictFileInteractability: false, timeouts: {implicit: 0, pageLoad: 300000, script: 30000}, unhandledPromptBehavior: dismiss and notify, webauthn:virtualAuthenticators: true}
Session ID: 7b04aaf6286d98e7a50072a77dfa2b7f
*** Element info: {Using=id, value=ddlGender}
at sun.reflect.NativeConstructorAccessorImpl.newInstance0(Native Method)
at sun.reflect.NativeConstructorAccessorImpl.newInstance(NativeConstructorAccessorImpl.java:62)
at sun.reflect.DelegatingConstructorAccessorImpl.newInstance(DelegatingConstructorAccessorImpl.java:45)
at java.lang.reflect.Constructor.newInstance(Constructor.java:423)
at org.openqa.selenium.remote.http.W3CHttpResponseCodec.createException(W3CHttpResponseCodec.java:187)
at org.openqa.selenium.remote.http.W3CHttpResponseCodec.decode(W3CHttpResponseCodec.java:122)
at org.openqa.selenium.remote.http.W3CHttpResponseCodec.decode(W3CHttpResponseCodec.java:49)
at org.openqa.selenium.remote.HttpCommandExecutor.execute(HttpCommandExecutor.java:158)
at org.openqa.selenium.remote.service.DriverCommandExecutor.execute(DriverCommandExecutor.java:83)
at org.openqa.selenium.remote.RemoteWebDriver.execute(RemoteWebDriver.java:552)
at org.openqa.selenium.remote.RemoteWebDriver.findElement(RemoteWebDriver.java:323)
at org.openqa.selenium.remote.RemoteWebDriver.findElementById(RemoteWebDriver.java:372)
at org.openqa.selenium.By$ById.findElement(By.java:188)
at org.openqa.selenium.remote.RemoteWebDriver.findElement(RemoteWebDriver.java:315)
at com.minimizedScenariosExtentReport.CAFTest.Transgender_Candidate_CAF_Apply(CAFTest.java:233)
at sun.reflect.NativeMethodAccessorImpl.invoke0(Native Method)
at sun.reflect.NativeMethodAccessorImpl.invoke(NativeMethodAccessorImpl.java:62)
at sun.reflect.DelegatingMethodAccessorImpl.invoke(DelegatingMethodAccessorImpl.java:43)
at java.lang.reflect.Method.invoke(Method.java:498)
at org.testng.internal.MethodInvocationHelper.invokeMethod(MethodInvocationHelper.java:134)
at org.testng.internal.TestInvoker.invokeMethod(TestInvoker.java:597)
at org.testng.internal.TestInvoker.invokeTestMethod(TestInvoker.java:173)
at org.testng.internal.MethodRunner.runInSequence(MethodRunner.java:46)
at org.testng.internal.TestInvoker$MethodInvocationAgent.invoke(TestInvoker.java:816)
at org.testng.internal.TestInvoker.invokeTestMethods(TestInvoker.java:146)
at org.testng.internal.TestMethodWorker.invokeTestMethods(TestMethodWorker.java:146)
at org.testng.internal.TestMethodWorker.run(TestMethodWorker.java:128)
at java.util.ArrayList.forEach(ArrayList.java:1257)
at org.testng.TestRunner.privateRun(TestRunner.java:766)
at org.testng.TestRunner.run(TestRunner.java:587)
at org.testng.SuiteRunner.runTest(SuiteRunner.java:384)
at org.testng.SuiteRunner.runSequentially(SuiteRunner.java:378)
at org.testng.SuiteRunner.privateRun(SuiteRunner.java:337)
at org.testng.SuiteRunner.run(SuiteRunner.java:286)
at org.testng.SuiteRunnerWorker.runSuite(SuiteRunnerWorker.java:53)
at org.testng.SuiteRunnerWorker.run(SuiteRunnerWorker.java:96)
at org.testng.TestNG.runSuitesSequentially(TestNG.java:1187)
at org.testng.TestNG.runSuitesLocally(TestNG.java:1109)
at org.testng.TestNG.runSuites(TestNG.java:1039)
at org.testng.TestNG.run(TestNG.java:1007)
at org.apache.maven.surefire.testng.TestNGExecutor.run(TestNGExecutor.java:283)
at org.apache.maven.surefire.testng.TestNGXmlTestSuite.execute(TestNGXmlTestSuite.java:75)
at org.apache.maven.surefire.testng.TestNGProvider.invoke(TestNGProvider.java:120)
at org.apache.maven.surefire.booter.ForkedBooter.runSuitesInProcess(ForkedBooter.java:377)
at org.apache.maven.surefire.booter.ForkedBooter.execute(ForkedBooter.java:138)
at org.apache.maven.surefire.booter.ForkedBooter.run(ForkedBooter.java:465)
at org.apache.maven.surefire.booter.ForkedBooter.main(ForkedBooter.java:451)
]]>
            </full-stacktrace>
          </exception> <!-- org.openqa.selenium.NoSuchElementException -->
          <reporter-output>
          </reporter-output>
        </test-method> <!-- Transgender_Candidate_CAF_Apply -->
        <test-method status="PASS" signature="tearDown(org.testng.ITestResult)[pri:0, instance:com.minimizedScenariosExtentReport.CAFTest@2dde1bff]" name="tearDown" is-config="true" duration-ms="380" started-at="2020-07-02T13:13:35 IST" finished-at="2020-07-02T13:13:36 IST">
          <params>
            <param index="0">
              <value>
                <![CDATA[[TestResult name=Transgender_Candidate_CAF_Apply status=FAILURE method=CAFTest.Transgender_Candidate_CAF_Apply()[pri:2, instance:com.minimizedScenariosExtentReport.CAFTest@2dde1bff] output={null}]]]>
              </value>
            </param>
          </params>
          <reporter-output>
          </reporter-output>
        </test-method> <!-- tearDown -->
        <test-method status="FAIL" signature="Minimum_10thpercentage_Apply_CAF()[pri:3, instance:com.minimizedScenariosExtentReport.CAFTest@2dde1bff]" name="Minimum_10thpercentage_Apply_CAF" duration-ms="20" started-at="2020-07-02T13:13:36 IST" finished-at="2020-07-02T13:13:36 IST">
          <exception class="org.openqa.selenium.NoSuchElementException">
            <message>
              <![CDATA[no such element: Unable to locate element: {"method":"css selector","selector":"#txtSocSci"}
  (Session info: chrome=83.0.4103.116)
For documentation on this error, please visit: https://www.seleniumhq.org/exceptions/no_such_element.html
Build info: version: '3.141.59', revision: 'e82be7d358', time: '2018-11-14T08:17:03'
System info: host: 'CSMBHUL251', ip: '10.0.75.1', os.name: 'Windows 10', os.arch: 'amd64', os.version: '10.0', java.version: '1.8.0_181'
Driver info: org.openqa.selenium.chrome.ChromeDriver
Capabilities {acceptInsecureCerts: false, browserName: chrome, browserVersion: 83.0.4103.116, chrome: {chromedriverVersion: 83.0.4103.39 (ccbf011cb2d2b..., userDataDir: C:\Users\SATYAR~1.M\AppData...}, goog:chromeOptions: {debuggerAddress: localhost:52522}, javascriptEnabled: true, networkConnectionEnabled: false, pageLoadStrategy: normal, platform: WINDOWS, platformName: WINDOWS, proxy: Proxy(), setWindowRect: true, strictFileInteractability: false, timeouts: {implicit: 0, pageLoad: 300000, script: 30000}, unhandledPromptBehavior: dismiss and notify, webauthn:virtualAuthenticators: true}
Session ID: 7b04aaf6286d98e7a50072a77dfa2b7f
*** Element info: {Using=id, value=txtSocSci}]]>
            </message>
            <full-stacktrace>
              <![CDATA[org.openqa.selenium.NoSuchElementException: no such element: Unable to locate element: {"method":"css selector","selector":"#txtSocSci"}
  (Session info: chrome=83.0.4103.116)
For documentation on this error, please visit: https://www.seleniumhq.org/exceptions/no_such_element.html
Build info: version: '3.141.59', revision: 'e82be7d358', time: '2018-11-14T08:17:03'
System info: host: 'CSMBHUL251', ip: '10.0.75.1', os.name: 'Windows 10', os.arch: 'amd64', os.version: '10.0', java.version: '1.8.0_181'
Driver info: org.openqa.selenium.chrome.ChromeDriver
Capabilities {acceptInsecureCerts: false, browserName: chrome, browserVersion: 83.0.4103.116, chrome: {chromedriverVersion: 83.0.4103.39 (ccbf011cb2d2b..., userDataDir: C:\Users\SATYAR~1.M\AppData...}, goog:chromeOptions: {debuggerAddress: localhost:52522}, javascriptEnabled: true, networkConnectionEnabled: false, pageLoadStrategy: normal, platform: WINDOWS, platformName: WINDOWS, proxy: Proxy(), setWindowRect: true, strictFileInteractability: false, timeouts: {implicit: 0, pageLoad: 300000, script: 30000}, unhandledPromptBehavior: dismiss and notify, webauthn:virtualAuthenticators: true}
Session ID: 7b04aaf6286d98e7a50072a77dfa2b7f
*** Element info: {Using=id, value=txtSocSci}
at sun.reflect.NativeConstructorAccessorImpl.newInstance0(Native Method)
at sun.reflect.NativeConstructorAccessorImpl.newInstance(NativeConstructorAccessorImpl.java:62)
at sun.reflect.DelegatingConstructorAccessorImpl.newInstance(DelegatingConstructorAccessorImpl.java:45)
at java.lang.reflect.Constructor.newInstance(Constructor.java:423)
at org.openqa.selenium.remote.http.W3CHttpResponseCodec.createException(W3CHttpResponseCodec.java:187)
at org.openqa.selenium.remote.http.W3CHttpResponseCodec.decode(W3CHttpResponseCodec.java:122)
at org.openqa.selenium.remote.http.W3CHttpResponseCodec.decode(W3CHttpResponseCodec.java:49)
at org.openqa.selenium.remote.HttpCommandExecutor.execute(HttpCommandExecutor.java:158)
at org.openqa.selenium.remote.service.DriverCommandExecutor.execute(DriverCommandExecutor.java:83)
at org.openqa.selenium.remote.RemoteWebDriver.execute(RemoteWebDriver.java:552)
at org.openqa.selenium.remote.RemoteWebDriver.findElement(RemoteWebDriver.java:323)
at org.openqa.selenium.remote.RemoteWebDriver.findElementById(RemoteWebDriver.java:372)
at org.openqa.selenium.By$ById.findElement(By.java:188)
at org.openqa.selenium.remote.RemoteWebDriver.findElement(RemoteWebDriver.java:315)
at com.minimizedScenariosExtentReport.CAFTest.Minimum_10thpercentage_Apply_CAF(CAFTest.java:407)
at sun.reflect.NativeMethodAccessorImpl.invoke0(Native Method)
at sun.reflect.NativeMethodAccessorImpl.invoke(NativeMethodAccessorImpl.java:62)
at sun.reflect.DelegatingMethodAccessorImpl.invoke(DelegatingMethodAccessorImpl.java:43)
at java.lang.reflect.Method.invoke(Method.java:498)
at org.testng.internal.MethodInvocationHelper.invokeMethod(MethodInvocationHelper.java:134)
at org.testng.internal.TestInvoker.invokeMethod(TestInvoker.java:597)
at org.testng.internal.TestInvoker.invokeTestMethod(TestInvoker.java:173)
at org.testng.internal.MethodRunner.runInSequence(MethodRunner.java:46)
at org.testng.internal.TestInvoker$MethodInvocationAgent.invoke(TestInvoker.java:816)
at org.testng.internal.TestInvoker.invokeTestMethods(TestInvoker.java:146)
at org.testng.internal.TestMethodWorker.invokeTestMethods(TestMethodWorker.java:146)
at org.testng.internal.TestMethodWorker.run(TestMethodWorker.java:128)
at java.util.ArrayList.forEach(ArrayList.java:1257)
at org.testng.TestRunner.privateRun(TestRunner.java:766)
at org.testng.TestRunner.run(TestRunner.java:587)
at org.testng.SuiteRunner.runTest(SuiteRunner.java:384)
at org.testng.SuiteRunner.runSequentially(SuiteRunner.java:378)
at org.testng.SuiteRunner.privateRun(SuiteRunner.java:337)
at org.testng.SuiteRunner.run(SuiteRunner.java:286)
at org.testng.SuiteRunnerWorker.runSuite(SuiteRunnerWorker.java:53)
at org.testng.SuiteRunnerWorker.run(SuiteRunnerWorker.java:96)
at org.testng.TestNG.runSuitesSequentially(TestNG.java:1187)
at org.testng.TestNG.runSuitesLocally(TestNG.java:1109)
at org.testng.TestNG.runSuites(TestNG.java:1039)
at org.testng.TestNG.run(TestNG.java:1007)
at org.apache.maven.surefire.testng.TestNGExecutor.run(TestNGExecutor.java:283)
at org.apache.maven.surefire.testng.TestNGXmlTestSuite.execute(TestNGXmlTestSuite.java:75)
at org.apache.maven.surefire.testng.TestNGProvider.invoke(TestNGProvider.java:120)
at org.apache.maven.surefire.booter.ForkedBooter.runSuitesInProcess(ForkedBooter.java:377)
at org.apache.maven.surefire.booter.ForkedBooter.execute(ForkedBooter.java:138)
at org.apache.maven.surefire.booter.ForkedBooter.run(ForkedBooter.java:465)
at org.apache.maven.surefire.booter.ForkedBooter.main(ForkedBooter.java:451)
]]>
            </full-stacktrace>
          </exception> <!-- org.openqa.selenium.NoSuchElementException -->
          <reporter-output>
          </reporter-output>
        </test-method> <!-- Minimum_10thpercentage_Apply_CAF -->
        <test-method status="PASS" signature="tearDown(org.testng.ITestResult)[pri:0, instance:com.minimizedScenariosExtentReport.CAFTest@2dde1bff]" name="tearDown" is-config="true" duration-ms="369" started-at="2020-07-02T13:13:36 IST" finished-at="2020-07-02T13:13:36 IST">
          <params>
            <param index="0">
              <value>
                <![CDATA[[TestResult name=Minimum_10thpercentage_Apply_CAF status=FAILURE method=CAFTest.Minimum_10thpercentage_Apply_CAF()[pri:3, instance:com.minimizedScenariosExtentReport.CAFTest@2dde1bff] output={null}]]]>
              </value>
            </param>
          </params>
          <reporter-output>
          </reporter-output>
        </test-method> <!-- tearDown -->
        <test-method status="FAIL" signature="CAFApply_10thpasscompartmental()[pri:4, instance:com.minimizedScenariosExtentReport.CAFTest@2dde1bff]" name="CAFApply_10thpasscompartmental" duration-ms="21" started-at="2020-07-02T13:13:36 IST" finished-at="2020-07-02T13:13:36 IST">
          <exception class="org.openqa.selenium.NoSuchElementException">
            <message>
              <![CDATA[no such element: Unable to locate element: {"method":"css selector","selector":"#rbtCompartmentalY"}
  (Session info: chrome=83.0.4103.116)
For documentation on this error, please visit: https://www.seleniumhq.org/exceptions/no_such_element.html
Build info: version: '3.141.59', revision: 'e82be7d358', time: '2018-11-14T08:17:03'
System info: host: 'CSMBHUL251', ip: '10.0.75.1', os.name: 'Windows 10', os.arch: 'amd64', os.version: '10.0', java.version: '1.8.0_181'
Driver info: org.openqa.selenium.chrome.ChromeDriver
Capabilities {acceptInsecureCerts: false, browserName: chrome, browserVersion: 83.0.4103.116, chrome: {chromedriverVersion: 83.0.4103.39 (ccbf011cb2d2b..., userDataDir: C:\Users\SATYAR~1.M\AppData...}, goog:chromeOptions: {debuggerAddress: localhost:52522}, javascriptEnabled: true, networkConnectionEnabled: false, pageLoadStrategy: normal, platform: WINDOWS, platformName: WINDOWS, proxy: Proxy(), setWindowRect: true, strictFileInteractability: false, timeouts: {implicit: 0, pageLoad: 300000, script: 30000}, unhandledPromptBehavior: dismiss and notify, webauthn:virtualAuthenticators: true}
Session ID: 7b04aaf6286d98e7a50072a77dfa2b7f
*** Element info: {Using=id, value=rbtCompartmentalY}]]>
            </message>
            <full-stacktrace>
              <![CDATA[org.openqa.selenium.NoSuchElementException: no such element: Unable to locate element: {"method":"css selector","selector":"#rbtCompartmentalY"}
  (Session info: chrome=83.0.4103.116)
For documentation on this error, please visit: https://www.seleniumhq.org/exceptions/no_such_element.html
Build info: version: '3.141.59', revision: 'e82be7d358', time: '2018-11-14T08:17:03'
System info: host: 'CSMBHUL251', ip: '10.0.75.1', os.name: 'Windows 10', os.arch: 'amd64', os.version: '10.0', java.version: '1.8.0_181'
Driver info: org.openqa.selenium.chrome.ChromeDriver
Capabilities {acceptInsecureCerts: false, browserName: chrome, browserVersion: 83.0.4103.116, chrome: {chromedriverVersion: 83.0.4103.39 (ccbf011cb2d2b..., userDataDir: C:\Users\SATYAR~1.M\AppData...}, goog:chromeOptions: {debuggerAddress: localhost:52522}, javascriptEnabled: true, networkConnectionEnabled: false, pageLoadStrategy: normal, platform: WINDOWS, platformName: WINDOWS, proxy: Proxy(), setWindowRect: true, strictFileInteractability: false, timeouts: {implicit: 0, pageLoad: 300000, script: 30000}, unhandledPromptBehavior: dismiss and notify, webauthn:virtualAuthenticators: true}
Session ID: 7b04aaf6286d98e7a50072a77dfa2b7f
*** Element info: {Using=id, value=rbtCompartmentalY}
at sun.reflect.NativeConstructorAccessorImpl.newInstance0(Native Method)
at sun.reflect.NativeConstructorAccessorImpl.newInstance(NativeConstructorAccessorImpl.java:62)
at sun.reflect.DelegatingConstructorAccessorImpl.newInstance(DelegatingConstructorAccessorImpl.java:45)
at java.lang.reflect.Constructor.newInstance(Constructor.java:423)
at org.openqa.selenium.remote.http.W3CHttpResponseCodec.createException(W3CHttpResponseCodec.java:187)
at org.openqa.selenium.remote.http.W3CHttpResponseCodec.decode(W3CHttpResponseCodec.java:122)
at org.openqa.selenium.remote.http.W3CHttpResponseCodec.decode(W3CHttpResponseCodec.java:49)
at org.openqa.selenium.remote.HttpCommandExecutor.execute(HttpCommandExecutor.java:158)
at org.openqa.selenium.remote.service.DriverCommandExecutor.execute(DriverCommandExecutor.java:83)
at org.openqa.selenium.remote.RemoteWebDriver.execute(RemoteWebDriver.java:552)
at org.openqa.selenium.remote.RemoteWebDriver.findElement(RemoteWebDriver.java:323)
at org.openqa.selenium.remote.RemoteWebDriver.findElementById(RemoteWebDriver.java:372)
at org.openqa.selenium.By$ById.findElement(By.java:188)
at org.openqa.selenium.remote.RemoteWebDriver.findElement(RemoteWebDriver.java:315)
at com.minimizedScenariosExtentReport.CAFTest.CAFApply_10thpasscompartmental(CAFTest.java:472)
at sun.reflect.NativeMethodAccessorImpl.invoke0(Native Method)
at sun.reflect.NativeMethodAccessorImpl.invoke(NativeMethodAccessorImpl.java:62)
at sun.reflect.DelegatingMethodAccessorImpl.invoke(DelegatingMethodAccessorImpl.java:43)
at java.lang.reflect.Method.invoke(Method.java:498)
at org.testng.internal.MethodInvocationHelper.invokeMethod(MethodInvocationHelper.java:134)
at org.testng.internal.TestInvoker.invokeMethod(TestInvoker.java:597)
at org.testng.internal.TestInvoker.invokeTestMethod(TestInvoker.java:173)
at org.testng.internal.MethodRunner.runInSequence(MethodRunner.java:46)
at org.testng.internal.TestInvoker$MethodInvocationAgent.invoke(TestInvoker.java:816)
at org.testng.internal.TestInvoker.invokeTestMethods(TestInvoker.java:146)
at org.testng.internal.TestMethodWorker.invokeTestMethods(TestMethodWorker.java:146)
at org.testng.internal.TestMethodWorker.run(TestMethodWorker.java:128)
at java.util.ArrayList.forEach(ArrayList.java:1257)
at org.testng.TestRunner.privateRun(TestRunner.java:766)
at org.testng.TestRunner.run(TestRunner.java:587)
at org.testng.SuiteRunner.runTest(SuiteRunner.java:384)
at org.testng.SuiteRunner.runSequentially(SuiteRunner.java:378)
at org.testng.SuiteRunner.privateRun(SuiteRunner.java:337)
at org.testng.SuiteRunner.run(SuiteRunner.java:286)
at org.testng.SuiteRunnerWorker.runSuite(SuiteRunnerWorker.java:53)
at org.testng.SuiteRunnerWorker.run(SuiteRunnerWorker.java:96)
at org.testng.TestNG.runSuitesSequentially(TestNG.java:1187)
at org.testng.TestNG.runSuitesLocally(TestNG.java:1109)
at org.testng.TestNG.runSuites(TestNG.java:1039)
at org.testng.TestNG.run(TestNG.java:1007)
at org.apache.maven.surefire.testng.TestNGExecutor.run(TestNGExecutor.java:283)
at org.apache.maven.surefire.testng.TestNGXmlTestSuite.execute(TestNGXmlTestSuite.java:75)
at org.apache.maven.surefire.testng.TestNGProvider.invoke(TestNGProvider.java:120)
at org.apache.maven.surefire.booter.ForkedBooter.runSuitesInProcess(ForkedBooter.java:377)
at org.apache.maven.surefire.booter.ForkedBooter.execute(ForkedBooter.java:138)
at org.apache.maven.surefire.booter.ForkedBooter.run(ForkedBooter.java:465)
at org.apache.maven.surefire.booter.ForkedBooter.main(ForkedBooter.java:451)
]]>
            </full-stacktrace>
          </exception> <!-- org.openqa.selenium.NoSuchElementException -->
          <reporter-output>
          </reporter-output>
        </test-method> <!-- CAFApply_10thpasscompartmental -->
        <test-method status="PASS" signature="tearDown(org.testng.ITestResult)[pri:0, instance:com.minimizedScenariosExtentReport.CAFTest@2dde1bff]" name="tearDown" is-config="true" duration-ms="337" started-at="2020-07-02T13:13:36 IST" finished-at="2020-07-02T13:13:36 IST">
          <params>
            <param index="0">
              <value>
                <![CDATA[[TestResult name=CAFApply_10thpasscompartmental status=FAILURE method=CAFTest.CAFApply_10thpasscompartmental()[pri:4, instance:com.minimizedScenariosExtentReport.CAFTest@2dde1bff] output={null}]]]>
              </value>
            </param>
          </params>
          <reporter-output>
          </reporter-output>
        </test-method> <!-- tearDown -->
        <test-method status="FAIL" signature="CAF_NotAccept_Lessthan5preference()[pri:5, instance:com.minimizedScenariosExtentReport.CAFTest@2dde1bff]" name="CAF_NotAccept_Lessthan5preference" duration-ms="19" started-at="2020-07-02T13:13:36 IST" finished-at="2020-07-02T13:13:37 IST">
          <exception class="org.openqa.selenium.NoSuchElementException">
            <message>
              <![CDATA[no such element: Unable to locate element: {"method":"css selector","selector":"#ddlFOcu"}
  (Session info: chrome=83.0.4103.116)
For documentation on this error, please visit: https://www.seleniumhq.org/exceptions/no_such_element.html
Build info: version: '3.141.59', revision: 'e82be7d358', time: '2018-11-14T08:17:03'
System info: host: 'CSMBHUL251', ip: '10.0.75.1', os.name: 'Windows 10', os.arch: 'amd64', os.version: '10.0', java.version: '1.8.0_181'
Driver info: org.openqa.selenium.chrome.ChromeDriver
Capabilities {acceptInsecureCerts: false, browserName: chrome, browserVersion: 83.0.4103.116, chrome: {chromedriverVersion: 83.0.4103.39 (ccbf011cb2d2b..., userDataDir: C:\Users\SATYAR~1.M\AppData...}, goog:chromeOptions: {debuggerAddress: localhost:52522}, javascriptEnabled: true, networkConnectionEnabled: false, pageLoadStrategy: normal, platform: WINDOWS, platformName: WINDOWS, proxy: Proxy(), setWindowRect: true, strictFileInteractability: false, timeouts: {implicit: 0, pageLoad: 300000, script: 30000}, unhandledPromptBehavior: dismiss and notify, webauthn:virtualAuthenticators: true}
Session ID: 7b04aaf6286d98e7a50072a77dfa2b7f
*** Element info: {Using=id, value=ddlFOcu}]]>
            </message>
            <full-stacktrace>
              <![CDATA[org.openqa.selenium.NoSuchElementException: no such element: Unable to locate element: {"method":"css selector","selector":"#ddlFOcu"}
  (Session info: chrome=83.0.4103.116)
For documentation on this error, please visit: https://www.seleniumhq.org/exceptions/no_such_element.html
Build info: version: '3.141.59', revision: 'e82be7d358', time: '2018-11-14T08:17:03'
System info: host: 'CSMBHUL251', ip: '10.0.75.1', os.name: 'Windows 10', os.arch: 'amd64', os.version: '10.0', java.version: '1.8.0_181'
Driver info: org.openqa.selenium.chrome.ChromeDriver
Capabilities {acceptInsecureCerts: false, browserName: chrome, browserVersion: 83.0.4103.116, chrome: {chromedriverVersion: 83.0.4103.39 (ccbf011cb2d2b..., userDataDir: C:\Users\SATYAR~1.M\AppData...}, goog:chromeOptions: {debuggerAddress: localhost:52522}, javascriptEnabled: true, networkConnectionEnabled: false, pageLoadStrategy: normal, platform: WINDOWS, platformName: WINDOWS, proxy: Proxy(), setWindowRect: true, strictFileInteractability: false, timeouts: {implicit: 0, pageLoad: 300000, script: 30000}, unhandledPromptBehavior: dismiss and notify, webauthn:virtualAuthenticators: true}
Session ID: 7b04aaf6286d98e7a50072a77dfa2b7f
*** Element info: {Using=id, value=ddlFOcu}
at sun.reflect.NativeConstructorAccessorImpl.newInstance0(Native Method)
at sun.reflect.NativeConstructorAccessorImpl.newInstance(NativeConstructorAccessorImpl.java:62)
at sun.reflect.DelegatingConstructorAccessorImpl.newInstance(DelegatingConstructorAccessorImpl.java:45)
at java.lang.reflect.Constructor.newInstance(Constructor.java:423)
at org.openqa.selenium.remote.http.W3CHttpResponseCodec.createException(W3CHttpResponseCodec.java:187)
at org.openqa.selenium.remote.http.W3CHttpResponseCodec.decode(W3CHttpResponseCodec.java:122)
at org.openqa.selenium.remote.http.W3CHttpResponseCodec.decode(W3CHttpResponseCodec.java:49)
at org.openqa.selenium.remote.HttpCommandExecutor.execute(HttpCommandExecutor.java:158)
at org.openqa.selenium.remote.service.DriverCommandExecutor.execute(DriverCommandExecutor.java:83)
at org.openqa.selenium.remote.RemoteWebDriver.execute(RemoteWebDriver.java:552)
at org.openqa.selenium.remote.RemoteWebDriver.findElement(RemoteWebDriver.java:323)
at org.openqa.selenium.remote.RemoteWebDriver.findElementById(RemoteWebDriver.java:372)
at org.openqa.selenium.By$ById.findElement(By.java:188)
at org.openqa.selenium.remote.RemoteWebDriver.findElement(RemoteWebDriver.java:315)
at com.minimizedScenariosExtentReport.CAFTest.CAF_NotAccept_Lessthan5preference(CAFTest.java:512)
at sun.reflect.NativeMethodAccessorImpl.invoke0(Native Method)
at sun.reflect.NativeMethodAccessorImpl.invoke(NativeMethodAccessorImpl.java:62)
at sun.reflect.DelegatingMethodAccessorImpl.invoke(DelegatingMethodAccessorImpl.java:43)
at java.lang.reflect.Method.invoke(Method.java:498)
at org.testng.internal.MethodInvocationHelper.invokeMethod(MethodInvocationHelper.java:134)
at org.testng.internal.TestInvoker.invokeMethod(TestInvoker.java:597)
at org.testng.internal.TestInvoker.invokeTestMethod(TestInvoker.java:173)
at org.testng.internal.MethodRunner.runInSequence(MethodRunner.java:46)
at org.testng.internal.TestInvoker$MethodInvocationAgent.invoke(TestInvoker.java:816)
at org.testng.internal.TestInvoker.invokeTestMethods(TestInvoker.java:146)
at org.testng.internal.TestMethodWorker.invokeTestMethods(TestMethodWorker.java:146)
at org.testng.internal.TestMethodWorker.run(TestMethodWorker.java:128)
at java.util.ArrayList.forEach(ArrayList.java:1257)
at org.testng.TestRunner.privateRun(TestRunner.java:766)
at org.testng.TestRunner.run(TestRunner.java:587)
at org.testng.SuiteRunner.runTest(SuiteRunner.java:384)
at org.testng.SuiteRunner.runSequentially(SuiteRunner.java:378)
at org.testng.SuiteRunner.privateRun(SuiteRunner.java:337)
at org.testng.SuiteRunner.run(SuiteRunner.java:286)
at org.testng.SuiteRunnerWorker.runSuite(SuiteRunnerWorker.java:53)
at org.testng.SuiteRunnerWorker.run(SuiteRunnerWorker.java:96)
at org.testng.TestNG.runSuitesSequentially(TestNG.java:1187)
at org.testng.TestNG.runSuitesLocally(TestNG.java:1109)
at org.testng.TestNG.runSuites(TestNG.java:1039)
at org.testng.TestNG.run(TestNG.java:1007)
at org.apache.maven.surefire.testng.TestNGExecutor.run(TestNGExecutor.java:283)
at org.apache.maven.surefire.testng.TestNGXmlTestSuite.execute(TestNGXmlTestSuite.java:75)
at org.apache.maven.surefire.testng.TestNGProvider.invoke(TestNGProvider.java:120)
at org.apache.maven.surefire.booter.ForkedBooter.runSuitesInProcess(ForkedBooter.java:377)
at org.apache.maven.surefire.booter.ForkedBooter.execute(ForkedBooter.java:138)
at org.apache.maven.surefire.booter.ForkedBooter.run(ForkedBooter.java:465)
at org.apache.maven.surefire.booter.ForkedBooter.main(ForkedBooter.java:451)
]]>
            </full-stacktrace>
          </exception> <!-- org.openqa.selenium.NoSuchElementException -->
          <reporter-output>
          </reporter-output>
        </test-method> <!-- CAF_NotAccept_Lessthan5preference -->
        <test-method status="PASS" signature="tearDown(org.testng.ITestResult)[pri:0, instance:com.minimizedScenariosExtentReport.CAFTest@2dde1bff]" name="tearDown" is-config="true" duration-ms="337" started-at="2020-07-02T13:13:37 IST" finished-at="2020-07-02T13:13:37 IST">
          <params>
            <param index="0">
              <value>
                <![CDATA[[TestResult name=CAF_NotAccept_Lessthan5preference status=FAILURE method=CAFTest.CAF_NotAccept_Lessthan5preference()[pri:5, instance:com.minimizedScenariosExtentReport.CAFTest@2dde1bff] output={null}]]]>
              </value>
            </param>
          </params>
          <reporter-output>
          </reporter-output>
        </test-method> <!-- tearDown -->
        <test-method status="FAIL" signature="CAF_Accept_Fivepreference()[pri:6, instance:com.minimizedScenariosExtentReport.CAFTest@2dde1bff]" name="CAF_Accept_Fivepreference" duration-ms="31" started-at="2020-07-02T13:13:37 IST" finished-at="2020-07-02T13:13:37 IST">
          <exception class="org.openqa.selenium.NoSuchElementException">
            <message>
              <![CDATA[no such element: Unable to locate element: {"method":"css selector","selector":"#ddlCollegeDistrict"}
  (Session info: chrome=83.0.4103.116)
For documentation on this error, please visit: https://www.seleniumhq.org/exceptions/no_such_element.html
Build info: version: '3.141.59', revision: 'e82be7d358', time: '2018-11-14T08:17:03'
System info: host: 'CSMBHUL251', ip: '10.0.75.1', os.name: 'Windows 10', os.arch: 'amd64', os.version: '10.0', java.version: '1.8.0_181'
Driver info: org.openqa.selenium.chrome.ChromeDriver
Capabilities {acceptInsecureCerts: false, browserName: chrome, browserVersion: 83.0.4103.116, chrome: {chromedriverVersion: 83.0.4103.39 (ccbf011cb2d2b..., userDataDir: C:\Users\SATYAR~1.M\AppData...}, goog:chromeOptions: {debuggerAddress: localhost:52522}, javascriptEnabled: true, networkConnectionEnabled: false, pageLoadStrategy: normal, platform: WINDOWS, platformName: WINDOWS, proxy: Proxy(), setWindowRect: true, strictFileInteractability: false, timeouts: {implicit: 0, pageLoad: 300000, script: 30000}, unhandledPromptBehavior: dismiss and notify, webauthn:virtualAuthenticators: true}
Session ID: 7b04aaf6286d98e7a50072a77dfa2b7f
*** Element info: {Using=id, value=ddlCollegeDistrict}]]>
            </message>
            <full-stacktrace>
              <![CDATA[org.openqa.selenium.NoSuchElementException: no such element: Unable to locate element: {"method":"css selector","selector":"#ddlCollegeDistrict"}
  (Session info: chrome=83.0.4103.116)
For documentation on this error, please visit: https://www.seleniumhq.org/exceptions/no_such_element.html
Build info: version: '3.141.59', revision: 'e82be7d358', time: '2018-11-14T08:17:03'
System info: host: 'CSMBHUL251', ip: '10.0.75.1', os.name: 'Windows 10', os.arch: 'amd64', os.version: '10.0', java.version: '1.8.0_181'
Driver info: org.openqa.selenium.chrome.ChromeDriver
Capabilities {acceptInsecureCerts: false, browserName: chrome, browserVersion: 83.0.4103.116, chrome: {chromedriverVersion: 83.0.4103.39 (ccbf011cb2d2b..., userDataDir: C:\Users\SATYAR~1.M\AppData...}, goog:chromeOptions: {debuggerAddress: localhost:52522}, javascriptEnabled: true, networkConnectionEnabled: false, pageLoadStrategy: normal, platform: WINDOWS, platformName: WINDOWS, proxy: Proxy(), setWindowRect: true, strictFileInteractability: false, timeouts: {implicit: 0, pageLoad: 300000, script: 30000}, unhandledPromptBehavior: dismiss and notify, webauthn:virtualAuthenticators: true}
Session ID: 7b04aaf6286d98e7a50072a77dfa2b7f
*** Element info: {Using=id, value=ddlCollegeDistrict}
at sun.reflect.NativeConstructorAccessorImpl.newInstance0(Native Method)
at sun.reflect.NativeConstructorAccessorImpl.newInstance(NativeConstructorAccessorImpl.java:62)
at sun.reflect.DelegatingConstructorAccessorImpl.newInstance(DelegatingConstructorAccessorImpl.java:45)
at java.lang.reflect.Constructor.newInstance(Constructor.java:423)
at org.openqa.selenium.remote.http.W3CHttpResponseCodec.createException(W3CHttpResponseCodec.java:187)
at org.openqa.selenium.remote.http.W3CHttpResponseCodec.decode(W3CHttpResponseCodec.java:122)
at org.openqa.selenium.remote.http.W3CHttpResponseCodec.decode(W3CHttpResponseCodec.java:49)
at org.openqa.selenium.remote.HttpCommandExecutor.execute(HttpCommandExecutor.java:158)
at org.openqa.selenium.remote.service.DriverCommandExecutor.execute(DriverCommandExecutor.java:83)
at org.openqa.selenium.remote.RemoteWebDriver.execute(RemoteWebDriver.java:552)
at org.openqa.selenium.remote.RemoteWebDriver.findElement(RemoteWebDriver.java:323)
at org.openqa.selenium.remote.RemoteWebDriver.findElementById(RemoteWebDriver.java:372)
at org.openqa.selenium.By$ById.findElement(By.java:188)
at org.openqa.selenium.remote.RemoteWebDriver.findElement(RemoteWebDriver.java:315)
at com.minimizedScenariosExtentReport.CAFTest.CAF_Accept_Fivepreference(CAFTest.java:846)
at sun.reflect.NativeMethodAccessorImpl.invoke0(Native Method)
at sun.reflect.NativeMethodAccessorImpl.invoke(NativeMethodAccessorImpl.java:62)
at sun.reflect.DelegatingMethodAccessorImpl.invoke(DelegatingMethodAccessorImpl.java:43)
at java.lang.reflect.Method.invoke(Method.java:498)
at org.testng.internal.MethodInvocationHelper.invokeMethod(MethodInvocationHelper.java:134)
at org.testng.internal.TestInvoker.invokeMethod(TestInvoker.java:597)
at org.testng.internal.TestInvoker.invokeTestMethod(TestInvoker.java:173)
at org.testng.internal.MethodRunner.runInSequence(MethodRunner.java:46)
at org.testng.internal.TestInvoker$MethodInvocationAgent.invoke(TestInvoker.java:816)
at org.testng.internal.TestInvoker.invokeTestMethods(TestInvoker.java:146)
at org.testng.internal.TestMethodWorker.invokeTestMethods(TestMethodWorker.java:146)
at org.testng.internal.TestMethodWorker.run(TestMethodWorker.java:128)
at java.util.ArrayList.forEach(ArrayList.java:1257)
at org.testng.TestRunner.privateRun(TestRunner.java:766)
at org.testng.TestRunner.run(TestRunner.java:587)
at org.testng.SuiteRunner.runTest(SuiteRunner.java:384)
at org.testng.SuiteRunner.runSequentially(SuiteRunner.java:378)
at org.testng.SuiteRunner.privateRun(SuiteRunner.java:337)
at org.testng.SuiteRunner.run(SuiteRunner.java:286)
at org.testng.SuiteRunnerWorker.runSuite(SuiteRunnerWorker.java:53)
at org.testng.SuiteRunnerWorker.run(SuiteRunnerWorker.java:96)
at org.testng.TestNG.runSuitesSequentially(TestNG.java:1187)
at org.testng.TestNG.runSuitesLocally(TestNG.java:1109)
at org.testng.TestNG.runSuites(TestNG.java:1039)
at org.testng.TestNG.run(TestNG.java:1007)
at org.apache.maven.surefire.testng.TestNGExecutor.run(TestNGExecutor.java:283)
at org.apache.maven.surefire.testng.TestNGXmlTestSuite.execute(TestNGXmlTestSuite.java:75)
at org.apache.maven.surefire.testng.TestNGProvider.invoke(TestNGProvider.java:120)
at org.apache.maven.surefire.booter.ForkedBooter.runSuitesInProcess(ForkedBooter.java:377)
at org.apache.maven.surefire.booter.ForkedBooter.execute(ForkedBooter.java:138)
at org.apache.maven.surefire.booter.ForkedBooter.run(ForkedBooter.java:465)
at org.apache.maven.surefire.booter.ForkedBooter.main(ForkedBooter.java:451)
]]>
            </full-stacktrace>
          </exception> <!-- org.openqa.selenium.NoSuchElementException -->
          <reporter-output>
          </reporter-output>
        </test-method> <!-- CAF_Accept_Fivepreference -->
        <test-method status="PASS" signature="tearDown(org.testng.ITestResult)[pri:0, instance:com.minimizedScenariosExtentReport.CAFTest@2dde1bff]" name="tearDown" is-config="true" duration-ms="352" started-at="2020-07-02T13:13:37 IST" finished-at="2020-07-02T13:13:37 IST">
          <params>
            <param index="0">
              <value>
                <![CDATA[[TestResult name=CAF_Accept_Fivepreference status=FAILURE method=CAFTest.CAF_Accept_Fivepreference()[pri:6, instance:com.minimizedScenariosExtentReport.CAFTest@2dde1bff] output={null}]]]>
              </value>
            </param>
          </params>
          <reporter-output>
          </reporter-output>
        </test-method> <!-- tearDown -->
        <test-method status="PASS" signature="finish()[pri:0, instance:com.minimizedScenariosExtentReport.CAFTest@2dde1bff]" name="finish" is-config="true" duration-ms="1281" started-at="2020-07-02T13:13:37 IST" finished-at="2020-07-02T13:13:39 IST">
          <reporter-output>
          </reporter-output>
        </test-method> <!-- finish -->
      </class> <!-- com.minimizedScenariosExtentReport.CAFTest -->
    </test> <!-- CAFTest -->
    <test name="Check_Fieldvalidation" duration-ms="483872" started-at="2020-07-02T13:13:39 IST" finished-at="2020-07-02T13:21:43 IST">
      <class name="com.minimizedScenariosExtentReport.Check_Fieldvalidation">
        <test-method status="PASS" signature="Setup()[pri:0, instance:com.minimizedScenariosExtentReport.Check_Fieldvalidation@57af006c]" name="Setup" is-config="true" duration-ms="47" started-at="2020-07-02T13:13:39 IST" finished-at="2020-07-02T13:13:39 IST">
          <reporter-output>
          </reporter-output>
        </test-method> <!-- Setup -->
        <test-method status="PASS" signature="Check_Disabled_Supplementary_Currentyear()[pri:0, instance:com.minimizedScenariosExtentReport.Check_Fieldvalidation@57af006c]" name="Check_Disabled_Supplementary_Currentyear" duration-ms="38088" started-at="2020-07-02T13:13:39 IST" finished-at="2020-07-02T13:14:17 IST">
          <reporter-output>
          </reporter-output>
        </test-method> <!-- Check_Disabled_Supplementary_Currentyear -->
        <test-method status="FAIL" signature="Check_Age_Equalto_13years_Apply()[pri:1, instance:com.minimizedScenariosExtentReport.Check_Fieldvalidation@57af006c]" name="Check_Age_Equalto_13years_Apply" duration-ms="135895" started-at="2020-07-02T13:14:17 IST" finished-at="2020-07-02T13:16:33 IST">
          <exception class="org.openqa.selenium.NoSuchElementException">
            <message>
              <![CDATA[no such element: Unable to locate element: {"method":"css selector","selector":"#form1 > div:nth-child(4) > table > tbody > tr:nth-child(5) > td > input:nth-child(1)"}
  (Session info: chrome=83.0.4103.116)
For documentation on this error, please visit: https://www.seleniumhq.org/exceptions/no_such_element.html
Build info: version: '3.141.59', revision: 'e82be7d358', time: '2018-11-14T08:17:03'
System info: host: 'CSMBHUL251', ip: '10.0.75.1', os.name: 'Windows 10', os.arch: 'amd64', os.version: '10.0', java.version: '1.8.0_181'
Driver info: org.openqa.selenium.chrome.ChromeDriver
Capabilities {acceptInsecureCerts: false, browserName: chrome, browserVersion: 83.0.4103.116, chrome: {chromedriverVersion: 83.0.4103.39 (ccbf011cb2d2b..., userDataDir: C:\Users\SATYAR~1.M\AppData...}, goog:chromeOptions: {debuggerAddress: localhost:52572}, javascriptEnabled: true, networkConnectionEnabled: false, pageLoadStrategy: normal, platform: WINDOWS, platformName: WINDOWS, proxy: Proxy(), setWindowRect: true, strictFileInteractability: false, timeouts: {implicit: 0, pageLoad: 300000, script: 30000}, unhandledPromptBehavior: dismiss and notify, webauthn:virtualAuthenticators: true}
Session ID: 14c21ee4b3afdd3025094ef90a4e53dc
*** Element info: {Using=css selector, value=#form1 > div:nth-child(4) > table > tbody > tr:nth-child(5) > td > input:nth-child(1)}]]>
            </message>
            <full-stacktrace>
              <![CDATA[org.openqa.selenium.NoSuchElementException: no such element: Unable to locate element: {"method":"css selector","selector":"#form1 > div:nth-child(4) > table > tbody > tr:nth-child(5) > td > input:nth-child(1)"}
  (Session info: chrome=83.0.4103.116)
For documentation on this error, please visit: https://www.seleniumhq.org/exceptions/no_such_element.html
Build info: version: '3.141.59', revision: 'e82be7d358', time: '2018-11-14T08:17:03'
System info: host: 'CSMBHUL251', ip: '10.0.75.1', os.name: 'Windows 10', os.arch: 'amd64', os.version: '10.0', java.version: '1.8.0_181'
Driver info: org.openqa.selenium.chrome.ChromeDriver
Capabilities {acceptInsecureCerts: false, browserName: chrome, browserVersion: 83.0.4103.116, chrome: {chromedriverVersion: 83.0.4103.39 (ccbf011cb2d2b..., userDataDir: C:\Users\SATYAR~1.M\AppData...}, goog:chromeOptions: {debuggerAddress: localhost:52572}, javascriptEnabled: true, networkConnectionEnabled: false, pageLoadStrategy: normal, platform: WINDOWS, platformName: WINDOWS, proxy: Proxy(), setWindowRect: true, strictFileInteractability: false, timeouts: {implicit: 0, pageLoad: 300000, script: 30000}, unhandledPromptBehavior: dismiss and notify, webauthn:virtualAuthenticators: true}
Session ID: 14c21ee4b3afdd3025094ef90a4e53dc
*** Element info: {Using=css selector, value=#form1 > div:nth-child(4) > table > tbody > tr:nth-child(5) > td > input:nth-child(1)}
at sun.reflect.NativeConstructorAccessorImpl.newInstance0(Native Method)
at sun.reflect.NativeConstructorAccessorImpl.newInstance(NativeConstructorAccessorImpl.java:62)
at sun.reflect.DelegatingConstructorAccessorImpl.newInstance(DelegatingConstructorAccessorImpl.java:45)
at java.lang.reflect.Constructor.newInstance(Constructor.java:423)
at org.openqa.selenium.remote.http.W3CHttpResponseCodec.createException(W3CHttpResponseCodec.java:187)
at org.openqa.selenium.remote.http.W3CHttpResponseCodec.decode(W3CHttpResponseCodec.java:122)
at org.openqa.selenium.remote.http.W3CHttpResponseCodec.decode(W3CHttpResponseCodec.java:49)
at org.openqa.selenium.remote.HttpCommandExecutor.execute(HttpCommandExecutor.java:158)
at org.openqa.selenium.remote.service.DriverCommandExecutor.execute(DriverCommandExecutor.java:83)
at org.openqa.selenium.remote.RemoteWebDriver.execute(RemoteWebDriver.java:552)
at org.openqa.selenium.remote.RemoteWebDriver.findElement(RemoteWebDriver.java:323)
at org.openqa.selenium.remote.RemoteWebDriver.findElementByCssSelector(RemoteWebDriver.java:420)
at org.openqa.selenium.By$ByCssSelector.findElement(By.java:431)
at org.openqa.selenium.remote.RemoteWebDriver.findElement(RemoteWebDriver.java:315)
at com.minimizedScenariosExtentReport.Check_Fieldvalidation.Check_Age_Equalto_13years_Apply(Check_Fieldvalidation.java:221)
at sun.reflect.NativeMethodAccessorImpl.invoke0(Native Method)
at sun.reflect.NativeMethodAccessorImpl.invoke(NativeMethodAccessorImpl.java:62)
at sun.reflect.DelegatingMethodAccessorImpl.invoke(DelegatingMethodAccessorImpl.java:43)
at java.lang.reflect.Method.invoke(Method.java:498)
at org.testng.internal.MethodInvocationHelper.invokeMethod(MethodInvocationHelper.java:134)
at org.testng.internal.TestInvoker.invokeMethod(TestInvoker.java:597)
at org.testng.internal.TestInvoker.invokeTestMethod(TestInvoker.java:173)
at org.testng.internal.MethodRunner.runInSequence(MethodRunner.java:46)
at org.testng.internal.TestInvoker$MethodInvocationAgent.invoke(TestInvoker.java:816)
at org.testng.internal.TestInvoker.invokeTestMethods(TestInvoker.java:146)
at org.testng.internal.TestMethodWorker.invokeTestMethods(TestMethodWorker.java:146)
at org.testng.internal.TestMethodWorker.run(TestMethodWorker.java:128)
at java.util.ArrayList.forEach(ArrayList.java:1257)
at org.testng.TestRunner.privateRun(TestRunner.java:766)
at org.testng.TestRunner.run(TestRunner.java:587)
at org.testng.SuiteRunner.runTest(SuiteRunner.java:384)
at org.testng.SuiteRunner.runSequentially(SuiteRunner.java:378)
at org.testng.SuiteRunner.privateRun(SuiteRunner.java:337)
at org.testng.SuiteRunner.run(SuiteRunner.java:286)
at org.testng.SuiteRunnerWorker.runSuite(SuiteRunnerWorker.java:53)
at org.testng.SuiteRunnerWorker.run(SuiteRunnerWorker.java:96)
at org.testng.TestNG.runSuitesSequentially(TestNG.java:1187)
at org.testng.TestNG.runSuitesLocally(TestNG.java:1109)
at org.testng.TestNG.runSuites(TestNG.java:1039)
at org.testng.TestNG.run(TestNG.java:1007)
at org.apache.maven.surefire.testng.TestNGExecutor.run(TestNGExecutor.java:283)
at org.apache.maven.surefire.testng.TestNGXmlTestSuite.execute(TestNGXmlTestSuite.java:75)
at org.apache.maven.surefire.testng.TestNGProvider.invoke(TestNGProvider.java:120)
at org.apache.maven.surefire.booter.ForkedBooter.runSuitesInProcess(ForkedBooter.java:377)
at org.apache.maven.surefire.booter.ForkedBooter.execute(ForkedBooter.java:138)
at org.apache.maven.surefire.booter.ForkedBooter.run(ForkedBooter.java:465)
at org.apache.maven.surefire.booter.ForkedBooter.main(ForkedBooter.java:451)
]]>
            </full-stacktrace>
          </exception> <!-- org.openqa.selenium.NoSuchElementException -->
          <reporter-output>
          </reporter-output>
        </test-method> <!-- Check_Age_Equalto_13years_Apply -->
        <test-method status="FAIL" signature="Check_Age_Lessthan_13years_Apply()[pri:2, instance:com.minimizedScenariosExtentReport.Check_Fieldvalidation@57af006c]" name="Check_Age_Lessthan_13years_Apply" duration-ms="32059" started-at="2020-07-02T13:16:33 IST" finished-at="2020-07-02T13:17:05 IST">
          <exception class="org.openqa.selenium.NoSuchElementException">
            <message>
              <![CDATA[no such element: Unable to locate element: {"method":"css selector","selector":"#ddlYear"}
  (Session info: chrome=83.0.4103.116)
For documentation on this error, please visit: https://www.seleniumhq.org/exceptions/no_such_element.html
Build info: version: '3.141.59', revision: 'e82be7d358', time: '2018-11-14T08:17:03'
System info: host: 'CSMBHUL251', ip: '10.0.75.1', os.name: 'Windows 10', os.arch: 'amd64', os.version: '10.0', java.version: '1.8.0_181'
Driver info: org.openqa.selenium.chrome.ChromeDriver
Capabilities {acceptInsecureCerts: false, browserName: chrome, browserVersion: 83.0.4103.116, chrome: {chromedriverVersion: 83.0.4103.39 (ccbf011cb2d2b..., userDataDir: C:\Users\SATYAR~1.M\AppData...}, goog:chromeOptions: {debuggerAddress: localhost:52572}, javascriptEnabled: true, networkConnectionEnabled: false, pageLoadStrategy: normal, platform: WINDOWS, platformName: WINDOWS, proxy: Proxy(), setWindowRect: true, strictFileInteractability: false, timeouts: {implicit: 0, pageLoad: 300000, script: 30000}, unhandledPromptBehavior: dismiss and notify, webauthn:virtualAuthenticators: true}
Session ID: 14c21ee4b3afdd3025094ef90a4e53dc
*** Element info: {Using=id, value=ddlYear}]]>
            </message>
            <full-stacktrace>
              <![CDATA[org.openqa.selenium.NoSuchElementException: no such element: Unable to locate element: {"method":"css selector","selector":"#ddlYear"}
  (Session info: chrome=83.0.4103.116)
For documentation on this error, please visit: https://www.seleniumhq.org/exceptions/no_such_element.html
Build info: version: '3.141.59', revision: 'e82be7d358', time: '2018-11-14T08:17:03'
System info: host: 'CSMBHUL251', ip: '10.0.75.1', os.name: 'Windows 10', os.arch: 'amd64', os.version: '10.0', java.version: '1.8.0_181'
Driver info: org.openqa.selenium.chrome.ChromeDriver
Capabilities {acceptInsecureCerts: false, browserName: chrome, browserVersion: 83.0.4103.116, chrome: {chromedriverVersion: 83.0.4103.39 (ccbf011cb2d2b..., userDataDir: C:\Users\SATYAR~1.M\AppData...}, goog:chromeOptions: {debuggerAddress: localhost:52572}, javascriptEnabled: true, networkConnectionEnabled: false, pageLoadStrategy: normal, platform: WINDOWS, platformName: WINDOWS, proxy: Proxy(), setWindowRect: true, strictFileInteractability: false, timeouts: {implicit: 0, pageLoad: 300000, script: 30000}, unhandledPromptBehavior: dismiss and notify, webauthn:virtualAuthenticators: true}
Session ID: 14c21ee4b3afdd3025094ef90a4e53dc
*** Element info: {Using=id, value=ddlYear}
at sun.reflect.NativeConstructorAccessorImpl.newInstance0(Native Method)
at sun.reflect.NativeConstructorAccessorImpl.newInstance(NativeConstructorAccessorImpl.java:62)
at sun.reflect.DelegatingConstructorAccessorImpl.newInstance(DelegatingConstructorAccessorImpl.java:45)
at java.lang.reflect.Constructor.newInstance(Constructor.java:423)
at org.openqa.selenium.remote.http.W3CHttpResponseCodec.createException(W3CHttpResponseCodec.java:187)
at org.openqa.selenium.remote.http.W3CHttpResponseCodec.decode(W3CHttpResponseCodec.java:122)
at org.openqa.selenium.remote.http.W3CHttpResponseCodec.decode(W3CHttpResponseCodec.java:49)
at org.openqa.selenium.remote.HttpCommandExecutor.execute(HttpCommandExecutor.java:158)
at org.openqa.selenium.remote.service.DriverCommandExecutor.execute(DriverCommandExecutor.java:83)
at org.openqa.selenium.remote.RemoteWebDriver.execute(RemoteWebDriver.java:552)
at org.openqa.selenium.remote.RemoteWebDriver.findElement(RemoteWebDriver.java:323)
at org.openqa.selenium.remote.RemoteWebDriver.findElementById(RemoteWebDriver.java:372)
at org.openqa.selenium.By$ById.findElement(By.java:188)
at org.openqa.selenium.remote.RemoteWebDriver.findElement(RemoteWebDriver.java:315)
at com.minimizedScenariosExtentReport.Check_Fieldvalidation.Check_Age_Lessthan_13years_Apply(Check_Fieldvalidation.java:277)
at sun.reflect.NativeMethodAccessorImpl.invoke0(Native Method)
at sun.reflect.NativeMethodAccessorImpl.invoke(NativeMethodAccessorImpl.java:62)
at sun.reflect.DelegatingMethodAccessorImpl.invoke(DelegatingMethodAccessorImpl.java:43)
at java.lang.reflect.Method.invoke(Method.java:498)
at org.testng.internal.MethodInvocationHelper.invokeMethod(MethodInvocationHelper.java:134)
at org.testng.internal.TestInvoker.invokeMethod(TestInvoker.java:597)
at org.testng.internal.TestInvoker.invokeTestMethod(TestInvoker.java:173)
at org.testng.internal.MethodRunner.runInSequence(MethodRunner.java:46)
at org.testng.internal.TestInvoker$MethodInvocationAgent.invoke(TestInvoker.java:816)
at org.testng.internal.TestInvoker.invokeTestMethods(TestInvoker.java:146)
at org.testng.internal.TestMethodWorker.invokeTestMethods(TestMethodWorker.java:146)
at org.testng.internal.TestMethodWorker.run(TestMethodWorker.java:128)
at java.util.ArrayList.forEach(ArrayList.java:1257)
at org.testng.TestRunner.privateRun(TestRunner.java:766)
at org.testng.TestRunner.run(TestRunner.java:587)
at org.testng.SuiteRunner.runTest(SuiteRunner.java:384)
at org.testng.SuiteRunner.runSequentially(SuiteRunner.java:378)
at org.testng.SuiteRunner.privateRun(SuiteRunner.java:337)
at org.testng.SuiteRunner.run(SuiteRunner.java:286)
at org.testng.SuiteRunnerWorker.runSuite(SuiteRunnerWorker.java:53)
at org.testng.SuiteRunnerWorker.run(SuiteRunnerWorker.java:96)
at org.testng.TestNG.runSuitesSequentially(TestNG.java:1187)
at org.testng.TestNG.runSuitesLocally(TestNG.java:1109)
at org.testng.TestNG.runSuites(TestNG.java:1039)
at org.testng.TestNG.run(TestNG.java:1007)
at org.apache.maven.surefire.testng.TestNGExecutor.run(TestNGExecutor.java:283)
at org.apache.maven.surefire.testng.TestNGXmlTestSuite.execute(TestNGXmlTestSuite.java:75)
at org.apache.maven.surefire.testng.TestNGProvider.invoke(TestNGProvider.java:120)
at org.apache.maven.surefire.booter.ForkedBooter.runSuitesInProcess(ForkedBooter.java:377)
at org.apache.maven.surefire.booter.ForkedBooter.execute(ForkedBooter.java:138)
at org.apache.maven.surefire.booter.ForkedBooter.run(ForkedBooter.java:465)
at org.apache.maven.surefire.booter.ForkedBooter.main(ForkedBooter.java:451)
]]>
            </full-stacktrace>
          </exception> <!-- org.openqa.selenium.NoSuchElementException -->
          <reporter-output>
          </reporter-output>
        </test-method> <!-- Check_Age_Lessthan_13years_Apply -->
        <test-method status="FAIL" signature="Check_Age_Morethan_13years_Apply()[pri:3, instance:com.minimizedScenariosExtentReport.Check_Fieldvalidation@57af006c]" name="Check_Age_Morethan_13years_Apply" duration-ms="32048" started-at="2020-07-02T13:17:05 IST" finished-at="2020-07-02T13:17:37 IST">
          <exception class="org.openqa.selenium.NoSuchElementException">
            <message>
              <![CDATA[no such element: Unable to locate element: {"method":"css selector","selector":"#ddlYear"}
  (Session info: chrome=83.0.4103.116)
For documentation on this error, please visit: https://www.seleniumhq.org/exceptions/no_such_element.html
Build info: version: '3.141.59', revision: 'e82be7d358', time: '2018-11-14T08:17:03'
System info: host: 'CSMBHUL251', ip: '10.0.75.1', os.name: 'Windows 10', os.arch: 'amd64', os.version: '10.0', java.version: '1.8.0_181'
Driver info: org.openqa.selenium.chrome.ChromeDriver
Capabilities {acceptInsecureCerts: false, browserName: chrome, browserVersion: 83.0.4103.116, chrome: {chromedriverVersion: 83.0.4103.39 (ccbf011cb2d2b..., userDataDir: C:\Users\SATYAR~1.M\AppData...}, goog:chromeOptions: {debuggerAddress: localhost:52572}, javascriptEnabled: true, networkConnectionEnabled: false, pageLoadStrategy: normal, platform: WINDOWS, platformName: WINDOWS, proxy: Proxy(), setWindowRect: true, strictFileInteractability: false, timeouts: {implicit: 0, pageLoad: 300000, script: 30000}, unhandledPromptBehavior: dismiss and notify, webauthn:virtualAuthenticators: true}
Session ID: 14c21ee4b3afdd3025094ef90a4e53dc
*** Element info: {Using=id, value=ddlYear}]]>
            </message>
            <full-stacktrace>
              <![CDATA[org.openqa.selenium.NoSuchElementException: no such element: Unable to locate element: {"method":"css selector","selector":"#ddlYear"}
  (Session info: chrome=83.0.4103.116)
For documentation on this error, please visit: https://www.seleniumhq.org/exceptions/no_such_element.html
Build info: version: '3.141.59', revision: 'e82be7d358', time: '2018-11-14T08:17:03'
System info: host: 'CSMBHUL251', ip: '10.0.75.1', os.name: 'Windows 10', os.arch: 'amd64', os.version: '10.0', java.version: '1.8.0_181'
Driver info: org.openqa.selenium.chrome.ChromeDriver
Capabilities {acceptInsecureCerts: false, browserName: chrome, browserVersion: 83.0.4103.116, chrome: {chromedriverVersion: 83.0.4103.39 (ccbf011cb2d2b..., userDataDir: C:\Users\SATYAR~1.M\AppData...}, goog:chromeOptions: {debuggerAddress: localhost:52572}, javascriptEnabled: true, networkConnectionEnabled: false, pageLoadStrategy: normal, platform: WINDOWS, platformName: WINDOWS, proxy: Proxy(), setWindowRect: true, strictFileInteractability: false, timeouts: {implicit: 0, pageLoad: 300000, script: 30000}, unhandledPromptBehavior: dismiss and notify, webauthn:virtualAuthenticators: true}
Session ID: 14c21ee4b3afdd3025094ef90a4e53dc
*** Element info: {Using=id, value=ddlYear}
at sun.reflect.NativeConstructorAccessorImpl.newInstance0(Native Method)
at sun.reflect.NativeConstructorAccessorImpl.newInstance(NativeConstructorAccessorImpl.java:62)
at sun.reflect.DelegatingConstructorAccessorImpl.newInstance(DelegatingConstructorAccessorImpl.java:45)
at java.lang.reflect.Constructor.newInstance(Constructor.java:423)
at org.openqa.selenium.remote.http.W3CHttpResponseCodec.createException(W3CHttpResponseCodec.java:187)
at org.openqa.selenium.remote.http.W3CHttpResponseCodec.decode(W3CHttpResponseCodec.java:122)
at org.openqa.selenium.remote.http.W3CHttpResponseCodec.decode(W3CHttpResponseCodec.java:49)
at org.openqa.selenium.remote.HttpCommandExecutor.execute(HttpCommandExecutor.java:158)
at org.openqa.selenium.remote.service.DriverCommandExecutor.execute(DriverCommandExecutor.java:83)
at org.openqa.selenium.remote.RemoteWebDriver.execute(RemoteWebDriver.java:552)
at org.openqa.selenium.remote.RemoteWebDriver.findElement(RemoteWebDriver.java:323)
at org.openqa.selenium.remote.RemoteWebDriver.findElementById(RemoteWebDriver.java:372)
at org.openqa.selenium.By$ById.findElement(By.java:188)
at org.openqa.selenium.remote.RemoteWebDriver.findElement(RemoteWebDriver.java:315)
at com.minimizedScenariosExtentReport.Check_Fieldvalidation.Check_Age_Morethan_13years_Apply(Check_Fieldvalidation.java:316)
at sun.reflect.NativeMethodAccessorImpl.invoke0(Native Method)
at sun.reflect.NativeMethodAccessorImpl.invoke(NativeMethodAccessorImpl.java:62)
at sun.reflect.DelegatingMethodAccessorImpl.invoke(DelegatingMethodAccessorImpl.java:43)
at java.lang.reflect.Method.invoke(Method.java:498)
at org.testng.internal.MethodInvocationHelper.invokeMethod(MethodInvocationHelper.java:134)
at org.testng.internal.TestInvoker.invokeMethod(TestInvoker.java:597)
at org.testng.internal.TestInvoker.invokeTestMethod(TestInvoker.java:173)
at org.testng.internal.MethodRunner.runInSequence(MethodRunner.java:46)
at org.testng.internal.TestInvoker$MethodInvocationAgent.invoke(TestInvoker.java:816)
at org.testng.internal.TestInvoker.invokeTestMethods(TestInvoker.java:146)
at org.testng.internal.TestMethodWorker.invokeTestMethods(TestMethodWorker.java:146)
at org.testng.internal.TestMethodWorker.run(TestMethodWorker.java:128)
at java.util.ArrayList.forEach(ArrayList.java:1257)
at org.testng.TestRunner.privateRun(TestRunner.java:766)
at org.testng.TestRunner.run(TestRunner.java:587)
at org.testng.SuiteRunner.runTest(SuiteRunner.java:384)
at org.testng.SuiteRunner.runSequentially(SuiteRunner.java:378)
at org.testng.SuiteRunner.privateRun(SuiteRunner.java:337)
at org.testng.SuiteRunner.run(SuiteRunner.java:286)
at org.testng.SuiteRunnerWorker.runSuite(SuiteRunnerWorker.java:53)
at org.testng.SuiteRunnerWorker.run(SuiteRunnerWorker.java:96)
at org.testng.TestNG.runSuitesSequentially(TestNG.java:1187)
at org.testng.TestNG.runSuitesLocally(TestNG.java:1109)
at org.testng.TestNG.runSuites(TestNG.java:1039)
at org.testng.TestNG.run(TestNG.java:1007)
at org.apache.maven.surefire.testng.TestNGExecutor.run(TestNGExecutor.java:283)
at org.apache.maven.surefire.testng.TestNGXmlTestSuite.execute(TestNGXmlTestSuite.java:75)
at org.apache.maven.surefire.testng.TestNGProvider.invoke(TestNGProvider.java:120)
at org.apache.maven.surefire.booter.ForkedBooter.runSuitesInProcess(ForkedBooter.java:377)
at org.apache.maven.surefire.booter.ForkedBooter.execute(ForkedBooter.java:138)
at org.apache.maven.surefire.booter.ForkedBooter.run(ForkedBooter.java:465)
at org.apache.maven.surefire.booter.ForkedBooter.main(ForkedBooter.java:451)
]]>
            </full-stacktrace>
          </exception> <!-- org.openqa.selenium.NoSuchElementException -->
          <reporter-output>
          </reporter-output>
        </test-method> <!-- Check_Age_Morethan_13years_Apply -->
        <test-method status="FAIL" signature="Check_ResisteredMobileNo_Readonlymode()[pri:4, instance:com.minimizedScenariosExtentReport.Check_Fieldvalidation@57af006c]" name="Check_ResisteredMobileNo_Readonlymode" duration-ms="32030" started-at="2020-07-02T13:17:37 IST" finished-at="2020-07-02T13:18:09 IST">
          <exception class="org.openqa.selenium.NoSuchElementException">
            <message>
              <![CDATA[no such element: Unable to locate element: {"method":"css selector","selector":"#ddlNationality"}
  (Session info: chrome=83.0.4103.116)
For documentation on this error, please visit: https://www.seleniumhq.org/exceptions/no_such_element.html
Build info: version: '3.141.59', revision: 'e82be7d358', time: '2018-11-14T08:17:03'
System info: host: 'CSMBHUL251', ip: '10.0.75.1', os.name: 'Windows 10', os.arch: 'amd64', os.version: '10.0', java.version: '1.8.0_181'
Driver info: org.openqa.selenium.chrome.ChromeDriver
Capabilities {acceptInsecureCerts: false, browserName: chrome, browserVersion: 83.0.4103.116, chrome: {chromedriverVersion: 83.0.4103.39 (ccbf011cb2d2b..., userDataDir: C:\Users\SATYAR~1.M\AppData...}, goog:chromeOptions: {debuggerAddress: localhost:52572}, javascriptEnabled: true, networkConnectionEnabled: false, pageLoadStrategy: normal, platform: WINDOWS, platformName: WINDOWS, proxy: Proxy(), setWindowRect: true, strictFileInteractability: false, timeouts: {implicit: 0, pageLoad: 300000, script: 30000}, unhandledPromptBehavior: dismiss and notify, webauthn:virtualAuthenticators: true}
Session ID: 14c21ee4b3afdd3025094ef90a4e53dc
*** Element info: {Using=id, value=ddlNationality}]]>
            </message>
            <full-stacktrace>
              <![CDATA[org.openqa.selenium.NoSuchElementException: no such element: Unable to locate element: {"method":"css selector","selector":"#ddlNationality"}
  (Session info: chrome=83.0.4103.116)
For documentation on this error, please visit: https://www.seleniumhq.org/exceptions/no_such_element.html
Build info: version: '3.141.59', revision: 'e82be7d358', time: '2018-11-14T08:17:03'
System info: host: 'CSMBHUL251', ip: '10.0.75.1', os.name: 'Windows 10', os.arch: 'amd64', os.version: '10.0', java.version: '1.8.0_181'
Driver info: org.openqa.selenium.chrome.ChromeDriver
Capabilities {acceptInsecureCerts: false, browserName: chrome, browserVersion: 83.0.4103.116, chrome: {chromedriverVersion: 83.0.4103.39 (ccbf011cb2d2b..., userDataDir: C:\Users\SATYAR~1.M\AppData...}, goog:chromeOptions: {debuggerAddress: localhost:52572}, javascriptEnabled: true, networkConnectionEnabled: false, pageLoadStrategy: normal, platform: WINDOWS, platformName: WINDOWS, proxy: Proxy(), setWindowRect: true, strictFileInteractability: false, timeouts: {implicit: 0, pageLoad: 300000, script: 30000}, unhandledPromptBehavior: dismiss and notify, webauthn:virtualAuthenticators: true}
Session ID: 14c21ee4b3afdd3025094ef90a4e53dc
*** Element info: {Using=id, value=ddlNationality}
at sun.reflect.NativeConstructorAccessorImpl.newInstance0(Native Method)
at sun.reflect.NativeConstructorAccessorImpl.newInstance(NativeConstructorAccessorImpl.java:62)
at sun.reflect.DelegatingConstructorAccessorImpl.newInstance(DelegatingConstructorAccessorImpl.java:45)
at java.lang.reflect.Constructor.newInstance(Constructor.java:423)
at org.openqa.selenium.remote.http.W3CHttpResponseCodec.createException(W3CHttpResponseCodec.java:187)
at org.openqa.selenium.remote.http.W3CHttpResponseCodec.decode(W3CHttpResponseCodec.java:122)
at org.openqa.selenium.remote.http.W3CHttpResponseCodec.decode(W3CHttpResponseCodec.java:49)
at org.openqa.selenium.remote.HttpCommandExecutor.execute(HttpCommandExecutor.java:158)
at org.openqa.selenium.remote.service.DriverCommandExecutor.execute(DriverCommandExecutor.java:83)
at org.openqa.selenium.remote.RemoteWebDriver.execute(RemoteWebDriver.java:552)
at org.openqa.selenium.remote.RemoteWebDriver.findElement(RemoteWebDriver.java:323)
at org.openqa.selenium.remote.RemoteWebDriver.findElementById(RemoteWebDriver.java:372)
at org.openqa.selenium.By$ById.findElement(By.java:188)
at org.openqa.selenium.remote.RemoteWebDriver.findElement(RemoteWebDriver.java:315)
at com.minimizedScenariosExtentReport.Check_Fieldvalidation.Check_ResisteredMobileNo_Readonlymode(Check_Fieldvalidation.java:355)
at sun.reflect.NativeMethodAccessorImpl.invoke0(Native Method)
at sun.reflect.NativeMethodAccessorImpl.invoke(NativeMethodAccessorImpl.java:62)
at sun.reflect.DelegatingMethodAccessorImpl.invoke(DelegatingMethodAccessorImpl.java:43)
at java.lang.reflect.Method.invoke(Method.java:498)
at org.testng.internal.MethodInvocationHelper.invokeMethod(MethodInvocationHelper.java:134)
at org.testng.internal.TestInvoker.invokeMethod(TestInvoker.java:597)
at org.testng.internal.TestInvoker.invokeTestMethod(TestInvoker.java:173)
at org.testng.internal.MethodRunner.runInSequence(MethodRunner.java:46)
at org.testng.internal.TestInvoker$MethodInvocationAgent.invoke(TestInvoker.java:816)
at org.testng.internal.TestInvoker.invokeTestMethods(TestInvoker.java:146)
at org.testng.internal.TestMethodWorker.invokeTestMethods(TestMethodWorker.java:146)
at org.testng.internal.TestMethodWorker.run(TestMethodWorker.java:128)
at java.util.ArrayList.forEach(ArrayList.java:1257)
at org.testng.TestRunner.privateRun(TestRunner.java:766)
at org.testng.TestRunner.run(TestRunner.java:587)
at org.testng.SuiteRunner.runTest(SuiteRunner.java:384)
at org.testng.SuiteRunner.runSequentially(SuiteRunner.java:378)
at org.testng.SuiteRunner.privateRun(SuiteRunner.java:337)
at org.testng.SuiteRunner.run(SuiteRunner.java:286)
at org.testng.SuiteRunnerWorker.runSuite(SuiteRunnerWorker.java:53)
at org.testng.SuiteRunnerWorker.run(SuiteRunnerWorker.java:96)
at org.testng.TestNG.runSuitesSequentially(TestNG.java:1187)
at org.testng.TestNG.runSuitesLocally(TestNG.java:1109)
at org.testng.TestNG.runSuites(TestNG.java:1039)
at org.testng.TestNG.run(TestNG.java:1007)
at org.apache.maven.surefire.testng.TestNGExecutor.run(TestNGExecutor.java:283)
at org.apache.maven.surefire.testng.TestNGXmlTestSuite.execute(TestNGXmlTestSuite.java:75)
at org.apache.maven.surefire.testng.TestNGProvider.invoke(TestNGProvider.java:120)
at org.apache.maven.surefire.booter.ForkedBooter.runSuitesInProcess(ForkedBooter.java:377)
at org.apache.maven.surefire.booter.ForkedBooter.execute(ForkedBooter.java:138)
at org.apache.maven.surefire.booter.ForkedBooter.run(ForkedBooter.java:465)
at org.apache.maven.surefire.booter.ForkedBooter.main(ForkedBooter.java:451)
]]>
            </full-stacktrace>
          </exception> <!-- org.openqa.selenium.NoSuchElementException -->
          <reporter-output>
          </reporter-output>
        </test-method> <!-- Check_ResisteredMobileNo_Readonlymode -->
        <test-method status="FAIL" signature="Check_Displaying_ResisteredEmailId()[pri:5, instance:com.minimizedScenariosExtentReport.Check_Fieldvalidation@57af006c]" name="Check_Displaying_ResisteredEmailId" duration-ms="30069" started-at="2020-07-02T13:18:09 IST" finished-at="2020-07-02T13:18:39 IST">
          <exception class="org.openqa.selenium.NoSuchElementException">
            <message>
              <![CDATA[no such element: Unable to locate element: {"method":"css selector","selector":"#txtCEmail"}
  (Session info: chrome=83.0.4103.116)
For documentation on this error, please visit: https://www.seleniumhq.org/exceptions/no_such_element.html
Build info: version: '3.141.59', revision: 'e82be7d358', time: '2018-11-14T08:17:03'
System info: host: 'CSMBHUL251', ip: '10.0.75.1', os.name: 'Windows 10', os.arch: 'amd64', os.version: '10.0', java.version: '1.8.0_181'
Driver info: org.openqa.selenium.chrome.ChromeDriver
Capabilities {acceptInsecureCerts: false, browserName: chrome, browserVersion: 83.0.4103.116, chrome: {chromedriverVersion: 83.0.4103.39 (ccbf011cb2d2b..., userDataDir: C:\Users\SATYAR~1.M\AppData...}, goog:chromeOptions: {debuggerAddress: localhost:52572}, javascriptEnabled: true, networkConnectionEnabled: false, pageLoadStrategy: normal, platform: WINDOWS, platformName: WINDOWS, proxy: Proxy(), setWindowRect: true, strictFileInteractability: false, timeouts: {implicit: 0, pageLoad: 300000, script: 30000}, unhandledPromptBehavior: dismiss and notify, webauthn:virtualAuthenticators: true}
Session ID: 14c21ee4b3afdd3025094ef90a4e53dc
*** Element info: {Using=id, value=txtCEmail}]]>
            </message>
            <full-stacktrace>
              <![CDATA[org.openqa.selenium.NoSuchElementException: no such element: Unable to locate element: {"method":"css selector","selector":"#txtCEmail"}
  (Session info: chrome=83.0.4103.116)
For documentation on this error, please visit: https://www.seleniumhq.org/exceptions/no_such_element.html
Build info: version: '3.141.59', revision: 'e82be7d358', time: '2018-11-14T08:17:03'
System info: host: 'CSMBHUL251', ip: '10.0.75.1', os.name: 'Windows 10', os.arch: 'amd64', os.version: '10.0', java.version: '1.8.0_181'
Driver info: org.openqa.selenium.chrome.ChromeDriver
Capabilities {acceptInsecureCerts: false, browserName: chrome, browserVersion: 83.0.4103.116, chrome: {chromedriverVersion: 83.0.4103.39 (ccbf011cb2d2b..., userDataDir: C:\Users\SATYAR~1.M\AppData...}, goog:chromeOptions: {debuggerAddress: localhost:52572}, javascriptEnabled: true, networkConnectionEnabled: false, pageLoadStrategy: normal, platform: WINDOWS, platformName: WINDOWS, proxy: Proxy(), setWindowRect: true, strictFileInteractability: false, timeouts: {implicit: 0, pageLoad: 300000, script: 30000}, unhandledPromptBehavior: dismiss and notify, webauthn:virtualAuthenticators: true}
Session ID: 14c21ee4b3afdd3025094ef90a4e53dc
*** Element info: {Using=id, value=txtCEmail}
at sun.reflect.NativeConstructorAccessorImpl.newInstance0(Native Method)
at sun.reflect.NativeConstructorAccessorImpl.newInstance(NativeConstructorAccessorImpl.java:62)
at sun.reflect.DelegatingConstructorAccessorImpl.newInstance(DelegatingConstructorAccessorImpl.java:45)
at java.lang.reflect.Constructor.newInstance(Constructor.java:423)
at org.openqa.selenium.remote.http.W3CHttpResponseCodec.createException(W3CHttpResponseCodec.java:187)
at org.openqa.selenium.remote.http.W3CHttpResponseCodec.decode(W3CHttpResponseCodec.java:122)
at org.openqa.selenium.remote.http.W3CHttpResponseCodec.decode(W3CHttpResponseCodec.java:49)
at org.openqa.selenium.remote.HttpCommandExecutor.execute(HttpCommandExecutor.java:158)
at org.openqa.selenium.remote.service.DriverCommandExecutor.execute(DriverCommandExecutor.java:83)
at org.openqa.selenium.remote.RemoteWebDriver.execute(RemoteWebDriver.java:552)
at org.openqa.selenium.remote.RemoteWebDriver.findElement(RemoteWebDriver.java:323)
at org.openqa.selenium.remote.RemoteWebDriver.findElementById(RemoteWebDriver.java:372)
at org.openqa.selenium.By$ById.findElement(By.java:188)
at org.openqa.selenium.remote.RemoteWebDriver.findElement(RemoteWebDriver.java:315)
at com.minimizedScenariosExtentReport.Check_Fieldvalidation.Check_Displaying_ResisteredEmailId(Check_Fieldvalidation.java:428)
at sun.reflect.NativeMethodAccessorImpl.invoke0(Native Method)
at sun.reflect.NativeMethodAccessorImpl.invoke(NativeMethodAccessorImpl.java:62)
at sun.reflect.DelegatingMethodAccessorImpl.invoke(DelegatingMethodAccessorImpl.java:43)
at java.lang.reflect.Method.invoke(Method.java:498)
at org.testng.internal.MethodInvocationHelper.invokeMethod(MethodInvocationHelper.java:134)
at org.testng.internal.TestInvoker.invokeMethod(TestInvoker.java:597)
at org.testng.internal.TestInvoker.invokeTestMethod(TestInvoker.java:173)
at org.testng.internal.MethodRunner.runInSequence(MethodRunner.java:46)
at org.testng.internal.TestInvoker$MethodInvocationAgent.invoke(TestInvoker.java:816)
at org.testng.internal.TestInvoker.invokeTestMethods(TestInvoker.java:146)
at org.testng.internal.TestMethodWorker.invokeTestMethods(TestMethodWorker.java:146)
at org.testng.internal.TestMethodWorker.run(TestMethodWorker.java:128)
at java.util.ArrayList.forEach(ArrayList.java:1257)
at org.testng.TestRunner.privateRun(TestRunner.java:766)
at org.testng.TestRunner.run(TestRunner.java:587)
at org.testng.SuiteRunner.runTest(SuiteRunner.java:384)
at org.testng.SuiteRunner.runSequentially(SuiteRunner.java:378)
at org.testng.SuiteRunner.privateRun(SuiteRunner.java:337)
at org.testng.SuiteRunner.run(SuiteRunner.java:286)
at org.testng.SuiteRunnerWorker.runSuite(SuiteRunnerWorker.java:53)
at org.testng.SuiteRunnerWorker.run(SuiteRunnerWorker.java:96)
at org.testng.TestNG.runSuitesSequentially(TestNG.java:1187)
at org.testng.TestNG.runSuitesLocally(TestNG.java:1109)
at org.testng.TestNG.runSuites(TestNG.java:1039)
at org.testng.TestNG.run(TestNG.java:1007)
at org.apache.maven.surefire.testng.TestNGExecutor.run(TestNGExecutor.java:283)
at org.apache.maven.surefire.testng.TestNGXmlTestSuite.execute(TestNGXmlTestSuite.java:75)
at org.apache.maven.surefire.testng.TestNGProvider.invoke(TestNGProvider.java:120)
at org.apache.maven.surefire.booter.ForkedBooter.runSuitesInProcess(ForkedBooter.java:377)
at org.apache.maven.surefire.booter.ForkedBooter.execute(ForkedBooter.java:138)
at org.apache.maven.surefire.booter.ForkedBooter.run(ForkedBooter.java:465)
at org.apache.maven.surefire.booter.ForkedBooter.main(ForkedBooter.java:451)
]]>
            </full-stacktrace>
          </exception> <!-- org.openqa.selenium.NoSuchElementException -->
          <reporter-output>
          </reporter-output>
        </test-method> <!-- Check_Displaying_ResisteredEmailId -->
        <test-method status="FAIL" signature="Check_Enable_Compartmental_Selectannual()[pri:6, instance:com.minimizedScenariosExtentReport.Check_Fieldvalidation@57af006c]" name="Check_Enable_Compartmental_Selectannual" duration-ms="30061" started-at="2020-07-02T13:18:39 IST" finished-at="2020-07-02T13:19:09 IST">
          <exception class="org.openqa.selenium.NoSuchElementException">
            <message>
              <![CDATA[no such element: Unable to locate element: {"method":"css selector","selector":"#txtSocSci"}
  (Session info: chrome=83.0.4103.116)
For documentation on this error, please visit: https://www.seleniumhq.org/exceptions/no_such_element.html
Build info: version: '3.141.59', revision: 'e82be7d358', time: '2018-11-14T08:17:03'
System info: host: 'CSMBHUL251', ip: '10.0.75.1', os.name: 'Windows 10', os.arch: 'amd64', os.version: '10.0', java.version: '1.8.0_181'
Driver info: org.openqa.selenium.chrome.ChromeDriver
Capabilities {acceptInsecureCerts: false, browserName: chrome, browserVersion: 83.0.4103.116, chrome: {chromedriverVersion: 83.0.4103.39 (ccbf011cb2d2b..., userDataDir: C:\Users\SATYAR~1.M\AppData...}, goog:chromeOptions: {debuggerAddress: localhost:52572}, javascriptEnabled: true, networkConnectionEnabled: false, pageLoadStrategy: normal, platform: WINDOWS, platformName: WINDOWS, proxy: Proxy(), setWindowRect: true, strictFileInteractability: false, timeouts: {implicit: 0, pageLoad: 300000, script: 30000}, unhandledPromptBehavior: dismiss and notify, webauthn:virtualAuthenticators: true}
Session ID: 14c21ee4b3afdd3025094ef90a4e53dc
*** Element info: {Using=id, value=txtSocSci}]]>
            </message>
            <full-stacktrace>
              <![CDATA[org.openqa.selenium.NoSuchElementException: no such element: Unable to locate element: {"method":"css selector","selector":"#txtSocSci"}
  (Session info: chrome=83.0.4103.116)
For documentation on this error, please visit: https://www.seleniumhq.org/exceptions/no_such_element.html
Build info: version: '3.141.59', revision: 'e82be7d358', time: '2018-11-14T08:17:03'
System info: host: 'CSMBHUL251', ip: '10.0.75.1', os.name: 'Windows 10', os.arch: 'amd64', os.version: '10.0', java.version: '1.8.0_181'
Driver info: org.openqa.selenium.chrome.ChromeDriver
Capabilities {acceptInsecureCerts: false, browserName: chrome, browserVersion: 83.0.4103.116, chrome: {chromedriverVersion: 83.0.4103.39 (ccbf011cb2d2b..., userDataDir: C:\Users\SATYAR~1.M\AppData...}, goog:chromeOptions: {debuggerAddress: localhost:52572}, javascriptEnabled: true, networkConnectionEnabled: false, pageLoadStrategy: normal, platform: WINDOWS, platformName: WINDOWS, proxy: Proxy(), setWindowRect: true, strictFileInteractability: false, timeouts: {implicit: 0, pageLoad: 300000, script: 30000}, unhandledPromptBehavior: dismiss and notify, webauthn:virtualAuthenticators: true}
Session ID: 14c21ee4b3afdd3025094ef90a4e53dc
*** Element info: {Using=id, value=txtSocSci}
at sun.reflect.NativeConstructorAccessorImpl.newInstance0(Native Method)
at sun.reflect.NativeConstructorAccessorImpl.newInstance(NativeConstructorAccessorImpl.java:62)
at sun.reflect.DelegatingConstructorAccessorImpl.newInstance(DelegatingConstructorAccessorImpl.java:45)
at java.lang.reflect.Constructor.newInstance(Constructor.java:423)
at org.openqa.selenium.remote.http.W3CHttpResponseCodec.createException(W3CHttpResponseCodec.java:187)
at org.openqa.selenium.remote.http.W3CHttpResponseCodec.decode(W3CHttpResponseCodec.java:122)
at org.openqa.selenium.remote.http.W3CHttpResponseCodec.decode(W3CHttpResponseCodec.java:49)
at org.openqa.selenium.remote.HttpCommandExecutor.execute(HttpCommandExecutor.java:158)
at org.openqa.selenium.remote.service.DriverCommandExecutor.execute(DriverCommandExecutor.java:83)
at org.openqa.selenium.remote.RemoteWebDriver.execute(RemoteWebDriver.java:552)
at org.openqa.selenium.remote.RemoteWebDriver.findElement(RemoteWebDriver.java:323)
at org.openqa.selenium.remote.RemoteWebDriver.findElementById(RemoteWebDriver.java:372)
at org.openqa.selenium.By$ById.findElement(By.java:188)
at org.openqa.selenium.remote.RemoteWebDriver.findElement(RemoteWebDriver.java:315)
at com.minimizedScenariosExtentReport.Check_Fieldvalidation.Check_Enable_Compartmental_Selectannual(Check_Fieldvalidation.java:452)
at sun.reflect.NativeMethodAccessorImpl.invoke0(Native Method)
at sun.reflect.NativeMethodAccessorImpl.invoke(NativeMethodAccessorImpl.java:62)
at sun.reflect.DelegatingMethodAccessorImpl.invoke(DelegatingMethodAccessorImpl.java:43)
at java.lang.reflect.Method.invoke(Method.java:498)
at org.testng.internal.MethodInvocationHelper.invokeMethod(MethodInvocationHelper.java:134)
at org.testng.internal.TestInvoker.invokeMethod(TestInvoker.java:597)
at org.testng.internal.TestInvoker.invokeTestMethod(TestInvoker.java:173)
at org.testng.internal.MethodRunner.runInSequence(MethodRunner.java:46)
at org.testng.internal.TestInvoker$MethodInvocationAgent.invoke(TestInvoker.java:816)
at org.testng.internal.TestInvoker.invokeTestMethods(TestInvoker.java:146)
at org.testng.internal.TestMethodWorker.invokeTestMethods(TestMethodWorker.java:146)
at org.testng.internal.TestMethodWorker.run(TestMethodWorker.java:128)
at java.util.ArrayList.forEach(ArrayList.java:1257)
at org.testng.TestRunner.privateRun(TestRunner.java:766)
at org.testng.TestRunner.run(TestRunner.java:587)
at org.testng.SuiteRunner.runTest(SuiteRunner.java:384)
at org.testng.SuiteRunner.runSequentially(SuiteRunner.java:378)
at org.testng.SuiteRunner.privateRun(SuiteRunner.java:337)
at org.testng.SuiteRunner.run(SuiteRunner.java:286)
at org.testng.SuiteRunnerWorker.runSuite(SuiteRunnerWorker.java:53)
at org.testng.SuiteRunnerWorker.run(SuiteRunnerWorker.java:96)
at org.testng.TestNG.runSuitesSequentially(TestNG.java:1187)
at org.testng.TestNG.runSuitesLocally(TestNG.java:1109)
at org.testng.TestNG.runSuites(TestNG.java:1039)
at org.testng.TestNG.run(TestNG.java:1007)
at org.apache.maven.surefire.testng.TestNGExecutor.run(TestNGExecutor.java:283)
at org.apache.maven.surefire.testng.TestNGXmlTestSuite.execute(TestNGXmlTestSuite.java:75)
at org.apache.maven.surefire.testng.TestNGProvider.invoke(TestNGProvider.java:120)
at org.apache.maven.surefire.booter.ForkedBooter.runSuitesInProcess(ForkedBooter.java:377)
at org.apache.maven.surefire.booter.ForkedBooter.execute(ForkedBooter.java:138)
at org.apache.maven.surefire.booter.ForkedBooter.run(ForkedBooter.java:465)
at org.apache.maven.surefire.booter.ForkedBooter.main(ForkedBooter.java:451)
]]>
            </full-stacktrace>
          </exception> <!-- org.openqa.selenium.NoSuchElementException -->
          <reporter-output>
          </reporter-output>
        </test-method> <!-- Check_Enable_Compartmental_Selectannual -->
        <test-method status="FAIL" signature="Check_Enable_Compartmental_Selectsupplementary()[pri:7, instance:com.minimizedScenariosExtentReport.Check_Fieldvalidation@57af006c]" name="Check_Enable_Compartmental_Selectsupplementary" duration-ms="30028" started-at="2020-07-02T13:19:09 IST" finished-at="2020-07-02T13:19:39 IST">
          <exception class="org.openqa.selenium.NoSuchElementException">
            <message>
              <![CDATA[no such element: Unable to locate element: {"method":"css selector","selector":"#ddlYOP"}
  (Session info: chrome=83.0.4103.116)
For documentation on this error, please visit: https://www.seleniumhq.org/exceptions/no_such_element.html
Build info: version: '3.141.59', revision: 'e82be7d358', time: '2018-11-14T08:17:03'
System info: host: 'CSMBHUL251', ip: '10.0.75.1', os.name: 'Windows 10', os.arch: 'amd64', os.version: '10.0', java.version: '1.8.0_181'
Driver info: org.openqa.selenium.chrome.ChromeDriver
Capabilities {acceptInsecureCerts: false, browserName: chrome, browserVersion: 83.0.4103.116, chrome: {chromedriverVersion: 83.0.4103.39 (ccbf011cb2d2b..., userDataDir: C:\Users\SATYAR~1.M\AppData...}, goog:chromeOptions: {debuggerAddress: localhost:52572}, javascriptEnabled: true, networkConnectionEnabled: false, pageLoadStrategy: normal, platform: WINDOWS, platformName: WINDOWS, proxy: Proxy(), setWindowRect: true, strictFileInteractability: false, timeouts: {implicit: 0, pageLoad: 300000, script: 30000}, unhandledPromptBehavior: dismiss and notify, webauthn:virtualAuthenticators: true}
Session ID: 14c21ee4b3afdd3025094ef90a4e53dc
*** Element info: {Using=id, value=ddlYOP}]]>
            </message>
            <full-stacktrace>
              <![CDATA[org.openqa.selenium.NoSuchElementException: no such element: Unable to locate element: {"method":"css selector","selector":"#ddlYOP"}
  (Session info: chrome=83.0.4103.116)
For documentation on this error, please visit: https://www.seleniumhq.org/exceptions/no_such_element.html
Build info: version: '3.141.59', revision: 'e82be7d358', time: '2018-11-14T08:17:03'
System info: host: 'CSMBHUL251', ip: '10.0.75.1', os.name: 'Windows 10', os.arch: 'amd64', os.version: '10.0', java.version: '1.8.0_181'
Driver info: org.openqa.selenium.chrome.ChromeDriver
Capabilities {acceptInsecureCerts: false, browserName: chrome, browserVersion: 83.0.4103.116, chrome: {chromedriverVersion: 83.0.4103.39 (ccbf011cb2d2b..., userDataDir: C:\Users\SATYAR~1.M\AppData...}, goog:chromeOptions: {debuggerAddress: localhost:52572}, javascriptEnabled: true, networkConnectionEnabled: false, pageLoadStrategy: normal, platform: WINDOWS, platformName: WINDOWS, proxy: Proxy(), setWindowRect: true, strictFileInteractability: false, timeouts: {implicit: 0, pageLoad: 300000, script: 30000}, unhandledPromptBehavior: dismiss and notify, webauthn:virtualAuthenticators: true}
Session ID: 14c21ee4b3afdd3025094ef90a4e53dc
*** Element info: {Using=id, value=ddlYOP}
at sun.reflect.NativeConstructorAccessorImpl.newInstance0(Native Method)
at sun.reflect.NativeConstructorAccessorImpl.newInstance(NativeConstructorAccessorImpl.java:62)
at sun.reflect.DelegatingConstructorAccessorImpl.newInstance(DelegatingConstructorAccessorImpl.java:45)
at java.lang.reflect.Constructor.newInstance(Constructor.java:423)
at org.openqa.selenium.remote.http.W3CHttpResponseCodec.createException(W3CHttpResponseCodec.java:187)
at org.openqa.selenium.remote.http.W3CHttpResponseCodec.decode(W3CHttpResponseCodec.java:122)
at org.openqa.selenium.remote.http.W3CHttpResponseCodec.decode(W3CHttpResponseCodec.java:49)
at org.openqa.selenium.remote.HttpCommandExecutor.execute(HttpCommandExecutor.java:158)
at org.openqa.selenium.remote.service.DriverCommandExecutor.execute(DriverCommandExecutor.java:83)
at org.openqa.selenium.remote.RemoteWebDriver.execute(RemoteWebDriver.java:552)
at org.openqa.selenium.remote.RemoteWebDriver.findElement(RemoteWebDriver.java:323)
at org.openqa.selenium.remote.RemoteWebDriver.findElementById(RemoteWebDriver.java:372)
at org.openqa.selenium.By$ById.findElement(By.java:188)
at org.openqa.selenium.remote.RemoteWebDriver.findElement(RemoteWebDriver.java:315)
at com.minimizedScenariosExtentReport.Check_Fieldvalidation.Check_Enable_Compartmental_Selectsupplementary(Check_Fieldvalidation.java:488)
at sun.reflect.NativeMethodAccessorImpl.invoke0(Native Method)
at sun.reflect.NativeMethodAccessorImpl.invoke(NativeMethodAccessorImpl.java:62)
at sun.reflect.DelegatingMethodAccessorImpl.invoke(DelegatingMethodAccessorImpl.java:43)
at java.lang.reflect.Method.invoke(Method.java:498)
at org.testng.internal.MethodInvocationHelper.invokeMethod(MethodInvocationHelper.java:134)
at org.testng.internal.TestInvoker.invokeMethod(TestInvoker.java:597)
at org.testng.internal.TestInvoker.invokeTestMethod(TestInvoker.java:173)
at org.testng.internal.MethodRunner.runInSequence(MethodRunner.java:46)
at org.testng.internal.TestInvoker$MethodInvocationAgent.invoke(TestInvoker.java:816)
at org.testng.internal.TestInvoker.invokeTestMethods(TestInvoker.java:146)
at org.testng.internal.TestMethodWorker.invokeTestMethods(TestMethodWorker.java:146)
at org.testng.internal.TestMethodWorker.run(TestMethodWorker.java:128)
at java.util.ArrayList.forEach(ArrayList.java:1257)
at org.testng.TestRunner.privateRun(TestRunner.java:766)
at org.testng.TestRunner.run(TestRunner.java:587)
at org.testng.SuiteRunner.runTest(SuiteRunner.java:384)
at org.testng.SuiteRunner.runSequentially(SuiteRunner.java:378)
at org.testng.SuiteRunner.privateRun(SuiteRunner.java:337)
at org.testng.SuiteRunner.run(SuiteRunner.java:286)
at org.testng.SuiteRunnerWorker.runSuite(SuiteRunnerWorker.java:53)
at org.testng.SuiteRunnerWorker.run(SuiteRunnerWorker.java:96)
at org.testng.TestNG.runSuitesSequentially(TestNG.java:1187)
at org.testng.TestNG.runSuitesLocally(TestNG.java:1109)
at org.testng.TestNG.runSuites(TestNG.java:1039)
at org.testng.TestNG.run(TestNG.java:1007)
at org.apache.maven.surefire.testng.TestNGExecutor.run(TestNGExecutor.java:283)
at org.apache.maven.surefire.testng.TestNGXmlTestSuite.execute(TestNGXmlTestSuite.java:75)
at org.apache.maven.surefire.testng.TestNGProvider.invoke(TestNGProvider.java:120)
at org.apache.maven.surefire.booter.ForkedBooter.runSuitesInProcess(ForkedBooter.java:377)
at org.apache.maven.surefire.booter.ForkedBooter.execute(ForkedBooter.java:138)
at org.apache.maven.surefire.booter.ForkedBooter.run(ForkedBooter.java:465)
at org.apache.maven.surefire.booter.ForkedBooter.main(ForkedBooter.java:451)
]]>
            </full-stacktrace>
          </exception> <!-- org.openqa.selenium.NoSuchElementException -->
          <reporter-output>
          </reporter-output>
        </test-method> <!-- Check_Enable_Compartmental_Selectsupplementary -->
        <test-method status="FAIL" signature="Check_YOJ_Less_YOL()[pri:8, instance:com.minimizedScenariosExtentReport.Check_Fieldvalidation@57af006c]" name="Check_YOJ_Less_YOL" duration-ms="30064" started-at="2020-07-02T13:19:39 IST" finished-at="2020-07-02T13:20:09 IST">
          <exception class="org.openqa.selenium.NoSuchElementException">
            <message>
              <![CDATA[no such element: Unable to locate element: {"method":"css selector","selector":"#rbtCompartmentalN"}
  (Session info: chrome=83.0.4103.116)
For documentation on this error, please visit: https://www.seleniumhq.org/exceptions/no_such_element.html
Build info: version: '3.141.59', revision: 'e82be7d358', time: '2018-11-14T08:17:03'
System info: host: 'CSMBHUL251', ip: '10.0.75.1', os.name: 'Windows 10', os.arch: 'amd64', os.version: '10.0', java.version: '1.8.0_181'
Driver info: org.openqa.selenium.chrome.ChromeDriver
Capabilities {acceptInsecureCerts: false, browserName: chrome, browserVersion: 83.0.4103.116, chrome: {chromedriverVersion: 83.0.4103.39 (ccbf011cb2d2b..., userDataDir: C:\Users\SATYAR~1.M\AppData...}, goog:chromeOptions: {debuggerAddress: localhost:52572}, javascriptEnabled: true, networkConnectionEnabled: false, pageLoadStrategy: normal, platform: WINDOWS, platformName: WINDOWS, proxy: Proxy(), setWindowRect: true, strictFileInteractability: false, timeouts: {implicit: 0, pageLoad: 300000, script: 30000}, unhandledPromptBehavior: dismiss and notify, webauthn:virtualAuthenticators: true}
Session ID: 14c21ee4b3afdd3025094ef90a4e53dc
*** Element info: {Using=id, value=rbtCompartmentalN}]]>
            </message>
            <full-stacktrace>
              <![CDATA[org.openqa.selenium.NoSuchElementException: no such element: Unable to locate element: {"method":"css selector","selector":"#rbtCompartmentalN"}
  (Session info: chrome=83.0.4103.116)
For documentation on this error, please visit: https://www.seleniumhq.org/exceptions/no_such_element.html
Build info: version: '3.141.59', revision: 'e82be7d358', time: '2018-11-14T08:17:03'
System info: host: 'CSMBHUL251', ip: '10.0.75.1', os.name: 'Windows 10', os.arch: 'amd64', os.version: '10.0', java.version: '1.8.0_181'
Driver info: org.openqa.selenium.chrome.ChromeDriver
Capabilities {acceptInsecureCerts: false, browserName: chrome, browserVersion: 83.0.4103.116, chrome: {chromedriverVersion: 83.0.4103.39 (ccbf011cb2d2b..., userDataDir: C:\Users\SATYAR~1.M\AppData...}, goog:chromeOptions: {debuggerAddress: localhost:52572}, javascriptEnabled: true, networkConnectionEnabled: false, pageLoadStrategy: normal, platform: WINDOWS, platformName: WINDOWS, proxy: Proxy(), setWindowRect: true, strictFileInteractability: false, timeouts: {implicit: 0, pageLoad: 300000, script: 30000}, unhandledPromptBehavior: dismiss and notify, webauthn:virtualAuthenticators: true}
Session ID: 14c21ee4b3afdd3025094ef90a4e53dc
*** Element info: {Using=id, value=rbtCompartmentalN}
at sun.reflect.NativeConstructorAccessorImpl.newInstance0(Native Method)
at sun.reflect.NativeConstructorAccessorImpl.newInstance(NativeConstructorAccessorImpl.java:62)
at sun.reflect.DelegatingConstructorAccessorImpl.newInstance(DelegatingConstructorAccessorImpl.java:45)
at java.lang.reflect.Constructor.newInstance(Constructor.java:423)
at org.openqa.selenium.remote.http.W3CHttpResponseCodec.createException(W3CHttpResponseCodec.java:187)
at org.openqa.selenium.remote.http.W3CHttpResponseCodec.decode(W3CHttpResponseCodec.java:122)
at org.openqa.selenium.remote.http.W3CHttpResponseCodec.decode(W3CHttpResponseCodec.java:49)
at org.openqa.selenium.remote.HttpCommandExecutor.execute(HttpCommandExecutor.java:158)
at org.openqa.selenium.remote.service.DriverCommandExecutor.execute(DriverCommandExecutor.java:83)
at org.openqa.selenium.remote.RemoteWebDriver.execute(RemoteWebDriver.java:552)
at org.openqa.selenium.remote.RemoteWebDriver.findElement(RemoteWebDriver.java:323)
at org.openqa.selenium.remote.RemoteWebDriver.findElementById(RemoteWebDriver.java:372)
at org.openqa.selenium.By$ById.findElement(By.java:188)
at org.openqa.selenium.remote.RemoteWebDriver.findElement(RemoteWebDriver.java:315)
at com.minimizedScenariosExtentReport.Check_Fieldvalidation.Check_YOJ_Less_YOL(Check_Fieldvalidation.java:671)
at sun.reflect.NativeMethodAccessorImpl.invoke0(Native Method)
at sun.reflect.NativeMethodAccessorImpl.invoke(NativeMethodAccessorImpl.java:62)
at sun.reflect.DelegatingMethodAccessorImpl.invoke(DelegatingMethodAccessorImpl.java:43)
at java.lang.reflect.Method.invoke(Method.java:498)
at org.testng.internal.MethodInvocationHelper.invokeMethod(MethodInvocationHelper.java:134)
at org.testng.internal.TestInvoker.invokeMethod(TestInvoker.java:597)
at org.testng.internal.TestInvoker.invokeTestMethod(TestInvoker.java:173)
at org.testng.internal.MethodRunner.runInSequence(MethodRunner.java:46)
at org.testng.internal.TestInvoker$MethodInvocationAgent.invoke(TestInvoker.java:816)
at org.testng.internal.TestInvoker.invokeTestMethods(TestInvoker.java:146)
at org.testng.internal.TestMethodWorker.invokeTestMethods(TestMethodWorker.java:146)
at org.testng.internal.TestMethodWorker.run(TestMethodWorker.java:128)
at java.util.ArrayList.forEach(ArrayList.java:1257)
at org.testng.TestRunner.privateRun(TestRunner.java:766)
at org.testng.TestRunner.run(TestRunner.java:587)
at org.testng.SuiteRunner.runTest(SuiteRunner.java:384)
at org.testng.SuiteRunner.runSequentially(SuiteRunner.java:378)
at org.testng.SuiteRunner.privateRun(SuiteRunner.java:337)
at org.testng.SuiteRunner.run(SuiteRunner.java:286)
at org.testng.SuiteRunnerWorker.runSuite(SuiteRunnerWorker.java:53)
at org.testng.SuiteRunnerWorker.run(SuiteRunnerWorker.java:96)
at org.testng.TestNG.runSuitesSequentially(TestNG.java:1187)
at org.testng.TestNG.runSuitesLocally(TestNG.java:1109)
at org.testng.TestNG.runSuites(TestNG.java:1039)
at org.testng.TestNG.run(TestNG.java:1007)
at org.apache.maven.surefire.testng.TestNGExecutor.run(TestNGExecutor.java:283)
at org.apache.maven.surefire.testng.TestNGXmlTestSuite.execute(TestNGXmlTestSuite.java:75)
at org.apache.maven.surefire.testng.TestNGProvider.invoke(TestNGProvider.java:120)
at org.apache.maven.surefire.booter.ForkedBooter.runSuitesInProcess(ForkedBooter.java:377)
at org.apache.maven.surefire.booter.ForkedBooter.execute(ForkedBooter.java:138)
at org.apache.maven.surefire.booter.ForkedBooter.run(ForkedBooter.java:465)
at org.apache.maven.surefire.booter.ForkedBooter.main(ForkedBooter.java:451)
]]>
            </full-stacktrace>
          </exception> <!-- org.openqa.selenium.NoSuchElementException -->
          <reporter-output>
          </reporter-output>
        </test-method> <!-- Check_YOJ_Less_YOL -->
        <test-method status="FAIL" signature="Check_YOL_Disabled()[pri:9, instance:com.minimizedScenariosExtentReport.Check_Fieldvalidation@57af006c]" name="Check_YOL_Disabled" duration-ms="30043" started-at="2020-07-02T13:20:09 IST" finished-at="2020-07-02T13:20:39 IST">
          <exception class="org.openqa.selenium.NoSuchElementException">
            <message>
              <![CDATA[no such element: Unable to locate element: {"method":"css selector","selector":"#ddlYOL"}
  (Session info: chrome=83.0.4103.116)
For documentation on this error, please visit: https://www.seleniumhq.org/exceptions/no_such_element.html
Build info: version: '3.141.59', revision: 'e82be7d358', time: '2018-11-14T08:17:03'
System info: host: 'CSMBHUL251', ip: '10.0.75.1', os.name: 'Windows 10', os.arch: 'amd64', os.version: '10.0', java.version: '1.8.0_181'
Driver info: org.openqa.selenium.chrome.ChromeDriver
Capabilities {acceptInsecureCerts: false, browserName: chrome, browserVersion: 83.0.4103.116, chrome: {chromedriverVersion: 83.0.4103.39 (ccbf011cb2d2b..., userDataDir: C:\Users\SATYAR~1.M\AppData...}, goog:chromeOptions: {debuggerAddress: localhost:52572}, javascriptEnabled: true, networkConnectionEnabled: false, pageLoadStrategy: normal, platform: WINDOWS, platformName: WINDOWS, proxy: Proxy(), setWindowRect: true, strictFileInteractability: false, timeouts: {implicit: 0, pageLoad: 300000, script: 30000}, unhandledPromptBehavior: dismiss and notify, webauthn:virtualAuthenticators: true}
Session ID: 14c21ee4b3afdd3025094ef90a4e53dc
*** Element info: {Using=id, value=ddlYOL}]]>
            </message>
            <full-stacktrace>
              <![CDATA[org.openqa.selenium.NoSuchElementException: no such element: Unable to locate element: {"method":"css selector","selector":"#ddlYOL"}
  (Session info: chrome=83.0.4103.116)
For documentation on this error, please visit: https://www.seleniumhq.org/exceptions/no_such_element.html
Build info: version: '3.141.59', revision: 'e82be7d358', time: '2018-11-14T08:17:03'
System info: host: 'CSMBHUL251', ip: '10.0.75.1', os.name: 'Windows 10', os.arch: 'amd64', os.version: '10.0', java.version: '1.8.0_181'
Driver info: org.openqa.selenium.chrome.ChromeDriver
Capabilities {acceptInsecureCerts: false, browserName: chrome, browserVersion: 83.0.4103.116, chrome: {chromedriverVersion: 83.0.4103.39 (ccbf011cb2d2b..., userDataDir: C:\Users\SATYAR~1.M\AppData...}, goog:chromeOptions: {debuggerAddress: localhost:52572}, javascriptEnabled: true, networkConnectionEnabled: false, pageLoadStrategy: normal, platform: WINDOWS, platformName: WINDOWS, proxy: Proxy(), setWindowRect: true, strictFileInteractability: false, timeouts: {implicit: 0, pageLoad: 300000, script: 30000}, unhandledPromptBehavior: dismiss and notify, webauthn:virtualAuthenticators: true}
Session ID: 14c21ee4b3afdd3025094ef90a4e53dc
*** Element info: {Using=id, value=ddlYOL}
at sun.reflect.NativeConstructorAccessorImpl.newInstance0(Native Method)
at sun.reflect.NativeConstructorAccessorImpl.newInstance(NativeConstructorAccessorImpl.java:62)
at sun.reflect.DelegatingConstructorAccessorImpl.newInstance(DelegatingConstructorAccessorImpl.java:45)
at java.lang.reflect.Constructor.newInstance(Constructor.java:423)
at org.openqa.selenium.remote.http.W3CHttpResponseCodec.createException(W3CHttpResponseCodec.java:187)
at org.openqa.selenium.remote.http.W3CHttpResponseCodec.decode(W3CHttpResponseCodec.java:122)
at org.openqa.selenium.remote.http.W3CHttpResponseCodec.decode(W3CHttpResponseCodec.java:49)
at org.openqa.selenium.remote.HttpCommandExecutor.execute(HttpCommandExecutor.java:158)
at org.openqa.selenium.remote.service.DriverCommandExecutor.execute(DriverCommandExecutor.java:83)
at org.openqa.selenium.remote.RemoteWebDriver.execute(RemoteWebDriver.java:552)
at org.openqa.selenium.remote.RemoteWebDriver.findElement(RemoteWebDriver.java:323)
at org.openqa.selenium.remote.RemoteWebDriver.findElementById(RemoteWebDriver.java:372)
at org.openqa.selenium.By$ById.findElement(By.java:188)
at org.openqa.selenium.remote.RemoteWebDriver.findElement(RemoteWebDriver.java:315)
at com.minimizedScenariosExtentReport.Check_Fieldvalidation.Check_YOL_Disabled(Check_Fieldvalidation.java:753)
at sun.reflect.NativeMethodAccessorImpl.invoke0(Native Method)
at sun.reflect.NativeMethodAccessorImpl.invoke(NativeMethodAccessorImpl.java:62)
at sun.reflect.DelegatingMethodAccessorImpl.invoke(DelegatingMethodAccessorImpl.java:43)
at java.lang.reflect.Method.invoke(Method.java:498)
at org.testng.internal.MethodInvocationHelper.invokeMethod(MethodInvocationHelper.java:134)
at org.testng.internal.TestInvoker.invokeMethod(TestInvoker.java:597)
at org.testng.internal.TestInvoker.invokeTestMethod(TestInvoker.java:173)
at org.testng.internal.MethodRunner.runInSequence(MethodRunner.java:46)
at org.testng.internal.TestInvoker$MethodInvocationAgent.invoke(TestInvoker.java:816)
at org.testng.internal.TestInvoker.invokeTestMethods(TestInvoker.java:146)
at org.testng.internal.TestMethodWorker.invokeTestMethods(TestMethodWorker.java:146)
at org.testng.internal.TestMethodWorker.run(TestMethodWorker.java:128)
at java.util.ArrayList.forEach(ArrayList.java:1257)
at org.testng.TestRunner.privateRun(TestRunner.java:766)
at org.testng.TestRunner.run(TestRunner.java:587)
at org.testng.SuiteRunner.runTest(SuiteRunner.java:384)
at org.testng.SuiteRunner.runSequentially(SuiteRunner.java:378)
at org.testng.SuiteRunner.privateRun(SuiteRunner.java:337)
at org.testng.SuiteRunner.run(SuiteRunner.java:286)
at org.testng.SuiteRunnerWorker.runSuite(SuiteRunnerWorker.java:53)
at org.testng.SuiteRunnerWorker.run(SuiteRunnerWorker.java:96)
at org.testng.TestNG.runSuitesSequentially(TestNG.java:1187)
at org.testng.TestNG.runSuitesLocally(TestNG.java:1109)
at org.testng.TestNG.runSuites(TestNG.java:1039)
at org.testng.TestNG.run(TestNG.java:1007)
at org.apache.maven.surefire.testng.TestNGExecutor.run(TestNGExecutor.java:283)
at org.apache.maven.surefire.testng.TestNGXmlTestSuite.execute(TestNGXmlTestSuite.java:75)
at org.apache.maven.surefire.testng.TestNGProvider.invoke(TestNGProvider.java:120)
at org.apache.maven.surefire.booter.ForkedBooter.runSuitesInProcess(ForkedBooter.java:377)
at org.apache.maven.surefire.booter.ForkedBooter.execute(ForkedBooter.java:138)
at org.apache.maven.surefire.booter.ForkedBooter.run(ForkedBooter.java:465)
at org.apache.maven.surefire.booter.ForkedBooter.main(ForkedBooter.java:451)
]]>
            </full-stacktrace>
          </exception> <!-- org.openqa.selenium.NoSuchElementException -->
          <reporter-output>
          </reporter-output>
        </test-method> <!-- Check_YOL_Disabled -->
        <test-method status="FAIL" signature="VerifyYOL_Same_10thYOP()[pri:10, instance:com.minimizedScenariosExtentReport.Check_Fieldvalidation@57af006c]" name="VerifyYOL_Same_10thYOP" duration-ms="32064" started-at="2020-07-02T13:20:39 IST" finished-at="2020-07-02T13:21:11 IST">
          <exception class="org.openqa.selenium.NoSuchElementException">
            <message>
              <![CDATA[no such element: Unable to locate element: {"method":"css selector","selector":"#btnSave"}
  (Session info: chrome=83.0.4103.116)
For documentation on this error, please visit: https://www.seleniumhq.org/exceptions/no_such_element.html
Build info: version: '3.141.59', revision: 'e82be7d358', time: '2018-11-14T08:17:03'
System info: host: 'CSMBHUL251', ip: '10.0.75.1', os.name: 'Windows 10', os.arch: 'amd64', os.version: '10.0', java.version: '1.8.0_181'
Driver info: org.openqa.selenium.chrome.ChromeDriver
Capabilities {acceptInsecureCerts: false, browserName: chrome, browserVersion: 83.0.4103.116, chrome: {chromedriverVersion: 83.0.4103.39 (ccbf011cb2d2b..., userDataDir: C:\Users\SATYAR~1.M\AppData...}, goog:chromeOptions: {debuggerAddress: localhost:52572}, javascriptEnabled: true, networkConnectionEnabled: false, pageLoadStrategy: normal, platform: WINDOWS, platformName: WINDOWS, proxy: Proxy(), setWindowRect: true, strictFileInteractability: false, timeouts: {implicit: 0, pageLoad: 300000, script: 30000}, unhandledPromptBehavior: dismiss and notify, webauthn:virtualAuthenticators: true}
Session ID: 14c21ee4b3afdd3025094ef90a4e53dc
*** Element info: {Using=id, value=btnSave}]]>
            </message>
            <full-stacktrace>
              <![CDATA[org.openqa.selenium.NoSuchElementException: no such element: Unable to locate element: {"method":"css selector","selector":"#btnSave"}
  (Session info: chrome=83.0.4103.116)
For documentation on this error, please visit: https://www.seleniumhq.org/exceptions/no_such_element.html
Build info: version: '3.141.59', revision: 'e82be7d358', time: '2018-11-14T08:17:03'
System info: host: 'CSMBHUL251', ip: '10.0.75.1', os.name: 'Windows 10', os.arch: 'amd64', os.version: '10.0', java.version: '1.8.0_181'
Driver info: org.openqa.selenium.chrome.ChromeDriver
Capabilities {acceptInsecureCerts: false, browserName: chrome, browserVersion: 83.0.4103.116, chrome: {chromedriverVersion: 83.0.4103.39 (ccbf011cb2d2b..., userDataDir: C:\Users\SATYAR~1.M\AppData...}, goog:chromeOptions: {debuggerAddress: localhost:52572}, javascriptEnabled: true, networkConnectionEnabled: false, pageLoadStrategy: normal, platform: WINDOWS, platformName: WINDOWS, proxy: Proxy(), setWindowRect: true, strictFileInteractability: false, timeouts: {implicit: 0, pageLoad: 300000, script: 30000}, unhandledPromptBehavior: dismiss and notify, webauthn:virtualAuthenticators: true}
Session ID: 14c21ee4b3afdd3025094ef90a4e53dc
*** Element info: {Using=id, value=btnSave}
at sun.reflect.GeneratedConstructorAccessor61.newInstance(Unknown Source)
at sun.reflect.DelegatingConstructorAccessorImpl.newInstance(DelegatingConstructorAccessorImpl.java:45)
at java.lang.reflect.Constructor.newInstance(Constructor.java:423)
at org.openqa.selenium.remote.http.W3CHttpResponseCodec.createException(W3CHttpResponseCodec.java:187)
at org.openqa.selenium.remote.http.W3CHttpResponseCodec.decode(W3CHttpResponseCodec.java:122)
at org.openqa.selenium.remote.http.W3CHttpResponseCodec.decode(W3CHttpResponseCodec.java:49)
at org.openqa.selenium.remote.HttpCommandExecutor.execute(HttpCommandExecutor.java:158)
at org.openqa.selenium.remote.service.DriverCommandExecutor.execute(DriverCommandExecutor.java:83)
at org.openqa.selenium.remote.RemoteWebDriver.execute(RemoteWebDriver.java:552)
at org.openqa.selenium.remote.RemoteWebDriver.findElement(RemoteWebDriver.java:323)
at org.openqa.selenium.remote.RemoteWebDriver.findElementById(RemoteWebDriver.java:372)
at org.openqa.selenium.By$ById.findElement(By.java:188)
at org.openqa.selenium.remote.RemoteWebDriver.findElement(RemoteWebDriver.java:315)
at com.minimizedScenariosExtentReport.Check_Fieldvalidation.VerifyYOL_Same_10thYOP(Check_Fieldvalidation.java:780)
at sun.reflect.NativeMethodAccessorImpl.invoke0(Native Method)
at sun.reflect.NativeMethodAccessorImpl.invoke(NativeMethodAccessorImpl.java:62)
at sun.reflect.DelegatingMethodAccessorImpl.invoke(DelegatingMethodAccessorImpl.java:43)
at java.lang.reflect.Method.invoke(Method.java:498)
at org.testng.internal.MethodInvocationHelper.invokeMethod(MethodInvocationHelper.java:134)
at org.testng.internal.TestInvoker.invokeMethod(TestInvoker.java:597)
at org.testng.internal.TestInvoker.invokeTestMethod(TestInvoker.java:173)
at org.testng.internal.MethodRunner.runInSequence(MethodRunner.java:46)
at org.testng.internal.TestInvoker$MethodInvocationAgent.invoke(TestInvoker.java:816)
at org.testng.internal.TestInvoker.invokeTestMethods(TestInvoker.java:146)
at org.testng.internal.TestMethodWorker.invokeTestMethods(TestMethodWorker.java:146)
at org.testng.internal.TestMethodWorker.run(TestMethodWorker.java:128)
at java.util.ArrayList.forEach(ArrayList.java:1257)
at org.testng.TestRunner.privateRun(TestRunner.java:766)
at org.testng.TestRunner.run(TestRunner.java:587)
at org.testng.SuiteRunner.runTest(SuiteRunner.java:384)
at org.testng.SuiteRunner.runSequentially(SuiteRunner.java:378)
at org.testng.SuiteRunner.privateRun(SuiteRunner.java:337)
at org.testng.SuiteRunner.run(SuiteRunner.java:286)
at org.testng.SuiteRunnerWorker.runSuite(SuiteRunnerWorker.java:53)
at org.testng.SuiteRunnerWorker.run(SuiteRunnerWorker.java:96)
at org.testng.TestNG.runSuitesSequentially(TestNG.java:1187)
at org.testng.TestNG.runSuitesLocally(TestNG.java:1109)
at org.testng.TestNG.runSuites(TestNG.java:1039)
at org.testng.TestNG.run(TestNG.java:1007)
at org.apache.maven.surefire.testng.TestNGExecutor.run(TestNGExecutor.java:283)
at org.apache.maven.surefire.testng.TestNGXmlTestSuite.execute(TestNGXmlTestSuite.java:75)
at org.apache.maven.surefire.testng.TestNGProvider.invoke(TestNGProvider.java:120)
at org.apache.maven.surefire.booter.ForkedBooter.runSuitesInProcess(ForkedBooter.java:377)
at org.apache.maven.surefire.booter.ForkedBooter.execute(ForkedBooter.java:138)
at org.apache.maven.surefire.booter.ForkedBooter.run(ForkedBooter.java:465)
at org.apache.maven.surefire.booter.ForkedBooter.main(ForkedBooter.java:451)
]]>
            </full-stacktrace>
          </exception> <!-- org.openqa.selenium.NoSuchElementException -->
          <reporter-output>
          </reporter-output>
        </test-method> <!-- VerifyYOL_Same_10thYOP -->
        <test-method status="FAIL" signature="CheckStreamwise_Previousyear_Cuttoffmark()[pri:11, instance:com.minimizedScenariosExtentReport.Check_Fieldvalidation@57af006c]" name="CheckStreamwise_Previousyear_Cuttoffmark" duration-ms="30016" started-at="2020-07-02T13:21:11 IST" finished-at="2020-07-02T13:21:41 IST">
          <exception class="org.openqa.selenium.NoSuchElementException">
            <message>
              <![CDATA[no such element: Unable to locate element: {"method":"css selector","selector":"#ddlCollegeDistrict"}
  (Session info: chrome=83.0.4103.116)
For documentation on this error, please visit: https://www.seleniumhq.org/exceptions/no_such_element.html
Build info: version: '3.141.59', revision: 'e82be7d358', time: '2018-11-14T08:17:03'
System info: host: 'CSMBHUL251', ip: '10.0.75.1', os.name: 'Windows 10', os.arch: 'amd64', os.version: '10.0', java.version: '1.8.0_181'
Driver info: org.openqa.selenium.chrome.ChromeDriver
Capabilities {acceptInsecureCerts: false, browserName: chrome, browserVersion: 83.0.4103.116, chrome: {chromedriverVersion: 83.0.4103.39 (ccbf011cb2d2b..., userDataDir: C:\Users\SATYAR~1.M\AppData...}, goog:chromeOptions: {debuggerAddress: localhost:52572}, javascriptEnabled: true, networkConnectionEnabled: false, pageLoadStrategy: normal, platform: WINDOWS, platformName: WINDOWS, proxy: Proxy(), setWindowRect: true, strictFileInteractability: false, timeouts: {implicit: 0, pageLoad: 300000, script: 30000}, unhandledPromptBehavior: dismiss and notify, webauthn:virtualAuthenticators: true}
Session ID: 14c21ee4b3afdd3025094ef90a4e53dc
*** Element info: {Using=id, value=ddlCollegeDistrict}]]>
            </message>
            <full-stacktrace>
              <![CDATA[org.openqa.selenium.NoSuchElementException: no such element: Unable to locate element: {"method":"css selector","selector":"#ddlCollegeDistrict"}
  (Session info: chrome=83.0.4103.116)
For documentation on this error, please visit: https://www.seleniumhq.org/exceptions/no_such_element.html
Build info: version: '3.141.59', revision: 'e82be7d358', time: '2018-11-14T08:17:03'
System info: host: 'CSMBHUL251', ip: '10.0.75.1', os.name: 'Windows 10', os.arch: 'amd64', os.version: '10.0', java.version: '1.8.0_181'
Driver info: org.openqa.selenium.chrome.ChromeDriver
Capabilities {acceptInsecureCerts: false, browserName: chrome, browserVersion: 83.0.4103.116, chrome: {chromedriverVersion: 83.0.4103.39 (ccbf011cb2d2b..., userDataDir: C:\Users\SATYAR~1.M\AppData...}, goog:chromeOptions: {debuggerAddress: localhost:52572}, javascriptEnabled: true, networkConnectionEnabled: false, pageLoadStrategy: normal, platform: WINDOWS, platformName: WINDOWS, proxy: Proxy(), setWindowRect: true, strictFileInteractability: false, timeouts: {implicit: 0, pageLoad: 300000, script: 30000}, unhandledPromptBehavior: dismiss and notify, webauthn:virtualAuthenticators: true}
Session ID: 14c21ee4b3afdd3025094ef90a4e53dc
*** Element info: {Using=id, value=ddlCollegeDistrict}
at sun.reflect.GeneratedConstructorAccessor61.newInstance(Unknown Source)
at sun.reflect.DelegatingConstructorAccessorImpl.newInstance(DelegatingConstructorAccessorImpl.java:45)
at java.lang.reflect.Constructor.newInstance(Constructor.java:423)
at org.openqa.selenium.remote.http.W3CHttpResponseCodec.createException(W3CHttpResponseCodec.java:187)
at org.openqa.selenium.remote.http.W3CHttpResponseCodec.decode(W3CHttpResponseCodec.java:122)
at org.openqa.selenium.remote.http.W3CHttpResponseCodec.decode(W3CHttpResponseCodec.java:49)
at org.openqa.selenium.remote.HttpCommandExecutor.execute(HttpCommandExecutor.java:158)
at org.openqa.selenium.remote.service.DriverCommandExecutor.execute(DriverCommandExecutor.java:83)
at org.openqa.selenium.remote.RemoteWebDriver.execute(RemoteWebDriver.java:552)
at org.openqa.selenium.remote.RemoteWebDriver.findElement(RemoteWebDriver.java:323)
at org.openqa.selenium.remote.RemoteWebDriver.findElementById(RemoteWebDriver.java:372)
at org.openqa.selenium.By$ById.findElement(By.java:188)
at org.openqa.selenium.remote.RemoteWebDriver.findElement(RemoteWebDriver.java:315)
at com.minimizedScenariosExtentReport.Check_Fieldvalidation.CheckStreamwise_Previousyear_Cuttoffmark(Check_Fieldvalidation.java:808)
at sun.reflect.NativeMethodAccessorImpl.invoke0(Native Method)
at sun.reflect.NativeMethodAccessorImpl.invoke(NativeMethodAccessorImpl.java:62)
at sun.reflect.DelegatingMethodAccessorImpl.invoke(DelegatingMethodAccessorImpl.java:43)
at java.lang.reflect.Method.invoke(Method.java:498)
at org.testng.internal.MethodInvocationHelper.invokeMethod(MethodInvocationHelper.java:134)
at org.testng.internal.TestInvoker.invokeMethod(TestInvoker.java:597)
at org.testng.internal.TestInvoker.invokeTestMethod(TestInvoker.java:173)
at org.testng.internal.MethodRunner.runInSequence(MethodRunner.java:46)
at org.testng.internal.TestInvoker$MethodInvocationAgent.invoke(TestInvoker.java:816)
at org.testng.internal.TestInvoker.invokeTestMethods(TestInvoker.java:146)
at org.testng.internal.TestMethodWorker.invokeTestMethods(TestMethodWorker.java:146)
at org.testng.internal.TestMethodWorker.run(TestMethodWorker.java:128)
at java.util.ArrayList.forEach(ArrayList.java:1257)
at org.testng.TestRunner.privateRun(TestRunner.java:766)
at org.testng.TestRunner.run(TestRunner.java:587)
at org.testng.SuiteRunner.runTest(SuiteRunner.java:384)
at org.testng.SuiteRunner.runSequentially(SuiteRunner.java:378)
at org.testng.SuiteRunner.privateRun(SuiteRunner.java:337)
at org.testng.SuiteRunner.run(SuiteRunner.java:286)
at org.testng.SuiteRunnerWorker.runSuite(SuiteRunnerWorker.java:53)
at org.testng.SuiteRunnerWorker.run(SuiteRunnerWorker.java:96)
at org.testng.TestNG.runSuitesSequentially(TestNG.java:1187)
at org.testng.TestNG.runSuitesLocally(TestNG.java:1109)
at org.testng.TestNG.runSuites(TestNG.java:1039)
at org.testng.TestNG.run(TestNG.java:1007)
at org.apache.maven.surefire.testng.TestNGExecutor.run(TestNGExecutor.java:283)
at org.apache.maven.surefire.testng.TestNGXmlTestSuite.execute(TestNGXmlTestSuite.java:75)
at org.apache.maven.surefire.testng.TestNGProvider.invoke(TestNGProvider.java:120)
at org.apache.maven.surefire.booter.ForkedBooter.runSuitesInProcess(ForkedBooter.java:377)
at org.apache.maven.surefire.booter.ForkedBooter.execute(ForkedBooter.java:138)
at org.apache.maven.surefire.booter.ForkedBooter.run(ForkedBooter.java:465)
at org.apache.maven.surefire.booter.ForkedBooter.main(ForkedBooter.java:451)
]]>
            </full-stacktrace>
          </exception> <!-- org.openqa.selenium.NoSuchElementException -->
          <reporter-output>
          </reporter-output>
        </test-method> <!-- CheckStreamwise_Previousyear_Cuttoffmark -->
        <test-method status="PASS" signature="finish()[pri:0, instance:com.minimizedScenariosExtentReport.Check_Fieldvalidation@57af006c]" name="finish" is-config="true" duration-ms="1360" started-at="2020-07-02T13:21:41 IST" finished-at="2020-07-02T13:21:43 IST">
          <reporter-output>
          </reporter-output>
        </test-method> <!-- finish -->
      </class> <!-- com.minimizedScenariosExtentReport.Check_Fieldvalidation -->
    </test> <!-- Check_Fieldvalidation -->
    <test name="Check_MarkComparision" duration-ms="84134" started-at="2020-07-02T13:21:43 IST" finished-at="2020-07-02T13:23:07 IST">
      <class name="com.minimizedScenariosExtentReport.Check_MarkComparision">
        <test-method status="PASS" signature="Setup()[pri:0, instance:com.minimizedScenariosExtentReport.Check_MarkComparision@33990a0c]" name="Setup" is-config="true" duration-ms="29332" started-at="2020-07-02T13:21:43 IST" finished-at="2020-07-02T13:22:12 IST">
          <reporter-output>
          </reporter-output>
        </test-method> <!-- Setup -->
        <test-method status="PASS" signature="Compare_TotalMarkSecured_MaxMark()[pri:0, instance:com.minimizedScenariosExtentReport.Check_MarkComparision@33990a0c]" name="Compare_TotalMarkSecured_MaxMark" duration-ms="27236" started-at="2020-07-02T13:22:12 IST" finished-at="2020-07-02T13:22:40 IST">
          <reporter-output>
          </reporter-output>
        </test-method> <!-- Compare_TotalMarkSecured_MaxMark -->
        <test-method status="PASS" signature="tearDown(org.testng.ITestResult)[pri:0, instance:com.minimizedScenariosExtentReport.Check_MarkComparision@33990a0c]" name="tearDown" is-config="true" duration-ms="0" started-at="2020-07-02T13:22:40 IST" finished-at="2020-07-02T13:22:40 IST">
          <params>
            <param index="0">
              <value>
                <![CDATA[[TestResult name=Compare_TotalMarkSecured_MaxMark status=SUCCESS method=Check_MarkComparision.Compare_TotalMarkSecured_MaxMark()[pri:0, instance:com.minimizedScenariosExtentReport.Check_MarkComparision@33990a0c] output={null}]]]>
              </value>
            </param>
          </params>
          <reporter-output>
          </reporter-output>
        </test-method> <!-- tearDown -->
        <test-method status="PASS" signature="Compare_TotalMarkSecured_Sumofindividualmarks()[pri:1, instance:com.minimizedScenariosExtentReport.Check_MarkComparision@33990a0c]" name="Compare_TotalMarkSecured_Sumofindividualmarks" duration-ms="1863" started-at="2020-07-02T13:22:40 IST" finished-at="2020-07-02T13:22:41 IST">
          <reporter-output>
          </reporter-output>
        </test-method> <!-- Compare_TotalMarkSecured_Sumofindividualmarks -->
        <test-method status="PASS" signature="tearDown(org.testng.ITestResult)[pri:0, instance:com.minimizedScenariosExtentReport.Check_MarkComparision@33990a0c]" name="tearDown" is-config="true" duration-ms="1" started-at="2020-07-02T13:22:41 IST" finished-at="2020-07-02T13:22:41 IST">
          <params>
            <param index="0">
              <value>
                <![CDATA[[TestResult name=Compare_TotalMarkSecured_Sumofindividualmarks status=SUCCESS method=Check_MarkComparision.Compare_TotalMarkSecured_Sumofindividualmarks()[pri:1, instance:com.minimizedScenariosExtentReport.Check_MarkComparision@33990a0c] output={null}]]]>
              </value>
            </param>
          </params>
          <reporter-output>
          </reporter-output>
        </test-method> <!-- tearDown -->
        <test-method status="PASS" signature="Compare_PassMarkCompartmental_FailMarkPrevious()[pri:2, instance:com.minimizedScenariosExtentReport.Check_MarkComparision@33990a0c]" name="Compare_PassMarkCompartmental_FailMarkPrevious" duration-ms="2523" started-at="2020-07-02T13:22:41 IST" finished-at="2020-07-02T13:22:44 IST">
          <reporter-output>
          </reporter-output>
        </test-method> <!-- Compare_PassMarkCompartmental_FailMarkPrevious -->
        <test-method status="PASS" signature="tearDown(org.testng.ITestResult)[pri:0, instance:com.minimizedScenariosExtentReport.Check_MarkComparision@33990a0c]" name="tearDown" is-config="true" duration-ms="0" started-at="2020-07-02T13:22:44 IST" finished-at="2020-07-02T13:22:44 IST">
          <params>
            <param index="0">
              <value>
                <![CDATA[[TestResult name=Compare_PassMarkCompartmental_FailMarkPrevious status=SUCCESS method=Check_MarkComparision.Compare_PassMarkCompartmental_FailMarkPrevious()[pri:2, instance:com.minimizedScenariosExtentReport.Check_MarkComparision@33990a0c] output={null}]]]>
              </value>
            </param>
          </params>
          <reporter-output>
          </reporter-output>
        </test-method> <!-- tearDown -->
        <test-method status="PASS" signature="Minimum_PassPercentages_IndividualSubject()[pri:3, instance:com.minimizedScenariosExtentReport.Check_MarkComparision@33990a0c]" name="Minimum_PassPercentages_IndividualSubject" duration-ms="22034" started-at="2020-07-02T13:22:44 IST" finished-at="2020-07-02T13:23:06 IST">
          <reporter-output>
          </reporter-output>
        </test-method> <!-- Minimum_PassPercentages_IndividualSubject -->
        <test-method status="PASS" signature="finish()[pri:0, instance:com.minimizedScenariosExtentReport.Check_MarkComparision@33990a0c]" name="finish" is-config="true" duration-ms="1138" started-at="2020-07-02T13:23:06 IST" finished-at="2020-07-02T13:23:07 IST">
          <reporter-output>
          </reporter-output>
        </test-method> <!-- finish -->
        <test-method status="PASS" signature="tearDown(org.testng.ITestResult)[pri:0, instance:com.minimizedScenariosExtentReport.Check_MarkComparision@33990a0c]" name="tearDown" is-config="true" duration-ms="0" started-at="2020-07-02T13:23:06 IST" finished-at="2020-07-02T13:23:06 IST">
          <params>
            <param index="0">
              <value>
                <![CDATA[[TestResult name=Minimum_PassPercentages_IndividualSubject status=SUCCESS method=Check_MarkComparision.Minimum_PassPercentages_IndividualSubject()[pri:3, instance:com.minimizedScenariosExtentReport.Check_MarkComparision@33990a0c] output={null}]]]>
              </value>
            </param>
          </params>
          <reporter-output>
          </reporter-output>
        </test-method> <!-- tearDown -->
      </class> <!-- com.minimizedScenariosExtentReport.Check_MarkComparision -->
    </test> <!-- Check_MarkComparision -->
    <test name="ExamType" duration-ms="59548" started-at="2020-07-02T13:23:07 IST" finished-at="2020-07-02T13:24:07 IST">
      <class name="com.minimizedScenariosExtentReport.ExamType">
        <test-method status="PASS" signature="Setup()[pri:0, instance:com.minimizedScenariosExtentReport.ExamType@1e683a3e]" name="Setup" is-config="true" duration-ms="25804" started-at="2020-07-02T13:23:07 IST" finished-at="2020-07-02T13:23:33 IST">
          <reporter-output>
          </reporter-output>
        </test-method> <!-- Setup -->
        <test-method status="PASS" signature="ExamType_Annual()[pri:0, instance:com.minimizedScenariosExtentReport.ExamType@1e683a3e]" name="ExamType_Annual" duration-ms="840" started-at="2020-07-02T13:23:33 IST" finished-at="2020-07-02T13:23:34 IST">
          <reporter-output>
          </reporter-output>
        </test-method> <!-- ExamType_Annual -->
        <test-method status="PASS" signature="tearDown(org.testng.ITestResult)[pri:0, instance:com.minimizedScenariosExtentReport.ExamType@1e683a3e]" name="tearDown" is-config="true" duration-ms="0" started-at="2020-07-02T13:23:34 IST" finished-at="2020-07-02T13:23:34 IST">
          <params>
            <param index="0">
              <value>
                <![CDATA[[TestResult name=ExamType_Annual status=SUCCESS method=ExamType.ExamType_Annual()[pri:0, instance:com.minimizedScenariosExtentReport.ExamType@1e683a3e] output={null}]]]>
              </value>
            </param>
          </params>
          <reporter-output>
          </reporter-output>
        </test-method> <!-- tearDown -->
        <test-method status="PASS" signature="Examtype_Supplementary()[pri:1, instance:com.minimizedScenariosExtentReport.ExamType@1e683a3e]" name="Examtype_Supplementary" duration-ms="511" started-at="2020-07-02T13:23:34 IST" finished-at="2020-07-02T13:23:35 IST">
          <reporter-output>
          </reporter-output>
        </test-method> <!-- Examtype_Supplementary -->
        <test-method status="PASS" signature="tearDown(org.testng.ITestResult)[pri:0, instance:com.minimizedScenariosExtentReport.ExamType@1e683a3e]" name="tearDown" is-config="true" duration-ms="1" started-at="2020-07-02T13:23:35 IST" finished-at="2020-07-02T13:23:35 IST">
          <params>
            <param index="0">
              <value>
                <![CDATA[[TestResult name=Examtype_Supplementary status=SUCCESS method=ExamType.Examtype_Supplementary()[pri:1, instance:com.minimizedScenariosExtentReport.ExamType@1e683a3e] output={null}]]]>
              </value>
            </param>
          </params>
          <reporter-output>
          </reporter-output>
        </test-method> <!-- tearDown -->
        <test-method status="PASS" signature="ChildrenOfMatrys_Apply()[pri:2, instance:com.minimizedScenariosExtentReport.ExamType@1e683a3e]" name="ChildrenOfMatrys_Apply" duration-ms="31330" started-at="2020-07-02T13:23:35 IST" finished-at="2020-07-02T13:24:06 IST">
          <reporter-output>
          </reporter-output>
        </test-method> <!-- ChildrenOfMatrys_Apply -->
        <test-method status="PASS" signature="tearDown(org.testng.ITestResult)[pri:0, instance:com.minimizedScenariosExtentReport.ExamType@1e683a3e]" name="tearDown" is-config="true" duration-ms="0" started-at="2020-07-02T13:24:06 IST" finished-at="2020-07-02T13:24:06 IST">
          <params>
            <param index="0">
              <value>
                <![CDATA[[TestResult name=ChildrenOfMatrys_Apply status=SUCCESS method=ExamType.ChildrenOfMatrys_Apply()[pri:2, instance:com.minimizedScenariosExtentReport.ExamType@1e683a3e] output={null}]]]>
              </value>
            </param>
          </params>
          <reporter-output>
          </reporter-output>
        </test-method> <!-- tearDown -->
        <test-method status="PASS" signature="finish()[pri:0, instance:com.minimizedScenariosExtentReport.ExamType@1e683a3e]" name="finish" is-config="true" duration-ms="1058" started-at="2020-07-02T13:24:06 IST" finished-at="2020-07-02T13:24:07 IST">
          <reporter-output>
          </reporter-output>
        </test-method> <!-- finish -->
      </class> <!-- com.minimizedScenariosExtentReport.ExamType -->
    </test> <!-- ExamType -->
    <test name="Mark_Grade" duration-ms="25528" started-at="2020-07-02T13:24:07 IST" finished-at="2020-07-02T13:24:33 IST">
      <class name="com.minimizedScenariosExtentReport.Mark_Grade">
        <test-method status="PASS" signature="Setup()[pri:0, instance:com.minimizedScenariosExtentReport.Mark_Grade@483f6d77]" name="Setup" is-config="true" duration-ms="21475" started-at="2020-07-02T13:24:07 IST" finished-at="2020-07-02T13:24:29 IST">
          <reporter-output>
          </reporter-output>
        </test-method> <!-- Setup -->
        <test-method status="PASS" signature="Mark_Grade_BPEKerela()[pri:0, instance:com.minimizedScenariosExtentReport.Mark_Grade@483f6d77]" name="Mark_Grade_BPEKerela" duration-ms="984" started-at="2020-07-02T13:24:29 IST" finished-at="2020-07-02T13:24:30 IST">
          <reporter-output>
          </reporter-output>
        </test-method> <!-- Mark_Grade_BPEKerela -->
        <test-method status="PASS" signature="tearDown(org.testng.ITestResult)[pri:0, instance:com.minimizedScenariosExtentReport.Mark_Grade@483f6d77]" name="tearDown" is-config="true" duration-ms="0" started-at="2020-07-02T13:24:30 IST" finished-at="2020-07-02T13:24:30 IST">
          <params>
            <param index="0">
              <value>
                <![CDATA[[TestResult name=Mark_Grade_BPEKerela status=SUCCESS method=Mark_Grade.Mark_Grade_BPEKerela()[pri:0, instance:com.minimizedScenariosExtentReport.Mark_Grade@483f6d77] output={null}]]]>
              </value>
            </param>
          </params>
          <reporter-output>
          </reporter-output>
        </test-method> <!-- tearDown -->
        <test-method status="PASS" signature="Mark_Grade_BSEAndhrapradesh()[pri:1, instance:com.minimizedScenariosExtentReport.Mark_Grade@483f6d77]" name="Mark_Grade_BSEAndhrapradesh" duration-ms="832" started-at="2020-07-02T13:24:30 IST" finished-at="2020-07-02T13:24:30 IST">
          <reporter-output>
          </reporter-output>
        </test-method> <!-- Mark_Grade_BSEAndhrapradesh -->
        <test-method status="PASS" signature="tearDown(org.testng.ITestResult)[pri:0, instance:com.minimizedScenariosExtentReport.Mark_Grade@483f6d77]" name="tearDown" is-config="true" duration-ms="0" started-at="2020-07-02T13:24:30 IST" finished-at="2020-07-02T13:24:30 IST">
          <params>
            <param index="0">
              <value>
                <![CDATA[[TestResult name=Mark_Grade_BSEAndhrapradesh status=SUCCESS method=Mark_Grade.Mark_Grade_BSEAndhrapradesh()[pri:1, instance:com.minimizedScenariosExtentReport.Mark_Grade@483f6d77] output={null}]]]>
              </value>
            </param>
          </params>
          <reporter-output>
          </reporter-output>
        </test-method> <!-- tearDown -->
        <test-method status="PASS" signature="Mark_Grade_BSEboard()[pri:2, instance:com.minimizedScenariosExtentReport.Mark_Grade@483f6d77]" name="Mark_Grade_BSEboard" duration-ms="532" started-at="2020-07-02T13:24:30 IST" finished-at="2020-07-02T13:24:31 IST">
          <reporter-output>
          </reporter-output>
        </test-method> <!-- Mark_Grade_BSEboard -->
        <test-method status="PASS" signature="tearDown(org.testng.ITestResult)[pri:0, instance:com.minimizedScenariosExtentReport.Mark_Grade@483f6d77]" name="tearDown" is-config="true" duration-ms="0" started-at="2020-07-02T13:24:31 IST" finished-at="2020-07-02T13:24:31 IST">
          <params>
            <param index="0">
              <value>
                <![CDATA[[TestResult name=Mark_Grade_BSEboard status=SUCCESS method=Mark_Grade.Mark_Grade_BSEboard()[pri:2, instance:com.minimizedScenariosExtentReport.Mark_Grade@483f6d77] output={null}]]]>
              </value>
            </param>
          </params>
          <reporter-output>
          </reporter-output>
        </test-method> <!-- tearDown -->
        <test-method status="PASS" signature="Mark_Grade_CBSEBoard()[pri:3, instance:com.minimizedScenariosExtentReport.Mark_Grade@483f6d77]" name="Mark_Grade_CBSEBoard" duration-ms="500" started-at="2020-07-02T13:24:31 IST" finished-at="2020-07-02T13:24:31 IST">
          <reporter-output>
          </reporter-output>
        </test-method> <!-- Mark_Grade_CBSEBoard -->
        <test-method status="PASS" signature="finish()[pri:0, instance:com.minimizedScenariosExtentReport.Mark_Grade@483f6d77]" name="finish" is-config="true" duration-ms="1204" started-at="2020-07-02T13:24:31 IST" finished-at="2020-07-02T13:24:33 IST">
          <reporter-output>
          </reporter-output>
        </test-method> <!-- finish -->
        <test-method status="PASS" signature="tearDown(org.testng.ITestResult)[pri:0, instance:com.minimizedScenariosExtentReport.Mark_Grade@483f6d77]" name="tearDown" is-config="true" duration-ms="0" started-at="2020-07-02T13:24:31 IST" finished-at="2020-07-02T13:24:31 IST">
          <params>
            <param index="0">
              <value>
                <![CDATA[[TestResult name=Mark_Grade_CBSEBoard status=SUCCESS method=Mark_Grade.Mark_Grade_CBSEBoard()[pri:3, instance:com.minimizedScenariosExtentReport.Mark_Grade@483f6d77] output={null}]]]>
              </value>
            </param>
          </params>
          <reporter-output>
          </reporter-output>
        </test-method> <!-- tearDown -->
      </class> <!-- com.minimizedScenariosExtentReport.Mark_Grade -->
    </test> <!-- Mark_Grade -->
    <test name="OSACandidate_Apply" duration-ms="91182" started-at="2020-07-02T13:24:33 IST" finished-at="2020-07-02T13:26:04 IST">
      <class name="com.minimizedScenariosExtentReport.OSACandidate_Apply">
        <test-method status="PASS" signature="Setup()[pri:0, instance:com.minimizedScenariosExtentReport.OSACandidate_Apply@fa49800]" name="Setup" is-config="true" duration-ms="27676" started-at="2020-07-02T13:24:33 IST" finished-at="2020-07-02T13:25:00 IST">
          <reporter-output>
          </reporter-output>
        </test-method> <!-- Setup -->
        <test-method status="PASS" signature="OSACandidate_OdishaBoard_Apply()[pri:0, instance:com.minimizedScenariosExtentReport.OSACandidate_Apply@fa49800]" name="OSACandidate_OdishaBoard_Apply" duration-ms="30869" started-at="2020-07-02T13:25:00 IST" finished-at="2020-07-02T13:25:31 IST">
          <reporter-output>
          </reporter-output>
        </test-method> <!-- OSACandidate_OdishaBoard_Apply -->
        <test-method status="PASS" signature="tearDown(org.testng.ITestResult)[pri:0, instance:com.minimizedScenariosExtentReport.OSACandidate_Apply@fa49800]" name="tearDown" is-config="true" duration-ms="0" started-at="2020-07-02T13:25:31 IST" finished-at="2020-07-02T13:25:31 IST">
          <params>
            <param index="0">
              <value>
                <![CDATA[[TestResult name=OSACandidate_OdishaBoard_Apply status=SUCCESS method=OSACandidate_Apply.OSACandidate_OdishaBoard_Apply()[pri:0, instance:com.minimizedScenariosExtentReport.OSACandidate_Apply@fa49800] output={null}]]]>
              </value>
            </param>
          </params>
          <reporter-output>
          </reporter-output>
        </test-method> <!-- tearDown -->
        <test-method status="PASS" signature="OSACandidate_OtherBoard_Apply()[pri:1, instance:com.minimizedScenariosExtentReport.OSACandidate_Apply@fa49800]" name="OSACandidate_OtherBoard_Apply" duration-ms="31441" started-at="2020-07-02T13:25:31 IST" finished-at="2020-07-02T13:26:03 IST">
          <reporter-output>
          </reporter-output>
        </test-method> <!-- OSACandidate_OtherBoard_Apply -->
        <test-method status="PASS" signature="tearDown(org.testng.ITestResult)[pri:0, instance:com.minimizedScenariosExtentReport.OSACandidate_Apply@fa49800]" name="tearDown" is-config="true" duration-ms="0" started-at="2020-07-02T13:26:03 IST" finished-at="2020-07-02T13:26:03 IST">
          <params>
            <param index="0">
              <value>
                <![CDATA[[TestResult name=OSACandidate_OtherBoard_Apply status=SUCCESS method=OSACandidate_Apply.OSACandidate_OtherBoard_Apply()[pri:1, instance:com.minimizedScenariosExtentReport.OSACandidate_Apply@fa49800] output={null}]]]>
              </value>
            </param>
          </params>
          <reporter-output>
          </reporter-output>
        </test-method> <!-- tearDown -->
        <test-method status="PASS" signature="finish()[pri:0, instance:com.minimizedScenariosExtentReport.OSACandidate_Apply@fa49800]" name="finish" is-config="true" duration-ms="1192" started-at="2020-07-02T13:26:03 IST" finished-at="2020-07-02T13:26:04 IST">
          <reporter-output>
          </reporter-output>
        </test-method> <!-- finish -->
      </class> <!-- com.minimizedScenariosExtentReport.OSACandidate_Apply -->
    </test> <!-- OSACandidate_Apply -->
    <test name="VerifyFeespayment" duration-ms="87973" started-at="2020-07-02T13:26:04 IST" finished-at="2020-07-02T13:27:32 IST">
      <class name="com.minimizedScenariosExtentReport.VerifyFeespayment">
        <test-method status="PASS" signature="Setup()[pri:0, instance:com.minimizedScenariosExtentReport.VerifyFeespayment@71def8f8]" name="Setup" is-config="true" duration-ms="27352" started-at="2020-07-02T13:26:04 IST" finished-at="2020-07-02T13:26:31 IST">
          <reporter-output>
          </reporter-output>
        </test-method> <!-- Setup -->
        <test-method status="PASS" signature="VerifyTransgender_Feespayment()[pri:0, instance:com.minimizedScenariosExtentReport.VerifyFeespayment@71def8f8]" name="VerifyTransgender_Feespayment" duration-ms="14052" started-at="2020-07-02T13:26:31 IST" finished-at="2020-07-02T13:26:45 IST">
          <reporter-output>
          </reporter-output>
        </test-method> <!-- VerifyTransgender_Feespayment -->
        <test-method status="PASS" signature="VerifyORPHAN_Feespayment()[pri:1, instance:com.minimizedScenariosExtentReport.VerifyFeespayment@71def8f8]" name="VerifyORPHAN_Feespayment" duration-ms="16506" started-at="2020-07-02T13:26:45 IST" finished-at="2020-07-02T13:27:02 IST">
          <reporter-output>
          </reporter-output>
        </test-method> <!-- VerifyORPHAN_Feespayment -->
        <test-method status="PASS" signature="tearDown(org.testng.ITestResult)[pri:0, instance:com.minimizedScenariosExtentReport.VerifyFeespayment@71def8f8]" name="tearDown" is-config="true" duration-ms="0" started-at="2020-07-02T13:26:45 IST" finished-at="2020-07-02T13:26:45 IST">
          <params>
            <param index="0">
              <value>
                <![CDATA[[TestResult name=VerifyTransgender_Feespayment status=SUCCESS method=VerifyFeespayment.VerifyTransgender_Feespayment()[pri:0, instance:com.minimizedScenariosExtentReport.VerifyFeespayment@71def8f8] output={null}]]]>
              </value>
            </param>
          </params>
          <reporter-output>
          </reporter-output>
        </test-method> <!-- tearDown -->
        <test-method status="PASS" signature="tearDown(org.testng.ITestResult)[pri:0, instance:com.minimizedScenariosExtentReport.VerifyFeespayment@71def8f8]" name="tearDown" is-config="true" duration-ms="0" started-at="2020-07-02T13:27:02 IST" finished-at="2020-07-02T13:27:02 IST">
          <params>
            <param index="0">
              <value>
                <![CDATA[[TestResult name=VerifyORPHAN_Feespayment status=SUCCESS method=VerifyFeespayment.VerifyORPHAN_Feespayment()[pri:1, instance:com.minimizedScenariosExtentReport.VerifyFeespayment@71def8f8] output={null}]]]>
              </value>
            </param>
          </params>
          <reporter-output>
          </reporter-output>
        </test-method> <!-- tearDown -->
        <test-method status="PASS" signature="VerifyST_Feespayment()[pri:2, instance:com.minimizedScenariosExtentReport.VerifyFeespayment@71def8f8]" name="VerifyST_Feespayment" duration-ms="12405" started-at="2020-07-02T13:27:02 IST" finished-at="2020-07-02T13:27:14 IST">
          <reporter-output>
          </reporter-output>
        </test-method> <!-- VerifyST_Feespayment -->
        <test-method status="PASS" signature="tearDown(org.testng.ITestResult)[pri:0, instance:com.minimizedScenariosExtentReport.VerifyFeespayment@71def8f8]" name="tearDown" is-config="true" duration-ms="0" started-at="2020-07-02T13:27:14 IST" finished-at="2020-07-02T13:27:14 IST">
          <params>
            <param index="0">
              <value>
                <![CDATA[[TestResult name=VerifyST_Feespayment status=SUCCESS method=VerifyFeespayment.VerifyST_Feespayment()[pri:2, instance:com.minimizedScenariosExtentReport.VerifyFeespayment@71def8f8] output={null}]]]>
              </value>
            </param>
          </params>
          <reporter-output>
          </reporter-output>
        </test-method> <!-- tearDown -->
        <test-method status="PASS" signature="VerifySC_Feespayment()[pri:3, instance:com.minimizedScenariosExtentReport.VerifyFeespayment@71def8f8]" name="VerifySC_Feespayment" duration-ms="2262" started-at="2020-07-02T13:27:14 IST" finished-at="2020-07-02T13:27:17 IST">
          <reporter-output>
          </reporter-output>
        </test-method> <!-- VerifySC_Feespayment -->
        <test-method status="PASS" signature="VerifyOBC_Feespayment()[pri:4, instance:com.minimizedScenariosExtentReport.VerifyFeespayment@71def8f8]" name="VerifyOBC_Feespayment" duration-ms="2245" started-at="2020-07-02T13:27:17 IST" finished-at="2020-07-02T13:27:19 IST">
          <reporter-output>
          </reporter-output>
        </test-method> <!-- VerifyOBC_Feespayment -->
        <test-method status="PASS" signature="tearDown(org.testng.ITestResult)[pri:0, instance:com.minimizedScenariosExtentReport.VerifyFeespayment@71def8f8]" name="tearDown" is-config="true" duration-ms="0" started-at="2020-07-02T13:27:17 IST" finished-at="2020-07-02T13:27:17 IST">
          <params>
            <param index="0">
              <value>
                <![CDATA[[TestResult name=VerifySC_Feespayment status=SUCCESS method=VerifyFeespayment.VerifySC_Feespayment()[pri:3, instance:com.minimizedScenariosExtentReport.VerifyFeespayment@71def8f8] output={null}]]]>
              </value>
            </param>
          </params>
          <reporter-output>
          </reporter-output>
        </test-method> <!-- tearDown -->
        <test-method status="PASS" signature="tearDown(org.testng.ITestResult)[pri:0, instance:com.minimizedScenariosExtentReport.VerifyFeespayment@71def8f8]" name="tearDown" is-config="true" duration-ms="0" started-at="2020-07-02T13:27:19 IST" finished-at="2020-07-02T13:27:19 IST">
          <params>
            <param index="0">
              <value>
                <![CDATA[[TestResult name=VerifyOBC_Feespayment status=SUCCESS method=VerifyFeespayment.VerifyOBC_Feespayment()[pri:4, instance:com.minimizedScenariosExtentReport.VerifyFeespayment@71def8f8] output={null}]]]>
              </value>
            </param>
          </params>
          <reporter-output>
          </reporter-output>
        </test-method> <!-- tearDown -->
        <test-method status="PASS" signature="Verify_SEBC_Feespayment()[pri:5, instance:com.minimizedScenariosExtentReport.VerifyFeespayment@71def8f8]" name="Verify_SEBC_Feespayment" duration-ms="2231" started-at="2020-07-02T13:27:19 IST" finished-at="2020-07-02T13:27:21 IST">
          <reporter-output>
          </reporter-output>
        </test-method> <!-- Verify_SEBC_Feespayment -->
        <test-method status="PASS" signature="VerifyGeneral_Feespayment()[pri:6, instance:com.minimizedScenariosExtentReport.VerifyFeespayment@71def8f8]" name="VerifyGeneral_Feespayment" duration-ms="2247" started-at="2020-07-02T13:27:21 IST" finished-at="2020-07-02T13:27:23 IST">
          <reporter-output>
          </reporter-output>
        </test-method> <!-- VerifyGeneral_Feespayment -->
        <test-method status="PASS" signature="tearDown(org.testng.ITestResult)[pri:0, instance:com.minimizedScenariosExtentReport.VerifyFeespayment@71def8f8]" name="tearDown" is-config="true" duration-ms="0" started-at="2020-07-02T13:27:21 IST" finished-at="2020-07-02T13:27:21 IST">
          <params>
            <param index="0">
              <value>
                <![CDATA[[TestResult name=Verify_SEBC_Feespayment status=SUCCESS method=VerifyFeespayment.Verify_SEBC_Feespayment()[pri:5, instance:com.minimizedScenariosExtentReport.VerifyFeespayment@71def8f8] output={null}]]]>
              </value>
            </param>
          </params>
          <reporter-output>
          </reporter-output>
        </test-method> <!-- tearDown -->
        <test-method status="PASS" signature="tearDown(org.testng.ITestResult)[pri:0, instance:com.minimizedScenariosExtentReport.VerifyFeespayment@71def8f8]" name="tearDown" is-config="true" duration-ms="0" started-at="2020-07-02T13:27:23 IST" finished-at="2020-07-02T13:27:23 IST">
          <params>
            <param index="0">
              <value>
                <![CDATA[[TestResult name=VerifyGeneral_Feespayment status=SUCCESS method=VerifyFeespayment.VerifyGeneral_Feespayment()[pri:6, instance:com.minimizedScenariosExtentReport.VerifyFeespayment@71def8f8] output={null}]]]>
              </value>
            </param>
          </params>
          <reporter-output>
          </reporter-output>
        </test-method> <!-- tearDown -->
        <test-method status="PASS" signature="VerifyPWD_Feespayment()[pri:7, instance:com.minimizedScenariosExtentReport.VerifyFeespayment@71def8f8]" name="VerifyPWD_Feespayment" duration-ms="6362" started-at="2020-07-02T13:27:23 IST" finished-at="2020-07-02T13:27:30 IST">
          <reporter-output>
          </reporter-output>
        </test-method> <!-- VerifyPWD_Feespayment -->
        <test-method status="PASS" signature="tearDown(org.testng.ITestResult)[pri:0, instance:com.minimizedScenariosExtentReport.VerifyFeespayment@71def8f8]" name="tearDown" is-config="true" duration-ms="0" started-at="2020-07-02T13:27:30 IST" finished-at="2020-07-02T13:27:30 IST">
          <params>
            <param index="0">
              <value>
                <![CDATA[[TestResult name=VerifyPWD_Feespayment status=SUCCESS method=VerifyFeespayment.VerifyPWD_Feespayment()[pri:7, instance:com.minimizedScenariosExtentReport.VerifyFeespayment@71def8f8] output={null}]]]>
              </value>
            </param>
          </params>
          <reporter-output>
          </reporter-output>
        </test-method> <!-- tearDown -->
        <test-method status="PASS" signature="ExServiceman_Apply()[pri:8, instance:com.minimizedScenariosExtentReport.VerifyFeespayment@71def8f8]" name="ExServiceman_Apply" duration-ms="481" started-at="2020-07-02T13:27:30 IST" finished-at="2020-07-02T13:27:30 IST">
          <reporter-output>
          </reporter-output>
        </test-method> <!-- ExServiceman_Apply -->
        <test-method status="PASS" signature="tearDown(org.testng.ITestResult)[pri:0, instance:com.minimizedScenariosExtentReport.VerifyFeespayment@71def8f8]" name="tearDown" is-config="true" duration-ms="1" started-at="2020-07-02T13:27:30 IST" finished-at="2020-07-02T13:27:30 IST">
          <params>
            <param index="0">
              <value>
                <![CDATA[[TestResult name=ExServiceman_Apply status=SUCCESS method=VerifyFeespayment.ExServiceman_Apply()[pri:8, instance:com.minimizedScenariosExtentReport.VerifyFeespayment@71def8f8] output={null}]]]>
              </value>
            </param>
          </params>
          <reporter-output>
          </reporter-output>
        </test-method> <!-- tearDown -->
        <test-method status="PASS" signature="SDP_Apply()[pri:9, instance:com.minimizedScenariosExtentReport.VerifyFeespayment@71def8f8]" name="SDP_Apply" duration-ms="426" started-at="2020-07-02T13:27:30 IST" finished-at="2020-07-02T13:27:31 IST">
          <reporter-output>
          </reporter-output>
        </test-method> <!-- SDP_Apply -->
        <test-method status="PASS" signature="tearDown(org.testng.ITestResult)[pri:0, instance:com.minimizedScenariosExtentReport.VerifyFeespayment@71def8f8]" name="tearDown" is-config="true" duration-ms="1" started-at="2020-07-02T13:27:31 IST" finished-at="2020-07-02T13:27:31 IST">
          <params>
            <param index="0">
              <value>
                <![CDATA[[TestResult name=SDP_Apply status=SUCCESS method=VerifyFeespayment.SDP_Apply()[pri:9, instance:com.minimizedScenariosExtentReport.VerifyFeespayment@71def8f8] output={null}]]]>
              </value>
            </param>
          </params>
          <reporter-output>
          </reporter-output>
        </test-method> <!-- tearDown -->
        <test-method status="PASS" signature="finish()[pri:0, instance:com.minimizedScenariosExtentReport.VerifyFeespayment@71def8f8]" name="finish" is-config="true" duration-ms="1400" started-at="2020-07-02T13:27:31 IST" finished-at="2020-07-02T13:27:32 IST">
          <reporter-output>
          </reporter-output>
        </test-method> <!-- finish -->
      </class> <!-- com.minimizedScenariosExtentReport.VerifyFeespayment -->
    </test> <!-- VerifyFeespayment -->
    <test name="AutoValidation" duration-ms="36861" started-at="2020-07-02T13:27:32 IST" finished-at="2020-07-02T13:28:09 IST">
      <class name="com.minimizedScenariosExtentReport.AutoValidation">
        <test-method status="PASS" signature="Setup()[pri:0, instance:com.minimizedScenariosExtentReport.AutoValidation@6da21078]" name="Setup" is-config="true" duration-ms="47" started-at="2020-07-02T13:27:32 IST" finished-at="2020-07-02T13:27:32 IST">
          <reporter-output>
          </reporter-output>
        </test-method> <!-- Setup -->
        <test-method status="PASS" signature="Verify10throllno_autovalidation_nonodishaboard()[pri:0, instance:com.minimizedScenariosExtentReport.AutoValidation@6da21078]" name="Verify10throllno_autovalidation_nonodishaboard" duration-ms="30863" started-at="2020-07-02T13:27:32 IST" finished-at="2020-07-02T13:28:03 IST">
          <reporter-output>
          </reporter-output>
        </test-method> <!-- Verify10throllno_autovalidation_nonodishaboard -->
        <test-method status="PASS" signature="VerifyTenthrollno_autovalidation_before2013()[pri:1, instance:com.minimizedScenariosExtentReport.AutoValidation@6da21078]" name="VerifyTenthrollno_autovalidation_before2013" duration-ms="1166" started-at="2020-07-02T13:28:03 IST" finished-at="2020-07-02T13:28:04 IST">
          <reporter-output>
          </reporter-output>
        </test-method> <!-- VerifyTenthrollno_autovalidation_before2013 -->
        <test-method status="PASS" signature="tearDown(org.testng.ITestResult)[pri:0, instance:com.minimizedScenariosExtentReport.AutoValidation@6da21078]" name="tearDown" is-config="true" duration-ms="0" started-at="2020-07-02T13:28:03 IST" finished-at="2020-07-02T13:28:03 IST">
          <params>
            <param index="0">
              <value>
                <![CDATA[[TestResult name=Verify10throllno_autovalidation_nonodishaboard status=SUCCESS method=AutoValidation.Verify10throllno_autovalidation_nonodishaboard()[pri:0, instance:com.minimizedScenariosExtentReport.AutoValidation@6da21078] output={null}]]]>
              </value>
            </param>
          </params>
          <reporter-output>
          </reporter-output>
        </test-method> <!-- tearDown -->
        <test-method status="PASS" signature="tearDown(org.testng.ITestResult)[pri:0, instance:com.minimizedScenariosExtentReport.AutoValidation@6da21078]" name="tearDown" is-config="true" duration-ms="0" started-at="2020-07-02T13:28:04 IST" finished-at="2020-07-02T13:28:04 IST">
          <params>
            <param index="0">
              <value>
                <![CDATA[[TestResult name=VerifyTenthrollno_autovalidation_before2013 status=SUCCESS method=AutoValidation.VerifyTenthrollno_autovalidation_before2013()[pri:1, instance:com.minimizedScenariosExtentReport.AutoValidation@6da21078] output={null}]]]>
              </value>
            </param>
          </params>
          <reporter-output>
          </reporter-output>
        </test-method> <!-- tearDown -->
        <test-method status="PASS" signature="VerifyTenththrollno_autovalidation()[pri:2, instance:com.minimizedScenariosExtentReport.AutoValidation@6da21078]" name="VerifyTenththrollno_autovalidation" duration-ms="3721" started-at="2020-07-02T13:28:04 IST" finished-at="2020-07-02T13:28:08 IST">
          <reporter-output>
          </reporter-output>
        </test-method> <!-- VerifyTenththrollno_autovalidation -->
        <test-method status="PASS" signature="tearDown(org.testng.ITestResult)[pri:0, instance:com.minimizedScenariosExtentReport.AutoValidation@6da21078]" name="tearDown" is-config="true" duration-ms="0" started-at="2020-07-02T13:28:08 IST" finished-at="2020-07-02T13:28:08 IST">
          <params>
            <param index="0">
              <value>
                <![CDATA[[TestResult name=VerifyTenththrollno_autovalidation status=SUCCESS method=AutoValidation.VerifyTenththrollno_autovalidation()[pri:2, instance:com.minimizedScenariosExtentReport.AutoValidation@6da21078] output={null}]]]>
              </value>
            </param>
          </params>
          <reporter-output>
          </reporter-output>
        </test-method> <!-- tearDown -->
        <test-method status="PASS" signature="finish()[pri:0, instance:com.minimizedScenariosExtentReport.AutoValidation@6da21078]" name="finish" is-config="true" duration-ms="1064" started-at="2020-07-02T13:28:08 IST" finished-at="2020-07-02T13:28:09 IST">
          <reporter-output>
          </reporter-output>
        </test-method> <!-- finish -->
      </class> <!-- com.minimizedScenariosExtentReport.AutoValidation -->
    </test> <!-- AutoValidation -->
  </suite> <!-- Suite -->
</testng-results>
