<?xml version="1.0" encoding="UTF-8"?>
<!-- Generated by org.testng.reporters.JUnitReportReporter -->
<testsuite skipped="0" hostname="CSMBHUL251" name="FieldText.VerifyChar" tests="43" failures="0" timestamp="2020-07-14T18:14:23 IST" time="379.112" errors="2">
  <testcase name="AlphabetsAllowForApplicantName" time="55.410" classname="FieldText.VerifyChar"/>
  <system-out/>
  <testcase name="AlphabetsAllowFoeFatherName" time="3.552" classname="FieldText.VerifyChar"/>
  <system-out/>
  <testcase name="AlphabetsAllowForMotherName" time="3.543" classname="FieldText.VerifyChar"/>
  <system-out/>
  <testcase name="AlphabetsNotAllowForAadharNumber" time="1.677" classname="FieldText.VerifyChar">
    <error type="java.lang.NullPointerException">
      <![CDATA[java.lang.NullPointerException
at FieldText.VerifyChar.AlphabetsNotAllowForAadharNumber(VerifyChar.java:258)
at sun.reflect.NativeMethodAccessorImpl.invoke0(Native Method)
at sun.reflect.NativeMethodAccessorImpl.invoke(Unknown Source)
at sun.reflect.DelegatingMethodAccessorImpl.invoke(Unknown Source)
at java.lang.reflect.Method.invoke(Unknown Source)
at org.testng.internal.MethodInvocationHelper.invokeMethod(MethodInvocationHelper.java:135)
at org.testng.internal.TestInvoker.invokeMethod(TestInvoker.java:598)
at org.testng.internal.TestInvoker.invokeTestMethod(TestInvoker.java:174)
at org.testng.internal.MethodRunner.runInSequence(MethodRunner.java:46)
at org.testng.internal.TestInvoker$MethodInvocationAgent.invoke(TestInvoker.java:821)
at org.testng.internal.TestInvoker.invokeTestMethods(TestInvoker.java:147)
at org.testng.internal.TestMethodWorker.invokeTestMethods(TestMethodWorker.java:146)
at org.testng.internal.TestMethodWorker.run(TestMethodWorker.java:128)
at java.util.ArrayList.forEach(Unknown Source)
at org.testng.TestRunner.privateRun(TestRunner.java:767)
at org.testng.TestRunner.run(TestRunner.java:588)
at org.testng.SuiteRunner.runTest(SuiteRunner.java:384)
at org.testng.SuiteRunner.runSequentially(SuiteRunner.java:378)
at org.testng.SuiteRunner.privateRun(SuiteRunner.java:337)
at org.testng.SuiteRunner.run(SuiteRunner.java:286)
at org.testng.SuiteRunnerWorker.runSuite(SuiteRunnerWorker.java:53)
at org.testng.SuiteRunnerWorker.run(SuiteRunnerWorker.java:96)
at org.testng.TestNG.runSuitesSequentially(TestNG.java:1214)
at org.testng.TestNG.runSuitesLocally(TestNG.java:1136)
at org.testng.TestNG.runSuites(TestNG.java:1066)
at org.testng.TestNG.run(TestNG.java:1034)
at org.testng.remote.AbstractRemoteTestNG.run(AbstractRemoteTestNG.java:115)
at org.testng.remote.RemoteTestNG.initAndRun(RemoteTestNG.java:251)
at org.testng.remote.RemoteTestNG.main(RemoteTestNG.java:77)
]]>
    </error>
  </testcase> <!-- AlphabetsNotAllowForAadharNumber -->
  <system-out/>
  <testcase name="AlphabetsNotAllowForMobileNo" time="0.640" classname="FieldText.VerifyChar">
    <error type="org.openqa.selenium.UnhandledAlertException" message="unexpected alert open: {Alert text : Invalid Aadhaar number}
  (Session info: chrome=83.0.4103.116): Invalid Aadhaar number
Build info: version: &#039;3.141.59&#039;, revision: &#039;e82be7d358&#039;, time: &#039;2018-11-14T08:17:03&#039;
System info: host: &#039;CSMBHUL251&#039;, ip: &#039;10.0.75.1&#039;, os.name: &#039;Windows 10&#039;, os.arch: &#039;amd64&#039;, os.version: &#039;10.0&#039;, java.version: &#039;1.8.0_181&#039;
Driver info: org.openqa.selenium.chrome.ChromeDriver
Capabilities {acceptInsecureCerts: false, browserName: chrome, browserVersion: 83.0.4103.116, chrome: {chromedriverVersion: 83.0.4103.39 (ccbf011cb2d2b..., userDataDir: C:\Users\SATYAR~1.M\AppData...}, goog:chromeOptions: {debuggerAddress: localhost:53727}, javascriptEnabled: true, networkConnectionEnabled: false, pageLoadStrategy: normal, platform: WINDOWS, platformName: WINDOWS, proxy: Proxy(), setWindowRect: true, strictFileInteractability: false, timeouts: {implicit: 0, pageLoad: 300000, script: 30000}, unhandledPromptBehavior: dismiss and notify, webauthn:virtualAuthenticators: true}
Session ID: 738f6b28e78d78a0a02c9eb6b7873896
*** Element info: {Using=id, value=txtParentMob}">
      <![CDATA[org.openqa.selenium.UnhandledAlertException: unexpected alert open: {Alert text : Invalid Aadhaar number}
  (Session info: chrome=83.0.4103.116): Invalid Aadhaar number
Build info: version: '3.141.59', revision: 'e82be7d358', time: '2018-11-14T08:17:03'
System info: host: 'CSMBHUL251', ip: '10.0.75.1', os.name: 'Windows 10', os.arch: 'amd64', os.version: '10.0', java.version: '1.8.0_181'
Driver info: org.openqa.selenium.chrome.ChromeDriver
Capabilities {acceptInsecureCerts: false, browserName: chrome, browserVersion: 83.0.4103.116, chrome: {chromedriverVersion: 83.0.4103.39 (ccbf011cb2d2b..., userDataDir: C:\Users\SATYAR~1.M\AppData...}, goog:chromeOptions: {debuggerAddress: localhost:53727}, javascriptEnabled: true, networkConnectionEnabled: false, pageLoadStrategy: normal, platform: WINDOWS, platformName: WINDOWS, proxy: Proxy(), setWindowRect: true, strictFileInteractability: false, timeouts: {implicit: 0, pageLoad: 300000, script: 30000}, unhandledPromptBehavior: dismiss and notify, webauthn:virtualAuthenticators: true}
Session ID: 738f6b28e78d78a0a02c9eb6b7873896
*** Element info: {Using=id, value=txtParentMob}
at org.openqa.selenium.remote.http.W3CHttpResponseCodec.decode(W3CHttpResponseCodec.java:120)
at org.openqa.selenium.remote.http.W3CHttpResponseCodec.decode(W3CHttpResponseCodec.java:49)
at org.openqa.selenium.remote.HttpCommandExecutor.execute(HttpCommandExecutor.java:158)
at org.openqa.selenium.remote.service.DriverCommandExecutor.execute(DriverCommandExecutor.java:83)
at org.openqa.selenium.remote.RemoteWebDriver.execute(RemoteWebDriver.java:552)
at org.openqa.selenium.remote.RemoteWebDriver.findElement(RemoteWebDriver.java:323)
at org.openqa.selenium.remote.RemoteWebDriver.findElementById(RemoteWebDriver.java:372)
at org.openqa.selenium.By$ById.findElement(By.java:188)
at org.openqa.selenium.remote.RemoteWebDriver.findElement(RemoteWebDriver.java:315)
at Genericlib.CommonFunction.enterText(CommonFunction.java:98)
at FieldText.VerifyChar.AlphabetsNotAllowForMobileNo(VerifyChar.java:300)
at sun.reflect.NativeMethodAccessorImpl.invoke0(Native Method)
at sun.reflect.NativeMethodAccessorImpl.invoke(Unknown Source)
at sun.reflect.DelegatingMethodAccessorImpl.invoke(Unknown Source)
at java.lang.reflect.Method.invoke(Unknown Source)
at org.testng.internal.MethodInvocationHelper.invokeMethod(MethodInvocationHelper.java:135)
at org.testng.internal.TestInvoker.invokeMethod(TestInvoker.java:598)
at org.testng.internal.TestInvoker.invokeTestMethod(TestInvoker.java:174)
at org.testng.internal.MethodRunner.runInSequence(MethodRunner.java:46)
at org.testng.internal.TestInvoker$MethodInvocationAgent.invoke(TestInvoker.java:821)
at org.testng.internal.TestInvoker.invokeTestMethods(TestInvoker.java:147)
at org.testng.internal.TestMethodWorker.invokeTestMethods(TestMethodWorker.java:146)
at org.testng.internal.TestMethodWorker.run(TestMethodWorker.java:128)
at java.util.ArrayList.forEach(Unknown Source)
at org.testng.TestRunner.privateRun(TestRunner.java:767)
at org.testng.TestRunner.run(TestRunner.java:588)
at org.testng.SuiteRunner.runTest(SuiteRunner.java:384)
at org.testng.SuiteRunner.runSequentially(SuiteRunner.java:378)
at org.testng.SuiteRunner.privateRun(SuiteRunner.java:337)
at org.testng.SuiteRunner.run(SuiteRunner.java:286)
at org.testng.SuiteRunnerWorker.runSuite(SuiteRunnerWorker.java:53)
at org.testng.SuiteRunnerWorker.run(SuiteRunnerWorker.java:96)
at org.testng.TestNG.runSuitesSequentially(TestNG.java:1214)
at org.testng.TestNG.runSuitesLocally(TestNG.java:1136)
at org.testng.TestNG.runSuites(TestNG.java:1066)
at org.testng.TestNG.run(TestNG.java:1034)
at org.testng.remote.AbstractRemoteTestNG.run(AbstractRemoteTestNG.java:115)
at org.testng.remote.RemoteTestNG.initAndRun(RemoteTestNG.java:251)
at org.testng.remote.RemoteTestNG.main(RemoteTestNG.java:77)
]]>
    </error>
  </testcase> <!-- AlphabetsNotAllowForMobileNo -->
  <system-out/>
  <testcase name="AlphabetsNotAllowForPincode" time="3.245" classname="FieldText.VerifyChar"/>
  <system-out/>
  <testcase name="AlphabetsNotAllowForAreaCode" time="3.194" classname="FieldText.VerifyChar"/>
  <system-out/>
  <testcase name="AlphabetsNotAllowForPhoneNo" time="3.048" classname="FieldText.VerifyChar"/>
  <system-out/>
  <testcase name="AlphabetsNotAllowForMaximumMark" time="3.116" classname="FieldText.VerifyChar"/>
  <system-out/>
  <testcase name="AlphabetsNotAllowForSecuredMark" time="3.118" classname="FieldText.VerifyChar"/>
  <system-out/>
  <testcase name="AlphabetsNotAllowForEnglish" time="3.129" classname="FieldText.VerifyChar"/>
  <system-out/>
  <testcase name="AlphabetsNotAllowForMath" time="3.106" classname="FieldText.VerifyChar"/>
  <system-out/>
  <testcase name="AlphabetsNotAllowForScience" time="3.116" classname="FieldText.VerifyChar"/>
  <system-out/>
  <testcase name="AlphabetsNotAllowForSocialScience" time="3.036" classname="FieldText.VerifyChar"/>
  <system-out/>
  <testcase name="AlphabetsNotAllowForAccountNumber" time="3.982" classname="FieldText.VerifyChar"/>
  <system-out/>
  <testcase name="AlphabetsNotAllowForMICRCode" time="9.115" classname="FieldText.VerifyChar"/>
  <system-out/>
  <testcase name="AlphabetsAllowForBankName" time="9.879" classname="FieldText.VerifyChar"/>
  <system-out/>
  <testcase name="AlphabetsAllowForBranchName" time="9.741" classname="FieldText.VerifyChar"/>
  <system-out/>
  <testcase name="AlphabetsAllowForSchoolName" time="10.582" classname="FieldText.VerifyChar"/>
  <system-out/>
  <testcase name="AlphabetsAllowForSchoolLocation" time="10.610" classname="FieldText.VerifyChar"/>
  <system-out/>
  <testcase name="AlphabetsNotAllowForFailMark" time="10.460" classname="FieldText.VerifyChar"/>
  <system-out/>
  <testcase name="NumericAlloForFailMark" time="10.348" classname="FieldText.VerifyChar"/>
  <system-out/>
  <testcase name="NumericAlloForLoactionSchool" time="9.734" classname="FieldText.VerifyChar"/>
  <system-out/>
  <testcase name="NumericAlloForMaximumMark" time="10.123" classname="FieldText.VerifyChar"/>
  <system-out/>
  <testcase name="NumericAlloForSocialScience" time="10.120" classname="FieldText.VerifyChar"/>
  <system-out/>
  <testcase name="NumericNotAlloForMotherName" time="9.303" classname="FieldText.VerifyChar"/>
  <system-out/>
  <testcase name="AlphabetsNotAllowForPassMark" time="10.438" classname="FieldText.VerifyChar"/>
  <system-out/>
  <testcase name="NumericAlloForAccountNumber" time="10.541" classname="FieldText.VerifyChar"/>
  <system-out/>
  <testcase name="NumericNotAlloForApplicantName" time="9.264" classname="FieldText.VerifyChar"/>
  <system-out/>
  <testcase name="NumericAlloForBranchName" time="10.506" classname="FieldText.VerifyChar"/>
  <system-out/>
  <testcase name="NumericAlloForMICRCode" time="10.424" classname="FieldText.VerifyChar"/>
  <system-out/>
  <testcase name="NumericAlloForPassMark" time="10.070" classname="FieldText.VerifyChar"/>
  <system-out/>
  <testcase name="NumericNotAlloForFatherName" time="9.342" classname="FieldText.VerifyChar"/>
  <system-out/>
  <testcase name="NumericAlloForEnglish" time="10.239" classname="FieldText.VerifyChar"/>
  <system-out/>
  <testcase name="NumericAlloForSchoolName" time="9.808" classname="FieldText.VerifyChar"/>
  <system-out/>
  <testcase name="NumericAlloForPinCode" time="10.040" classname="FieldText.VerifyChar"/>
  <system-out/>
  <testcase name="NumericAlloForMobileNumber" time="10.166" classname="FieldText.VerifyChar"/>
  <system-out/>
  <testcase name="NumericAlloForScience" time="10.215" classname="FieldText.VerifyChar"/>
  <system-out/>
  <testcase name="NumericAlloForAadharNumber" time="10.685" classname="FieldText.VerifyChar"/>
  <system-out/>
  <testcase name="NumericAlloForPhoneNumber" time="10.140" classname="FieldText.VerifyChar"/>
  <system-out/>
  <testcase name="NumericAlloForSecuredMark" time="10.212" classname="FieldText.VerifyChar"/>
  <system-out/>
  <testcase name="NumericAlloForMath" time="10.062" classname="FieldText.VerifyChar"/>
  <system-out/>
  <testcase name="NumericAlloForAreaCode" time="10.033" classname="FieldText.VerifyChar"/>
  <system-out/>
</testsuite> <!-- FieldText.VerifyChar -->
