<?xml version="1.0" encoding="UTF-8"?>
<!-- Generated by org.testng.reporters.JUnitReportReporter -->
<testsuite skipped="0" hostname="CSMBHUL251" name="FieldText.VerifySpecialChar" tests="69" failures="0" timestamp="2020-07-14T18:14:23 IST" time="418.561" errors="3">
  <testcase name="SpecialCharNotAllowInitialPlaceForApplicantName" time="35.630" classname="FieldText.VerifySpecialChar"/>
  <system-out/>
  <testcase name="SpecialCharNotAllowLastPlaceForApplicantName" time="3.316" classname="FieldText.VerifySpecialChar"/>
  <system-out/>
  <testcase name="SpecialCharNotAllowMiddlePlaceForApplicantName" time="3.481" classname="FieldText.VerifySpecialChar"/>
  <system-out/>
  <testcase name="SpecialCharNotAllowInitialPlaceForFatherName" time="3.286" classname="FieldText.VerifySpecialChar"/>
  <system-out/>
  <testcase name="SpecialCharNotAllowLastPlaceForFatherName" time="3.315" classname="FieldText.VerifySpecialChar"/>
  <system-out/>
  <testcase name="SpecialCharNotAllowMiddlePlaceForFatherName" time="3.483" classname="FieldText.VerifySpecialChar"/>
  <system-out/>
  <testcase name="SpecialCharNotAllowInitialPlaceForMotherName" time="3.318" classname="FieldText.VerifySpecialChar"/>
  <system-out/>
  <testcase name="SpecialCharNotAllowLastPlaceForMotherName" time="3.367" classname="FieldText.VerifySpecialChar"/>
  <system-out/>
  <testcase name="SpecialCharNotAllowMiddlePlaceForMotherName" time="3.414" classname="FieldText.VerifySpecialChar"/>
  <system-out/>
  <testcase name="SpecialCharNotAllowInitialPlaceForAadharNumber" time="1.569" classname="FieldText.VerifySpecialChar">
    <error type="java.lang.NullPointerException">
      <![CDATA[java.lang.NullPointerException
at FieldText.VerifySpecialChar.SpecialCharNotAllowInitialPlaceForAadharNumber(VerifySpecialChar.java:483)
at sun.reflect.NativeMethodAccessorImpl.invoke0(Native Method)
at sun.reflect.NativeMethodAccessorImpl.invoke(Unknown Source)
at sun.reflect.DelegatingMethodAccessorImpl.invoke(Unknown Source)
at java.lang.reflect.Method.invoke(Unknown Source)
at org.testng.internal.MethodInvocationHelper.invokeMethod(MethodInvocationHelper.java:135)
at org.testng.internal.TestInvoker.invokeMethod(TestInvoker.java:598)
at org.testng.internal.TestInvoker.invokeTestMethod(TestInvoker.java:174)
at org.testng.internal.MethodRunner.runInSequence(MethodRunner.java:46)
at org.testng.internal.TestInvoker$MethodInvocationAgent.invoke(TestInvoker.java:821)
at org.testng.internal.TestInvoker.invokeTestMethods(TestInvoker.java:147)
at org.testng.internal.TestMethodWorker.invokeTestMethods(TestMethodWorker.java:146)
at org.testng.internal.TestMethodWorker.run(TestMethodWorker.java:128)
at java.util.ArrayList.forEach(Unknown Source)
at org.testng.TestRunner.privateRun(TestRunner.java:767)
at org.testng.TestRunner.run(TestRunner.java:588)
at org.testng.SuiteRunner.runTest(SuiteRunner.java:384)
at org.testng.SuiteRunner.runSequentially(SuiteRunner.java:378)
at org.testng.SuiteRunner.privateRun(SuiteRunner.java:337)
at org.testng.SuiteRunner.run(SuiteRunner.java:286)
at org.testng.SuiteRunnerWorker.runSuite(SuiteRunnerWorker.java:53)
at org.testng.SuiteRunnerWorker.run(SuiteRunnerWorker.java:96)
at org.testng.TestNG.runSuitesSequentially(TestNG.java:1214)
at org.testng.TestNG.runSuitesLocally(TestNG.java:1136)
at org.testng.TestNG.runSuites(TestNG.java:1066)
at org.testng.TestNG.run(TestNG.java:1034)
at org.testng.remote.AbstractRemoteTestNG.run(AbstractRemoteTestNG.java:115)
at org.testng.remote.RemoteTestNG.initAndRun(RemoteTestNG.java:251)
at org.testng.remote.RemoteTestNG.main(RemoteTestNG.java:77)
]]>
    </error>
  </testcase> <!-- SpecialCharNotAllowInitialPlaceForAadharNumber -->
  <system-out/>
  <testcase name="SpecialCharNotAllowLastPlaceForAadharNumber" time="0.307" classname="FieldText.VerifySpecialChar">
    <error type="org.openqa.selenium.UnhandledAlertException" message="unexpected alert open: {Alert text : Invalid Aadhaar number}
  (Session info: chrome=83.0.4103.116): Invalid Aadhaar number
Build info: version: &#039;3.141.59&#039;, revision: &#039;e82be7d358&#039;, time: &#039;2018-11-14T08:17:03&#039;
System info: host: &#039;CSMBHUL251&#039;, ip: &#039;10.0.75.1&#039;, os.name: &#039;Windows 10&#039;, os.arch: &#039;amd64&#039;, os.version: &#039;10.0&#039;, java.version: &#039;1.8.0_181&#039;
Driver info: org.openqa.selenium.chrome.ChromeDriver
Capabilities {acceptInsecureCerts: false, browserName: chrome, browserVersion: 83.0.4103.116, chrome: {chromedriverVersion: 83.0.4103.39 (ccbf011cb2d2b..., userDataDir: C:\Users\SATYAR~1.M\AppData...}, goog:chromeOptions: {debuggerAddress: localhost:54425}, javascriptEnabled: true, networkConnectionEnabled: false, pageLoadStrategy: normal, platform: WINDOWS, platformName: WINDOWS, proxy: Proxy(), setWindowRect: true, strictFileInteractability: false, timeouts: {implicit: 0, pageLoad: 300000, script: 30000}, unhandledPromptBehavior: dismiss and notify, webauthn:virtualAuthenticators: true}
Session ID: 115bf31c765e0abcaadcf2ce852f00d2
*** Element info: {Using=id, value=txtadhar}">
      <![CDATA[org.openqa.selenium.UnhandledAlertException: unexpected alert open: {Alert text : Invalid Aadhaar number}
  (Session info: chrome=83.0.4103.116): Invalid Aadhaar number
Build info: version: '3.141.59', revision: 'e82be7d358', time: '2018-11-14T08:17:03'
System info: host: 'CSMBHUL251', ip: '10.0.75.1', os.name: 'Windows 10', os.arch: 'amd64', os.version: '10.0', java.version: '1.8.0_181'
Driver info: org.openqa.selenium.chrome.ChromeDriver
Capabilities {acceptInsecureCerts: false, browserName: chrome, browserVersion: 83.0.4103.116, chrome: {chromedriverVersion: 83.0.4103.39 (ccbf011cb2d2b..., userDataDir: C:\Users\SATYAR~1.M\AppData...}, goog:chromeOptions: {debuggerAddress: localhost:54425}, javascriptEnabled: true, networkConnectionEnabled: false, pageLoadStrategy: normal, platform: WINDOWS, platformName: WINDOWS, proxy: Proxy(), setWindowRect: true, strictFileInteractability: false, timeouts: {implicit: 0, pageLoad: 300000, script: 30000}, unhandledPromptBehavior: dismiss and notify, webauthn:virtualAuthenticators: true}
Session ID: 115bf31c765e0abcaadcf2ce852f00d2
*** Element info: {Using=id, value=txtadhar}
at org.openqa.selenium.remote.http.W3CHttpResponseCodec.decode(W3CHttpResponseCodec.java:120)
at org.openqa.selenium.remote.http.W3CHttpResponseCodec.decode(W3CHttpResponseCodec.java:49)
at org.openqa.selenium.remote.HttpCommandExecutor.execute(HttpCommandExecutor.java:158)
at org.openqa.selenium.remote.service.DriverCommandExecutor.execute(DriverCommandExecutor.java:83)
at org.openqa.selenium.remote.RemoteWebDriver.execute(RemoteWebDriver.java:552)
at org.openqa.selenium.remote.RemoteWebDriver.findElement(RemoteWebDriver.java:323)
at org.openqa.selenium.remote.RemoteWebDriver.findElementById(RemoteWebDriver.java:372)
at org.openqa.selenium.By$ById.findElement(By.java:188)
at org.openqa.selenium.remote.RemoteWebDriver.findElement(RemoteWebDriver.java:315)
at Genericlib.CommonFunction.enterText(CommonFunction.java:98)
at FieldText.VerifySpecialChar.SpecialCharNotAllowLastPlaceForAadharNumber(VerifySpecialChar.java:524)
at sun.reflect.NativeMethodAccessorImpl.invoke0(Native Method)
at sun.reflect.NativeMethodAccessorImpl.invoke(Unknown Source)
at sun.reflect.DelegatingMethodAccessorImpl.invoke(Unknown Source)
at java.lang.reflect.Method.invoke(Unknown Source)
at org.testng.internal.MethodInvocationHelper.invokeMethod(MethodInvocationHelper.java:135)
at org.testng.internal.TestInvoker.invokeMethod(TestInvoker.java:598)
at org.testng.internal.TestInvoker.invokeTestMethod(TestInvoker.java:174)
at org.testng.internal.MethodRunner.runInSequence(MethodRunner.java:46)
at org.testng.internal.TestInvoker$MethodInvocationAgent.invoke(TestInvoker.java:821)
at org.testng.internal.TestInvoker.invokeTestMethods(TestInvoker.java:147)
at org.testng.internal.TestMethodWorker.invokeTestMethods(TestMethodWorker.java:146)
at org.testng.internal.TestMethodWorker.run(TestMethodWorker.java:128)
at java.util.ArrayList.forEach(Unknown Source)
at org.testng.TestRunner.privateRun(TestRunner.java:767)
at org.testng.TestRunner.run(TestRunner.java:588)
at org.testng.SuiteRunner.runTest(SuiteRunner.java:384)
at org.testng.SuiteRunner.runSequentially(SuiteRunner.java:378)
at org.testng.SuiteRunner.privateRun(SuiteRunner.java:337)
at org.testng.SuiteRunner.run(SuiteRunner.java:286)
at org.testng.SuiteRunnerWorker.runSuite(SuiteRunnerWorker.java:53)
at org.testng.SuiteRunnerWorker.run(SuiteRunnerWorker.java:96)
at org.testng.TestNG.runSuitesSequentially(TestNG.java:1214)
at org.testng.TestNG.runSuitesLocally(TestNG.java:1136)
at org.testng.TestNG.runSuites(TestNG.java:1066)
at org.testng.TestNG.run(TestNG.java:1034)
at org.testng.remote.AbstractRemoteTestNG.run(AbstractRemoteTestNG.java:115)
at org.testng.remote.RemoteTestNG.initAndRun(RemoteTestNG.java:251)
at org.testng.remote.RemoteTestNG.main(RemoteTestNG.java:77)
]]>
    </error>
  </testcase> <!-- SpecialCharNotAllowLastPlaceForAadharNumber -->
  <system-out/>
  <testcase name="SpecialCharNotAllowMiddlePlaceForAadharNumber" time="1.667" classname="FieldText.VerifySpecialChar">
    <error type="org.openqa.selenium.UnhandledAlertException" message="unexpected alert open: {Alert text : Invalid Aadhaar number}
  (Session info: chrome=83.0.4103.116): Invalid Aadhaar number
Build info: version: &#039;3.141.59&#039;, revision: &#039;e82be7d358&#039;, time: &#039;2018-11-14T08:17:03&#039;
System info: host: &#039;CSMBHUL251&#039;, ip: &#039;10.0.75.1&#039;, os.name: &#039;Windows 10&#039;, os.arch: &#039;amd64&#039;, os.version: &#039;10.0&#039;, java.version: &#039;1.8.0_181&#039;
Driver info: org.openqa.selenium.chrome.ChromeDriver
Capabilities {acceptInsecureCerts: false, browserName: chrome, browserVersion: 83.0.4103.116, chrome: {chromedriverVersion: 83.0.4103.39 (ccbf011cb2d2b..., userDataDir: C:\Users\SATYAR~1.M\AppData...}, goog:chromeOptions: {debuggerAddress: localhost:54425}, javascriptEnabled: true, networkConnectionEnabled: false, pageLoadStrategy: normal, platform: WINDOWS, platformName: WINDOWS, proxy: Proxy(), setWindowRect: true, strictFileInteractability: false, timeouts: {implicit: 0, pageLoad: 300000, script: 30000}, unhandledPromptBehavior: dismiss and notify, webauthn:virtualAuthenticators: true}
Session ID: 115bf31c765e0abcaadcf2ce852f00d2
*** Element info: {Using=id, value=popup_message}">
      <![CDATA[org.openqa.selenium.UnhandledAlertException: unexpected alert open: {Alert text : Invalid Aadhaar number}
  (Session info: chrome=83.0.4103.116): Invalid Aadhaar number
Build info: version: '3.141.59', revision: 'e82be7d358', time: '2018-11-14T08:17:03'
System info: host: 'CSMBHUL251', ip: '10.0.75.1', os.name: 'Windows 10', os.arch: 'amd64', os.version: '10.0', java.version: '1.8.0_181'
Driver info: org.openqa.selenium.chrome.ChromeDriver
Capabilities {acceptInsecureCerts: false, browserName: chrome, browserVersion: 83.0.4103.116, chrome: {chromedriverVersion: 83.0.4103.39 (ccbf011cb2d2b..., userDataDir: C:\Users\SATYAR~1.M\AppData...}, goog:chromeOptions: {debuggerAddress: localhost:54425}, javascriptEnabled: true, networkConnectionEnabled: false, pageLoadStrategy: normal, platform: WINDOWS, platformName: WINDOWS, proxy: Proxy(), setWindowRect: true, strictFileInteractability: false, timeouts: {implicit: 0, pageLoad: 300000, script: 30000}, unhandledPromptBehavior: dismiss and notify, webauthn:virtualAuthenticators: true}
Session ID: 115bf31c765e0abcaadcf2ce852f00d2
*** Element info: {Using=id, value=popup_message}
at org.openqa.selenium.remote.http.W3CHttpResponseCodec.decode(W3CHttpResponseCodec.java:120)
at org.openqa.selenium.remote.http.W3CHttpResponseCodec.decode(W3CHttpResponseCodec.java:49)
at org.openqa.selenium.remote.HttpCommandExecutor.execute(HttpCommandExecutor.java:158)
at org.openqa.selenium.remote.service.DriverCommandExecutor.execute(DriverCommandExecutor.java:83)
at org.openqa.selenium.remote.RemoteWebDriver.execute(RemoteWebDriver.java:552)
at org.openqa.selenium.remote.RemoteWebDriver.findElement(RemoteWebDriver.java:323)
at org.openqa.selenium.remote.RemoteWebDriver.findElementById(RemoteWebDriver.java:372)
at org.openqa.selenium.By$ById.findElement(By.java:188)
at org.openqa.selenium.remote.RemoteWebDriver.findElement(RemoteWebDriver.java:315)
at Genericlib.CommonFunction.grtpopup(CommonFunction.java:109)
at FieldText.VerifySpecialChar.SpecialCharNotAllowMiddlePlaceForAadharNumber(VerifySpecialChar.java:571)
at sun.reflect.NativeMethodAccessorImpl.invoke0(Native Method)
at sun.reflect.NativeMethodAccessorImpl.invoke(Unknown Source)
at sun.reflect.DelegatingMethodAccessorImpl.invoke(Unknown Source)
at java.lang.reflect.Method.invoke(Unknown Source)
at org.testng.internal.MethodInvocationHelper.invokeMethod(MethodInvocationHelper.java:135)
at org.testng.internal.TestInvoker.invokeMethod(TestInvoker.java:598)
at org.testng.internal.TestInvoker.invokeTestMethod(TestInvoker.java:174)
at org.testng.internal.MethodRunner.runInSequence(MethodRunner.java:46)
at org.testng.internal.TestInvoker$MethodInvocationAgent.invoke(TestInvoker.java:821)
at org.testng.internal.TestInvoker.invokeTestMethods(TestInvoker.java:147)
at org.testng.internal.TestMethodWorker.invokeTestMethods(TestMethodWorker.java:146)
at org.testng.internal.TestMethodWorker.run(TestMethodWorker.java:128)
at java.util.ArrayList.forEach(Unknown Source)
at org.testng.TestRunner.privateRun(TestRunner.java:767)
at org.testng.TestRunner.run(TestRunner.java:588)
at org.testng.SuiteRunner.runTest(SuiteRunner.java:384)
at org.testng.SuiteRunner.runSequentially(SuiteRunner.java:378)
at org.testng.SuiteRunner.privateRun(SuiteRunner.java:337)
at org.testng.SuiteRunner.run(SuiteRunner.java:286)
at org.testng.SuiteRunnerWorker.runSuite(SuiteRunnerWorker.java:53)
at org.testng.SuiteRunnerWorker.run(SuiteRunnerWorker.java:96)
at org.testng.TestNG.runSuitesSequentially(TestNG.java:1214)
at org.testng.TestNG.runSuitesLocally(TestNG.java:1136)
at org.testng.TestNG.runSuites(TestNG.java:1066)
at org.testng.TestNG.run(TestNG.java:1034)
at org.testng.remote.AbstractRemoteTestNG.run(AbstractRemoteTestNG.java:115)
at org.testng.remote.RemoteTestNG.initAndRun(RemoteTestNG.java:251)
at org.testng.remote.RemoteTestNG.main(RemoteTestNG.java:77)
]]>
    </error>
  </testcase> <!-- SpecialCharNotAllowMiddlePlaceForAadharNumber -->
  <system-out/>
  <testcase name="SpecialCharNotAllowInitialPlaceForMobileNo" time="3.171" classname="FieldText.VerifySpecialChar"/>
  <system-out/>
  <testcase name="SpecialCharNotAllowLastPlaceForMobileNo" time="3.152" classname="FieldText.VerifySpecialChar"/>
  <system-out/>
  <testcase name="SpecialCharNotAllowMiddlePlaceForMobileNo" time="3.165" classname="FieldText.VerifySpecialChar"/>
  <system-out/>
  <testcase name="SpecialCharNotAllowInitialPlaceForPinCode" time="3.152" classname="FieldText.VerifySpecialChar"/>
  <system-out/>
  <testcase name="SpecialCharNotAllowLastPlaceForPinCode" time="3.133" classname="FieldText.VerifySpecialChar"/>
  <system-out/>
  <testcase name="SpecialCharNotAllowMiddlePlaceForPinCode" time="3.184" classname="FieldText.VerifySpecialChar"/>
  <system-out/>
  <testcase name="SpecialCharNotAllowInitialPlaceForAreaCode" time="3.114" classname="FieldText.VerifySpecialChar"/>
  <system-out/>
  <testcase name="SpecialCharNotAllowLastPlaceForAreaCode" time="3.116" classname="FieldText.VerifySpecialChar"/>
  <system-out/>
  <testcase name="SpecialCharNotAllowMiddlePlaceForAreaCode" time="3.149" classname="FieldText.VerifySpecialChar"/>
  <system-out/>
  <testcase name="SpecialCharNotAllowInitialPlaceForPhoneNo" time="3.151" classname="FieldText.VerifySpecialChar"/>
  <system-out/>
  <testcase name="SpecialCharNotAllowLastPlaceForPhoneNo" time="3.102" classname="FieldText.VerifySpecialChar"/>
  <system-out/>
  <testcase name="SpecialCharNotAllowMiddlePlaceForPhoneNo" time="3.227" classname="FieldText.VerifySpecialChar"/>
  <system-out/>
  <testcase name="SpecialCharNotAllowInitialPlaceForMaximumMark" time="3.048" classname="FieldText.VerifySpecialChar"/>
  <system-out/>
  <testcase name="SpecialCharNotAllowLastPlaceForMaximumMark" time="3.132" classname="FieldText.VerifySpecialChar"/>
  <system-out/>
  <testcase name="SpecialCharNotAllowMiddlePlaceForMaximumMark" time="2.898" classname="FieldText.VerifySpecialChar"/>
  <system-out/>
  <testcase name="SpecialCharNotAllowInitialPlaceForSecuredMark" time="3.031" classname="FieldText.VerifySpecialChar"/>
  <system-out/>
  <testcase name="SpecialCharNotAllowLastPlaceForSecuredMark" time="2.953" classname="FieldText.VerifySpecialChar"/>
  <system-out/>
  <testcase name="SpecialCharNotAllowMiddlePlaceForSecuredMark" time="2.932" classname="FieldText.VerifySpecialChar"/>
  <system-out/>
  <testcase name="SpecialCharNotAllowInitialPlaceForEnglish" time="2.964" classname="FieldText.VerifySpecialChar"/>
  <system-out/>
  <testcase name="SpecialCharNotAllowLastPlaceForEnglish" time="3.098" classname="FieldText.VerifySpecialChar"/>
  <system-out/>
  <testcase name="SpecialCharNotAllowMiddlePlaceForEnglish" time="2.934" classname="FieldText.VerifySpecialChar"/>
  <system-out/>
  <testcase name="SpecialCharNotAllowInitialPlaceForMath" time="3.037" classname="FieldText.VerifySpecialChar"/>
  <system-out/>
  <testcase name="SpecialCharNotAllowLastPlaceForMath" time="2.960" classname="FieldText.VerifySpecialChar"/>
  <system-out/>
  <testcase name="SpecialCharNotAllowMiddlePlaceForMath" time="2.900" classname="FieldText.VerifySpecialChar"/>
  <system-out/>
  <testcase name="SpecialCharNotAllowInitialPlaceForScience" time="2.982" classname="FieldText.VerifySpecialChar"/>
  <system-out/>
  <testcase name="SpecialCharNotAllowLastPlaceForScience" time="2.982" classname="FieldText.VerifySpecialChar"/>
  <system-out/>
  <testcase name="SpecialCharNotAllowMiddlePlaceForScience" time="2.915" classname="FieldText.VerifySpecialChar"/>
  <system-out/>
  <testcase name="SpecialCharNotAllowInitialPlaceForSocialScience" time="3.046" classname="FieldText.VerifySpecialChar"/>
  <system-out/>
  <testcase name="SpecialCharNotAllowLastPlaceForSocialScience" time="2.951" classname="FieldText.VerifySpecialChar"/>
  <system-out/>
  <testcase name="SpecialCharNotAllowMiddlePlaceForSocialScience" time="3.000" classname="FieldText.VerifySpecialChar"/>
  <system-out/>
  <testcase name="SpecialCharNotAllowInitialPlaceForAccountNumber" time="4.067" classname="FieldText.VerifySpecialChar"/>
  <system-out/>
  <testcase name="SpecialCharNotAllowLastPlaceForAccountNumber" time="9.499" classname="FieldText.VerifySpecialChar"/>
  <system-out/>
  <testcase name="SpecialCharNotAllowMiddlePlaceForAccountNumber" time="9.446" classname="FieldText.VerifySpecialChar"/>
  <system-out/>
  <testcase name="SpecialCharNotAllowInitialPlaceForIFSCCode" time="9.535" classname="FieldText.VerifySpecialChar"/>
  <system-out/>
  <testcase name="SpecialCharNotAllowLastPlaceForIFSCCode" time="9.441" classname="FieldText.VerifySpecialChar"/>
  <system-out/>
  <testcase name="SpecialCharNotAllowMiddlePlaceForIFSCCode" time="9.623" classname="FieldText.VerifySpecialChar"/>
  <system-out/>
  <testcase name="SpecialCharNotAllowLastPlaceForMICRCode" time="9.033" classname="FieldText.VerifySpecialChar"/>
  <system-out/>
  <testcase name="SpecialCharNotAllowInitialPlaceForMICRCode" time="9.095" classname="FieldText.VerifySpecialChar"/>
  <system-out/>
  <testcase name="SpecialCharNotAllowMiddlePlaceForMICRCode" time="9.048" classname="FieldText.VerifySpecialChar"/>
  <system-out/>
  <testcase name="SpecialCharNotAllowInitialPlaceForBankName" time="9.936" classname="FieldText.VerifySpecialChar"/>
  <system-out/>
  <testcase name="SpecialCharNotAllowLastPlaceForBankName" time="9.840" classname="FieldText.VerifySpecialChar"/>
  <system-out/>
  <testcase name="SpecialCharNotAllowMiddlePlaceForBankName" time="9.956" classname="FieldText.VerifySpecialChar"/>
  <system-out/>
  <testcase name="SpecialCharNotAllowInitialPlaceForBranchName" time="9.800" classname="FieldText.VerifySpecialChar"/>
  <system-out/>
  <testcase name="SpecialCharNotAllowLastPlaceForBranchName" time="9.890" classname="FieldText.VerifySpecialChar"/>
  <system-out/>
  <testcase name="SpecialCharNotAllowMiddlePlaceForBranchName" time="10.098" classname="FieldText.VerifySpecialChar"/>
  <system-out/>
  <testcase name="SpecialCharNotAllowInitialPlaceForSchoolName" time="10.032" classname="FieldText.VerifySpecialChar"/>
  <system-out/>
  <testcase name="SpecialCharNotAllowLastPlaceForSchoolName" time="10.128" classname="FieldText.VerifySpecialChar"/>
  <system-out/>
  <testcase name="SpecialCharNotAllowMiddlePlaceForSchoolName" time="10.350" classname="FieldText.VerifySpecialChar"/>
  <system-out/>
  <testcase name="SpecialCharNotAllowInitialPlaceForSchoolLocation" time="9.937" classname="FieldText.VerifySpecialChar"/>
  <system-out/>
  <testcase name="SpecialCharNotAllowLastPlaceForSchoolLocation" time="10.098" classname="FieldText.VerifySpecialChar"/>
  <system-out/>
  <testcase name="SpecialCharNotAllowMiddlePlaceForSchoolLocation" time="10.360" classname="FieldText.VerifySpecialChar"/>
  <system-out/>
  <testcase name="SpecialCharNotAllowInitialPlaceForFailMark" time="10.348" classname="FieldText.VerifySpecialChar"/>
  <system-out/>
  <testcase name="SpecialCharNotAllowLastPlaceForFailMark" time="10.200" classname="FieldText.VerifySpecialChar"/>
  <system-out/>
  <testcase name="SpecialCharNotAllowMiddlePlaceForFailMark" time="10.246" classname="FieldText.VerifySpecialChar"/>
  <system-out/>
  <testcase name="SpecialCharNotAllowMiddlePlaceForPassMark" time="10.207" classname="FieldText.VerifySpecialChar"/>
  <system-out/>
  <testcase name="SpecialCharNotAllowLastPlaceForPassMark" time="10.371" classname="FieldText.VerifySpecialChar"/>
  <system-out/>
  <testcase name="SpecialCharNotAllowInitialPlaceForPassMark" time="10.245" classname="FieldText.VerifySpecialChar"/>
  <system-out/>
</testsuite> <!-- FieldText.VerifySpecialChar -->
